{"C:\\Users\\Petty\\WebstormProjects\\vue2-platform-ui\\src\\App.vue": {"path":"C:\\Users\\Petty\\WebstormProjects\\vue2-platform-ui\\src\\App.vue","statementMap":{"0":{"start":{"line":1,"column":1},"end":{"line":17,"column":4}},"1":{"start":{"line":4,"column":0},"end":{"line":6,"column":3}},"2":{"start":{"line":14,"column":0},"end":{"line":16,"column":2}},"3":{"start":{"line":18,"column":0},"end":{"line":18,"column":70}},"4":{"start":{"line":18,"column":31},"end":{"line":18,"column":70}},"5":{"start":{"line":19,"column":24},"end":{"line":19,"column":100}},"6":{"start":{"line":20,"column":0},"end":{"line":20,"column":169}},"7":{"start":{"line":20,"column":54},"end":{"line":20,"column":58}},"8":{"start":{"line":20,"column":66},"end":{"line":20,"column":84}},"9":{"start":{"line":20,"column":92},"end":{"line":20,"column":108}},"10":{"start":{"line":20,"column":109},"end":{"line":20,"column":168}},"11":{"start":{"line":21,"column":0},"end":{"line":21,"column":37}}},"fnMap":{"0":{"name":"(anonymous_0)","decl":{"start":{"line":1,"column":2},"end":{"line":1,"column":3}},"loc":{"start":{"line":1,"column":12},"end":{"line":17,"column":1}},"line":1},"1":{"name":"render","decl":{"start":{"line":20,"column":35},"end":{"line":20,"column":41}},"loc":{"start":{"line":20,"column":45},"end":{"line":20,"column":169}},"line":20}},"branchMap":{"0":{"loc":{"start":{"line":18,"column":0},"end":{"line":18,"column":70}},"type":"if","locations":[{"start":{"line":18,"column":0},"end":{"line":18,"column":70}},{"start":{"line":18,"column":0},"end":{"line":18,"column":70}}],"line":18},"1":{"loc":{"start":{"line":19,"column":24},"end":{"line":19,"column":100}},"type":"cond-expr","locations":[{"start":{"line":19,"column":62},"end":{"line":19,"column":84}},{"start":{"line":19,"column":86},"end":{"line":19,"column":100}}],"line":19},"2":{"loc":{"start":{"line":20,"column":92},"end":{"line":20,"column":108}},"type":"binary-expr","locations":[{"start":{"line":20,"column":92},"end":{"line":20,"column":104}},{"start":{"line":20,"column":106},"end":{"line":20,"column":108}}],"line":20}},"s":{"0":0,"1":0,"2":0,"3":0,"4":0,"5":0,"6":0,"7":0,"8":0,"9":0,"10":0,"11":0},"f":{"0":0,"1":0},"b":{"0":[0,0],"1":[0,0],"2":[0,0]}}
,"C:\\Users\\Petty\\WebstormProjects\\vue2-platform-ui\\src\\api\\api.js": {"path":"C:\\Users\\Petty\\WebstormProjects\\vue2-platform-ui\\src\\api\\api.js","statementMap":{"0":{"start":{"line":1,"column":13},"end":{"line":1,"column":75}},"1":{"start":{"line":1,"column":87},"end":{"line":1,"column":104}},"2":{"start":{"line":1,"column":118},"end":{"line":1,"column":147}},"3":{"start":{"line":1,"column":186},"end":{"line":1,"column":240}},"4":{"start":{"line":3,"column":14},"end":{"line":3,"column":74}},"5":{"start":{"line":3,"column":75},"end":{"line":57,"column":6}},"6":{"start":{"line":7,"column":14},"end":{"line":7,"column":76}},"7":{"start":{"line":8,"column":4},"end":{"line":8,"column":15}},"8":{"start":{"line":11,"column":14},"end":{"line":11,"column":58}},"9":{"start":{"line":12,"column":4},"end":{"line":12,"column":15}},"10":{"start":{"line":15,"column":14},"end":{"line":15,"column":58}},"11":{"start":{"line":16,"column":4},"end":{"line":16,"column":15}},"12":{"start":{"line":19,"column":14},"end":{"line":19,"column":58}},"13":{"start":{"line":20,"column":4},"end":{"line":20,"column":15}},"14":{"start":{"line":23,"column":14},"end":{"line":23,"column":73}},"15":{"start":{"line":24,"column":4},"end":{"line":24,"column":15}},"16":{"start":{"line":27,"column":14},"end":{"line":27,"column":73}},"17":{"start":{"line":28,"column":4},"end":{"line":28,"column":15}},"18":{"start":{"line":31,"column":14},"end":{"line":31,"column":72}},"19":{"start":{"line":32,"column":4},"end":{"line":32,"column":15}},"20":{"start":{"line":35,"column":14},"end":{"line":35,"column":64}},"21":{"start":{"line":36,"column":4},"end":{"line":36,"column":15}},"22":{"start":{"line":39,"column":14},"end":{"line":39,"column":68}},"23":{"start":{"line":40,"column":4},"end":{"line":40,"column":15}},"24":{"start":{"line":43,"column":14},"end":{"line":43,"column":74}},"25":{"start":{"line":44,"column":4},"end":{"line":44,"column":15}},"26":{"start":{"line":47,"column":14},"end":{"line":47,"column":72}},"27":{"start":{"line":48,"column":4},"end":{"line":48,"column":15}},"28":{"start":{"line":51,"column":14},"end":{"line":51,"column":61}},"29":{"start":{"line":52,"column":4},"end":{"line":52,"column":15}},"30":{"start":{"line":55,"column":14},"end":{"line":55,"column":75}},"31":{"start":{"line":56,"column":4},"end":{"line":56,"column":15}}},"fnMap":{"0":{"name":"_interopRequireDefault","decl":{"start":{"line":1,"column":157},"end":{"line":1,"column":179}},"loc":{"start":{"line":1,"column":185},"end":{"line":1,"column":241}},"line":1},"1":{"name":"getTableData","decl":{"start":{"line":6,"column":25},"end":{"line":6,"column":37}},"loc":{"start":{"line":6,"column":46},"end":{"line":9,"column":3}},"line":6},"2":{"name":"getBarData0","decl":{"start":{"line":10,"column":24},"end":{"line":10,"column":35}},"loc":{"start":{"line":10,"column":44},"end":{"line":13,"column":3}},"line":10},"3":{"name":"getBarData1","decl":{"start":{"line":14,"column":24},"end":{"line":14,"column":35}},"loc":{"start":{"line":14,"column":44},"end":{"line":17,"column":3}},"line":14},"4":{"name":"getBarData2","decl":{"start":{"line":18,"column":24},"end":{"line":18,"column":35}},"loc":{"start":{"line":18,"column":44},"end":{"line":21,"column":3}},"line":18},"5":{"name":"getGuangdongMap","decl":{"start":{"line":22,"column":28},"end":{"line":22,"column":43}},"loc":{"start":{"line":22,"column":52},"end":{"line":25,"column":3}},"line":22},"6":{"name":"getCityMap","decl":{"start":{"line":26,"column":23},"end":{"line":26,"column":33}},"loc":{"start":{"line":26,"column":42},"end":{"line":29,"column":3}},"line":26},"7":{"name":"getProjectBarData","decl":{"start":{"line":30,"column":30},"end":{"line":30,"column":47}},"loc":{"start":{"line":30,"column":56},"end":{"line":33,"column":3}},"line":30},"8":{"name":"getProcessBarData","decl":{"start":{"line":34,"column":30},"end":{"line":34,"column":47}},"loc":{"start":{"line":34,"column":56},"end":{"line":37,"column":3}},"line":34},"9":{"name":"getInvestTotalBarData","decl":{"start":{"line":38,"column":34},"end":{"line":38,"column":55}},"loc":{"start":{"line":38,"column":64},"end":{"line":41,"column":3}},"line":38},"10":{"name":"getInvestOrProjectBarData","decl":{"start":{"line":42,"column":38},"end":{"line":42,"column":63}},"loc":{"start":{"line":42,"column":72},"end":{"line":45,"column":3}},"line":42},"11":{"name":"getDqTableData","decl":{"start":{"line":46,"column":27},"end":{"line":46,"column":41}},"loc":{"start":{"line":46,"column":50},"end":{"line":49,"column":3}},"line":46},"12":{"name":"getBmTableData","decl":{"start":{"line":50,"column":27},"end":{"line":50,"column":41}},"loc":{"start":{"line":50,"column":50},"end":{"line":53,"column":3}},"line":50},"13":{"name":"getPieData","decl":{"start":{"line":54,"column":23},"end":{"line":54,"column":33}},"loc":{"start":{"line":54,"column":42},"end":{"line":57,"column":3}},"line":54}},"branchMap":{"0":{"loc":{"start":{"line":1,"column":193},"end":{"line":1,"column":239}},"type":"cond-expr","locations":[{"start":{"line":1,"column":217},"end":{"line":1,"column":220}},{"start":{"line":1,"column":223},"end":{"line":1,"column":239}}],"line":1},"1":{"loc":{"start":{"line":1,"column":193},"end":{"line":1,"column":214}},"type":"binary-expr","locations":[{"start":{"line":1,"column":193},"end":{"line":1,"column":196}},{"start":{"line":1,"column":200},"end":{"line":1,"column":214}}],"line":1}},"s":{"0":0,"1":0,"2":0,"3":0,"4":0,"5":0,"6":0,"7":0,"8":0,"9":0,"10":0,"11":0,"12":0,"13":0,"14":0,"15":0,"16":0,"17":0,"18":0,"19":0,"20":0,"21":0,"22":0,"23":0,"24":0,"25":0,"26":0,"27":0,"28":0,"29":0,"30":0,"31":0},"f":{"0":0,"1":0,"2":0,"3":0,"4":0,"5":0,"6":0,"7":0,"8":0,"9":0,"10":0,"11":0,"12":0,"13":0},"b":{"0":[0,0],"1":[0,0]}}
,"C:\\Users\\Petty\\WebstormProjects\\vue2-platform-ui\\src\\api\\http.js": {"path":"C:\\Users\\Petty\\WebstormProjects\\vue2-platform-ui\\src\\api\\http.js","statementMap":{"0":{"start":{"line":1,"column":13},"end":{"line":1,"column":75}},"1":{"start":{"line":1,"column":90},"end":{"line":1,"column":130}},"2":{"start":{"line":1,"column":147},"end":{"line":1,"column":179}},"3":{"start":{"line":1,"column":193},"end":{"line":1,"column":209}},"4":{"start":{"line":1,"column":224},"end":{"line":1,"column":254}},"5":{"start":{"line":2,"column":10},"end":{"line":2,"column":23}},"6":{"start":{"line":2,"column":35},"end":{"line":2,"column":62}},"7":{"start":{"line":3,"column":17},"end":{"line":3,"column":38}},"8":{"start":{"line":3,"column":77},"end":{"line":3,"column":131}},"9":{"start":{"line":5,"column":0},"end":{"line":5,"column":107}},"10":{"start":{"line":7,"column":0},"end":{"line":7,"column":41}},"11":{"start":{"line":8,"column":0},"end":{"line":8,"column":48}},"12":{"start":{"line":10,"column":0},"end":{"line":15,"column":3}},"13":{"start":{"line":12,"column":2},"end":{"line":12,"column":16}},"14":{"start":{"line":14,"column":2},"end":{"line":14,"column":41}},"15":{"start":{"line":17,"column":0},"end":{"line":21,"column":3}},"16":{"start":{"line":18,"column":2},"end":{"line":18,"column":18}},"17":{"start":{"line":20,"column":2},"end":{"line":20,"column":51}},"18":{"start":{"line":24,"column":2},"end":{"line":30,"column":3}},"19":{"start":{"line":25,"column":4},"end":{"line":25,"column":25}},"20":{"start":{"line":26,"column":9},"end":{"line":30,"column":3}},"21":{"start":{"line":27,"column":4},"end":{"line":27,"column":50}},"22":{"start":{"line":28,"column":9},"end":{"line":30,"column":3}},"23":{"start":{"line":29,"column":4},"end":{"line":29,"column":51}},"24":{"start":{"line":31,"column":2},"end":{"line":31,"column":18}},"25":{"start":{"line":32,"column":1},"end":{"line":48,"column":6}},"26":{"start":{"line":36,"column":4},"end":{"line":39,"column":7}},"27":{"start":{"line":38,"column":6},"end":{"line":38,"column":35}},"28":{"start":{"line":43,"column":4},"end":{"line":46,"column":7}},"29":{"start":{"line":45,"column":6},"end":{"line":45,"column":35}}},"fnMap":{"0":{"name":"_interopRequireDefault","decl":{"start":{"line":3,"column":48},"end":{"line":3,"column":70}},"loc":{"start":{"line":3,"column":76},"end":{"line":3,"column":132}},"line":3},"1":{"name":"(anonymous_1)","decl":{"start":{"line":10,"column":41},"end":{"line":10,"column":42}},"loc":{"start":{"line":10,"column":59},"end":{"line":13,"column":1}},"line":10},"2":{"name":"(anonymous_2)","decl":{"start":{"line":13,"column":3},"end":{"line":13,"column":4}},"loc":{"start":{"line":13,"column":20},"end":{"line":15,"column":1}},"line":13},"3":{"name":"(anonymous_3)","decl":{"start":{"line":17,"column":42},"end":{"line":17,"column":43}},"loc":{"start":{"line":17,"column":62},"end":{"line":19,"column":1}},"line":17},"4":{"name":"(anonymous_4)","decl":{"start":{"line":19,"column":3},"end":{"line":19,"column":4}},"loc":{"start":{"line":19,"column":20},"end":{"line":21,"column":1}},"line":19},"5":{"name":"checkStatus","decl":{"start":{"line":23,"column":9},"end":{"line":23,"column":20}},"loc":{"start":{"line":23,"column":31},"end":{"line":32,"column":1}},"line":23},"6":{"name":"Post","decl":{"start":{"line":35,"column":17},"end":{"line":35,"column":21}},"loc":{"start":{"line":35,"column":33},"end":{"line":41,"column":3}},"line":35},"7":{"name":"(anonymous_7)","decl":{"start":{"line":37,"column":4},"end":{"line":37,"column":5}},"loc":{"start":{"line":37,"column":24},"end":{"line":39,"column":5}},"line":37},"8":{"name":"Get","decl":{"start":{"line":42,"column":16},"end":{"line":42,"column":19}},"loc":{"start":{"line":42,"column":31},"end":{"line":48,"column":3}},"line":42},"9":{"name":"(anonymous_9)","decl":{"start":{"line":44,"column":4},"end":{"line":44,"column":5}},"loc":{"start":{"line":44,"column":24},"end":{"line":46,"column":5}},"line":44}},"branchMap":{"0":{"loc":{"start":{"line":3,"column":84},"end":{"line":3,"column":130}},"type":"cond-expr","locations":[{"start":{"line":3,"column":108},"end":{"line":3,"column":111}},{"start":{"line":3,"column":114},"end":{"line":3,"column":130}}],"line":3},"1":{"loc":{"start":{"line":3,"column":84},"end":{"line":3,"column":105}},"type":"binary-expr","locations":[{"start":{"line":3,"column":84},"end":{"line":3,"column":87}},{"start":{"line":3,"column":91},"end":{"line":3,"column":105}}],"line":3},"2":{"loc":{"start":{"line":24,"column":2},"end":{"line":30,"column":3}},"type":"if","locations":[{"start":{"line":24,"column":2},"end":{"line":30,"column":3}},{"start":{"line":24,"column":2},"end":{"line":30,"column":3}}],"line":24},"3":{"loc":{"start":{"line":24,"column":6},"end":{"line":24,"column":97}},"type":"binary-expr","locations":[{"start":{"line":24,"column":6},"end":{"line":24,"column":14}},{"start":{"line":24,"column":19},"end":{"line":24,"column":42}},{"start":{"line":24,"column":46},"end":{"line":24,"column":69}},{"start":{"line":24,"column":73},"end":{"line":24,"column":96}}],"line":24},"4":{"loc":{"start":{"line":26,"column":9},"end":{"line":30,"column":3}},"type":"if","locations":[{"start":{"line":26,"column":9},"end":{"line":30,"column":3}},{"start":{"line":26,"column":9},"end":{"line":30,"column":3}}],"line":26},"5":{"loc":{"start":{"line":26,"column":13},"end":{"line":26,"column":48}},"type":"binary-expr","locations":[{"start":{"line":26,"column":13},"end":{"line":26,"column":21}},{"start":{"line":26,"column":25},"end":{"line":26,"column":48}}],"line":26},"6":{"loc":{"start":{"line":28,"column":9},"end":{"line":30,"column":3}},"type":"if","locations":[{"start":{"line":28,"column":9},"end":{"line":30,"column":3}},{"start":{"line":28,"column":9},"end":{"line":30,"column":3}}],"line":28},"7":{"loc":{"start":{"line":28,"column":13},"end":{"line":28,"column":48}},"type":"binary-expr","locations":[{"start":{"line":28,"column":13},"end":{"line":28,"column":21}},{"start":{"line":28,"column":25},"end":{"line":28,"column":48}}],"line":28}},"s":{"0":0,"1":0,"2":0,"3":0,"4":0,"5":0,"6":0,"7":0,"8":0,"9":0,"10":0,"11":0,"12":0,"13":0,"14":0,"15":0,"16":0,"17":0,"18":0,"19":0,"20":0,"21":0,"22":0,"23":0,"24":0,"25":0,"26":0,"27":0,"28":0,"29":0},"f":{"0":0,"1":0,"2":0,"3":0,"4":0,"5":0,"6":0,"7":0,"8":0,"9":0},"b":{"0":[0,0],"1":[0,0],"2":[0,0],"3":[0,0,0,0],"4":[0,0],"5":[0,0],"6":[0,0],"7":[0,0]}}
,"C:\\Users\\Petty\\WebstormProjects\\vue2-platform-ui\\src\\api\\mock.js": {"path":"C:\\Users\\Petty\\WebstormProjects\\vue2-platform-ui\\src\\api\\mock.js","statementMap":{"0":{"start":{"line":2,"column":11},"end":{"line":2,"column":28}},"1":{"start":{"line":4,"column":13},"end":{"line":4,"column":24}},"2":{"start":{"line":6,"column":22},"end":{"line":15,"column":1}},"3":{"start":{"line":7,"column":2},"end":{"line":12,"column":64}},"4":{"start":{"line":18,"column":0},"end":{"line":18,"column":53}}},"fnMap":{"0":{"name":"produceNewsData","decl":{"start":{"line":6,"column":31},"end":{"line":6,"column":46}},"loc":{"start":{"line":6,"column":49},"end":{"line":15,"column":1}},"line":6}},"branchMap":{},"s":{"0":0,"1":0,"2":0,"3":0,"4":0},"f":{"0":0},"b":{}}
,"C:\\Users\\Petty\\WebstormProjects\\vue2-platform-ui\\src\\components\\analysis\\vp-analysis-bus.vue": {"path":"C:\\Users\\Petty\\WebstormProjects\\vue2-platform-ui\\src\\components\\analysis\\vp-analysis-bus.vue","statementMap":{"0":{"start":{"line":1,"column":1},"end":{"line":129,"column":4}},"1":{"start":{"line":4,"column":0},"end":{"line":6,"column":3}},"2":{"start":{"line":8,"column":15},"end":{"line":8,"column":44}},"3":{"start":{"line":10,"column":16},"end":{"line":10,"column":48}},"4":{"start":{"line":12,"column":9},"end":{"line":12,"column":28}},"5":{"start":{"line":14,"column":10},"end":{"line":14,"column":36}},"6":{"start":{"line":16,"column":39},"end":{"line":16,"column":93}},"7":{"start":{"line":90,"column":0},"end":{"line":128,"column":2}},"8":{"start":{"line":96,"column":6},"end":{"line":96,"column":76}},"9":{"start":{"line":99,"column":6},"end":{"line":99,"column":59}},"10":{"start":{"line":103,"column":4},"end":{"line":105,"column":6}},"11":{"start":{"line":108,"column":16},"end":{"line":113,"column":6}},"12":{"start":{"line":114,"column":4},"end":{"line":118,"column":7}},"13":{"start":{"line":119,"column":4},"end":{"line":123,"column":7}},"14":{"start":{"line":124,"column":4},"end":{"line":124,"column":76}},"15":{"start":{"line":125,"column":4},"end":{"line":125,"column":84}},"16":{"start":{"line":126,"column":4},"end":{"line":126,"column":19}},"17":{"start":{"line":130,"column":0},"end":{"line":130,"column":70}},"18":{"start":{"line":130,"column":31},"end":{"line":130,"column":70}},"19":{"start":{"line":131,"column":24},"end":{"line":131,"column":100}},"20":{"start":{"line":132,"column":0},"end":{"line":132,"column":3525}},"21":{"start":{"line":132,"column":54},"end":{"line":132,"column":58}},"22":{"start":{"line":132,"column":66},"end":{"line":132,"column":84}},"23":{"start":{"line":132,"column":92},"end":{"line":132,"column":108}},"24":{"start":{"line":132,"column":109},"end":{"line":132,"column":3524}},"25":{"start":{"line":133,"column":0},"end":{"line":133,"column":37}}},"fnMap":{"0":{"name":"(anonymous_0)","decl":{"start":{"line":1,"column":2},"end":{"line":1,"column":3}},"loc":{"start":{"line":1,"column":12},"end":{"line":129,"column":1}},"line":1},"1":{"name":"_interopRequireDefault","decl":{"start":{"line":16,"column":9},"end":{"line":16,"column":31}},"loc":{"start":{"line":16,"column":37},"end":{"line":16,"column":95}},"line":16},"2":{"name":"id","decl":{"start":{"line":95,"column":17},"end":{"line":95,"column":19}},"loc":{"start":{"line":95,"column":22},"end":{"line":97,"column":5}},"line":95},"3":{"name":"height","decl":{"start":{"line":98,"column":21},"end":{"line":98,"column":27}},"loc":{"start":{"line":98,"column":30},"end":{"line":100,"column":5}},"line":98},"4":{"name":"data","decl":{"start":{"line":102,"column":17},"end":{"line":102,"column":21}},"loc":{"start":{"line":102,"column":24},"end":{"line":106,"column":3}},"line":102},"5":{"name":"mounted","decl":{"start":{"line":107,"column":20},"end":{"line":107,"column":27}},"loc":{"start":{"line":107,"column":30},"end":{"line":127,"column":3}},"line":107},"6":{"name":"render","decl":{"start":{"line":132,"column":35},"end":{"line":132,"column":41}},"loc":{"start":{"line":132,"column":45},"end":{"line":132,"column":3525}},"line":132}},"branchMap":{"0":{"loc":{"start":{"line":16,"column":46},"end":{"line":16,"column":92}},"type":"cond-expr","locations":[{"start":{"line":16,"column":70},"end":{"line":16,"column":73}},{"start":{"line":16,"column":76},"end":{"line":16,"column":92}}],"line":16},"1":{"loc":{"start":{"line":16,"column":46},"end":{"line":16,"column":67}},"type":"binary-expr","locations":[{"start":{"line":16,"column":46},"end":{"line":16,"column":49}},{"start":{"line":16,"column":53},"end":{"line":16,"column":67}}],"line":16},"2":{"loc":{"start":{"line":130,"column":0},"end":{"line":130,"column":70}},"type":"if","locations":[{"start":{"line":130,"column":0},"end":{"line":130,"column":70}},{"start":{"line":130,"column":0},"end":{"line":130,"column":70}}],"line":130},"3":{"loc":{"start":{"line":131,"column":24},"end":{"line":131,"column":100}},"type":"cond-expr","locations":[{"start":{"line":131,"column":62},"end":{"line":131,"column":84}},{"start":{"line":131,"column":86},"end":{"line":131,"column":100}}],"line":131},"4":{"loc":{"start":{"line":132,"column":92},"end":{"line":132,"column":108}},"type":"binary-expr","locations":[{"start":{"line":132,"column":92},"end":{"line":132,"column":104}},{"start":{"line":132,"column":106},"end":{"line":132,"column":108}}],"line":132}},"s":{"0":0,"1":0,"2":0,"3":0,"4":0,"5":0,"6":0,"7":0,"8":0,"9":0,"10":0,"11":0,"12":0,"13":0,"14":0,"15":0,"16":0,"17":0,"18":0,"19":0,"20":0,"21":0,"22":0,"23":0,"24":0,"25":0},"f":{"0":0,"1":0,"2":0,"3":0,"4":0,"5":0,"6":0},"b":{"0":[0,0],"1":[0,0],"2":[0,0],"3":[0,0],"4":[0,0]}}
,"C:\\Users\\Petty\\WebstormProjects\\vue2-platform-ui\\src\\components\\analysis\\vp-analysis-data-map.vue": {"path":"C:\\Users\\Petty\\WebstormProjects\\vue2-platform-ui\\src\\components\\analysis\\vp-analysis-data-map.vue","statementMap":{"0":{"start":{"line":1,"column":1},"end":{"line":33,"column":4}},"1":{"start":{"line":4,"column":0},"end":{"line":6,"column":3}},"2":{"start":{"line":8,"column":15},"end":{"line":8,"column":44}},"3":{"start":{"line":10,"column":16},"end":{"line":10,"column":48}},"4":{"start":{"line":12,"column":39},"end":{"line":12,"column":93}},"5":{"start":{"line":14,"column":0},"end":{"line":22,"column":2}},"6":{"start":{"line":18,"column":4},"end":{"line":20,"column":6}},"7":{"start":{"line":34,"column":0},"end":{"line":34,"column":70}},"8":{"start":{"line":34,"column":31},"end":{"line":34,"column":70}},"9":{"start":{"line":35,"column":24},"end":{"line":35,"column":100}},"10":{"start":{"line":36,"column":0},"end":{"line":36,"column":506}},"11":{"start":{"line":36,"column":54},"end":{"line":36,"column":58}},"12":{"start":{"line":36,"column":66},"end":{"line":36,"column":84}},"13":{"start":{"line":36,"column":92},"end":{"line":36,"column":108}},"14":{"start":{"line":36,"column":109},"end":{"line":36,"column":505}},"15":{"start":{"line":36,"column":288},"end":{"line":36,"column":306}},"16":{"start":{"line":37,"column":0},"end":{"line":37,"column":37}}},"fnMap":{"0":{"name":"(anonymous_0)","decl":{"start":{"line":1,"column":2},"end":{"line":1,"column":3}},"loc":{"start":{"line":1,"column":12},"end":{"line":33,"column":1}},"line":1},"1":{"name":"_interopRequireDefault","decl":{"start":{"line":12,"column":9},"end":{"line":12,"column":31}},"loc":{"start":{"line":12,"column":37},"end":{"line":12,"column":95}},"line":12},"2":{"name":"data","decl":{"start":{"line":17,"column":17},"end":{"line":17,"column":21}},"loc":{"start":{"line":17,"column":24},"end":{"line":21,"column":3}},"line":17},"3":{"name":"render","decl":{"start":{"line":36,"column":35},"end":{"line":36,"column":41}},"loc":{"start":{"line":36,"column":45},"end":{"line":36,"column":506}},"line":36},"4":{"name":"(anonymous_4)","decl":{"start":{"line":36,"column":272},"end":{"line":36,"column":273}},"loc":{"start":{"line":36,"column":287},"end":{"line":36,"column":307}},"line":36}},"branchMap":{"0":{"loc":{"start":{"line":12,"column":46},"end":{"line":12,"column":92}},"type":"cond-expr","locations":[{"start":{"line":12,"column":70},"end":{"line":12,"column":73}},{"start":{"line":12,"column":76},"end":{"line":12,"column":92}}],"line":12},"1":{"loc":{"start":{"line":12,"column":46},"end":{"line":12,"column":67}},"type":"binary-expr","locations":[{"start":{"line":12,"column":46},"end":{"line":12,"column":49}},{"start":{"line":12,"column":53},"end":{"line":12,"column":67}}],"line":12},"2":{"loc":{"start":{"line":34,"column":0},"end":{"line":34,"column":70}},"type":"if","locations":[{"start":{"line":34,"column":0},"end":{"line":34,"column":70}},{"start":{"line":34,"column":0},"end":{"line":34,"column":70}}],"line":34},"3":{"loc":{"start":{"line":35,"column":24},"end":{"line":35,"column":100}},"type":"cond-expr","locations":[{"start":{"line":35,"column":62},"end":{"line":35,"column":84}},{"start":{"line":35,"column":86},"end":{"line":35,"column":100}}],"line":35},"4":{"loc":{"start":{"line":36,"column":92},"end":{"line":36,"column":108}},"type":"binary-expr","locations":[{"start":{"line":36,"column":92},"end":{"line":36,"column":104}},{"start":{"line":36,"column":106},"end":{"line":36,"column":108}}],"line":36}},"s":{"0":0,"1":0,"2":0,"3":0,"4":0,"5":0,"6":0,"7":0,"8":0,"9":0,"10":0,"11":0,"12":0,"13":0,"14":0,"15":0,"16":0},"f":{"0":0,"1":0,"2":0,"3":0,"4":0},"b":{"0":[0,0],"1":[0,0],"2":[0,0],"3":[0,0],"4":[0,0]}}
,"C:\\Users\\Petty\\WebstormProjects\\vue2-platform-ui\\src\\components\\analysis\\vp-mini-analysis-area.vue": {"path":"C:\\Users\\Petty\\WebstormProjects\\vue2-platform-ui\\src\\components\\analysis\\vp-mini-analysis-area.vue","statementMap":{"0":{"start":{"line":1,"column":1},"end":{"line":79,"column":4}},"1":{"start":{"line":4,"column":0},"end":{"line":6,"column":3}},"2":{"start":{"line":8,"column":17},"end":{"line":8,"column":53}},"3":{"start":{"line":10,"column":18},"end":{"line":10,"column":52}},"4":{"start":{"line":12,"column":9},"end":{"line":12,"column":28}},"5":{"start":{"line":14,"column":10},"end":{"line":14,"column":36}},"6":{"start":{"line":16,"column":39},"end":{"line":16,"column":93}},"7":{"start":{"line":50,"column":0},"end":{"line":78,"column":2}},"8":{"start":{"line":54,"column":4},"end":{"line":56,"column":6}},"9":{"start":{"line":62,"column":6},"end":{"line":62,"column":76}},"10":{"start":{"line":66,"column":16},"end":{"line":72,"column":6}},"11":{"start":{"line":73,"column":4},"end":{"line":73,"column":22}},"12":{"start":{"line":74,"column":4},"end":{"line":74,"column":32}},"13":{"start":{"line":75,"column":4},"end":{"line":75,"column":72}},"14":{"start":{"line":76,"column":4},"end":{"line":76,"column":19}},"15":{"start":{"line":80,"column":0},"end":{"line":80,"column":70}},"16":{"start":{"line":80,"column":31},"end":{"line":80,"column":70}},"17":{"start":{"line":81,"column":24},"end":{"line":81,"column":100}},"18":{"start":{"line":82,"column":0},"end":{"line":82,"column":1269}},"19":{"start":{"line":82,"column":54},"end":{"line":82,"column":58}},"20":{"start":{"line":82,"column":66},"end":{"line":82,"column":84}},"21":{"start":{"line":82,"column":92},"end":{"line":82,"column":108}},"22":{"start":{"line":82,"column":109},"end":{"line":82,"column":1268}},"23":{"start":{"line":83,"column":0},"end":{"line":83,"column":37}}},"fnMap":{"0":{"name":"(anonymous_0)","decl":{"start":{"line":1,"column":2},"end":{"line":1,"column":3}},"loc":{"start":{"line":1,"column":12},"end":{"line":79,"column":1}},"line":1},"1":{"name":"_interopRequireDefault","decl":{"start":{"line":16,"column":9},"end":{"line":16,"column":31}},"loc":{"start":{"line":16,"column":37},"end":{"line":16,"column":95}},"line":16},"2":{"name":"data","decl":{"start":{"line":53,"column":17},"end":{"line":53,"column":21}},"loc":{"start":{"line":53,"column":24},"end":{"line":57,"column":3}},"line":53},"3":{"name":"id","decl":{"start":{"line":61,"column":17},"end":{"line":61,"column":19}},"loc":{"start":{"line":61,"column":22},"end":{"line":63,"column":5}},"line":61},"4":{"name":"mounted","decl":{"start":{"line":65,"column":20},"end":{"line":65,"column":27}},"loc":{"start":{"line":65,"column":30},"end":{"line":77,"column":3}},"line":65},"5":{"name":"render","decl":{"start":{"line":82,"column":35},"end":{"line":82,"column":41}},"loc":{"start":{"line":82,"column":45},"end":{"line":82,"column":1269}},"line":82}},"branchMap":{"0":{"loc":{"start":{"line":16,"column":46},"end":{"line":16,"column":92}},"type":"cond-expr","locations":[{"start":{"line":16,"column":70},"end":{"line":16,"column":73}},{"start":{"line":16,"column":76},"end":{"line":16,"column":92}}],"line":16},"1":{"loc":{"start":{"line":16,"column":46},"end":{"line":16,"column":67}},"type":"binary-expr","locations":[{"start":{"line":16,"column":46},"end":{"line":16,"column":49}},{"start":{"line":16,"column":53},"end":{"line":16,"column":67}}],"line":16},"2":{"loc":{"start":{"line":80,"column":0},"end":{"line":80,"column":70}},"type":"if","locations":[{"start":{"line":80,"column":0},"end":{"line":80,"column":70}},{"start":{"line":80,"column":0},"end":{"line":80,"column":70}}],"line":80},"3":{"loc":{"start":{"line":81,"column":24},"end":{"line":81,"column":100}},"type":"cond-expr","locations":[{"start":{"line":81,"column":62},"end":{"line":81,"column":84}},{"start":{"line":81,"column":86},"end":{"line":81,"column":100}}],"line":81},"4":{"loc":{"start":{"line":82,"column":92},"end":{"line":82,"column":108}},"type":"binary-expr","locations":[{"start":{"line":82,"column":92},"end":{"line":82,"column":104}},{"start":{"line":82,"column":106},"end":{"line":82,"column":108}}],"line":82}},"s":{"0":0,"1":0,"2":0,"3":0,"4":0,"5":0,"6":0,"7":0,"8":0,"9":0,"10":0,"11":0,"12":0,"13":0,"14":0,"15":0,"16":0,"17":0,"18":0,"19":0,"20":0,"21":0,"22":0,"23":0},"f":{"0":0,"1":0,"2":0,"3":0,"4":0,"5":0},"b":{"0":[0,0],"1":[0,0],"2":[0,0],"3":[0,0],"4":[0,0]}}
,"C:\\Users\\Petty\\WebstormProjects\\vue2-platform-ui\\src\\components\\analysis\\vp-mini-analysis-bar.vue": {"path":"C:\\Users\\Petty\\WebstormProjects\\vue2-platform-ui\\src\\components\\analysis\\vp-mini-analysis-bar.vue","statementMap":{"0":{"start":{"line":1,"column":1},"end":{"line":79,"column":4}},"1":{"start":{"line":4,"column":0},"end":{"line":6,"column":3}},"2":{"start":{"line":8,"column":17},"end":{"line":8,"column":53}},"3":{"start":{"line":10,"column":18},"end":{"line":10,"column":52}},"4":{"start":{"line":12,"column":9},"end":{"line":12,"column":28}},"5":{"start":{"line":14,"column":10},"end":{"line":14,"column":36}},"6":{"start":{"line":16,"column":39},"end":{"line":16,"column":93}},"7":{"start":{"line":50,"column":0},"end":{"line":78,"column":2}},"8":{"start":{"line":54,"column":4},"end":{"line":56,"column":6}},"9":{"start":{"line":62,"column":6},"end":{"line":62,"column":76}},"10":{"start":{"line":66,"column":16},"end":{"line":72,"column":6}},"11":{"start":{"line":73,"column":4},"end":{"line":73,"column":22}},"12":{"start":{"line":74,"column":4},"end":{"line":74,"column":32}},"13":{"start":{"line":75,"column":4},"end":{"line":75,"column":77}},"14":{"start":{"line":76,"column":4},"end":{"line":76,"column":19}},"15":{"start":{"line":80,"column":0},"end":{"line":80,"column":70}},"16":{"start":{"line":80,"column":31},"end":{"line":80,"column":70}},"17":{"start":{"line":81,"column":24},"end":{"line":81,"column":100}},"18":{"start":{"line":82,"column":0},"end":{"line":82,"column":1268}},"19":{"start":{"line":82,"column":54},"end":{"line":82,"column":58}},"20":{"start":{"line":82,"column":66},"end":{"line":82,"column":84}},"21":{"start":{"line":82,"column":92},"end":{"line":82,"column":108}},"22":{"start":{"line":82,"column":109},"end":{"line":82,"column":1267}},"23":{"start":{"line":83,"column":0},"end":{"line":83,"column":37}}},"fnMap":{"0":{"name":"(anonymous_0)","decl":{"start":{"line":1,"column":2},"end":{"line":1,"column":3}},"loc":{"start":{"line":1,"column":12},"end":{"line":79,"column":1}},"line":1},"1":{"name":"_interopRequireDefault","decl":{"start":{"line":16,"column":9},"end":{"line":16,"column":31}},"loc":{"start":{"line":16,"column":37},"end":{"line":16,"column":95}},"line":16},"2":{"name":"data","decl":{"start":{"line":53,"column":17},"end":{"line":53,"column":21}},"loc":{"start":{"line":53,"column":24},"end":{"line":57,"column":3}},"line":53},"3":{"name":"id","decl":{"start":{"line":61,"column":17},"end":{"line":61,"column":19}},"loc":{"start":{"line":61,"column":22},"end":{"line":63,"column":5}},"line":61},"4":{"name":"mounted","decl":{"start":{"line":65,"column":20},"end":{"line":65,"column":27}},"loc":{"start":{"line":65,"column":30},"end":{"line":77,"column":3}},"line":65},"5":{"name":"render","decl":{"start":{"line":82,"column":35},"end":{"line":82,"column":41}},"loc":{"start":{"line":82,"column":45},"end":{"line":82,"column":1268}},"line":82}},"branchMap":{"0":{"loc":{"start":{"line":16,"column":46},"end":{"line":16,"column":92}},"type":"cond-expr","locations":[{"start":{"line":16,"column":70},"end":{"line":16,"column":73}},{"start":{"line":16,"column":76},"end":{"line":16,"column":92}}],"line":16},"1":{"loc":{"start":{"line":16,"column":46},"end":{"line":16,"column":67}},"type":"binary-expr","locations":[{"start":{"line":16,"column":46},"end":{"line":16,"column":49}},{"start":{"line":16,"column":53},"end":{"line":16,"column":67}}],"line":16},"2":{"loc":{"start":{"line":80,"column":0},"end":{"line":80,"column":70}},"type":"if","locations":[{"start":{"line":80,"column":0},"end":{"line":80,"column":70}},{"start":{"line":80,"column":0},"end":{"line":80,"column":70}}],"line":80},"3":{"loc":{"start":{"line":81,"column":24},"end":{"line":81,"column":100}},"type":"cond-expr","locations":[{"start":{"line":81,"column":62},"end":{"line":81,"column":84}},{"start":{"line":81,"column":86},"end":{"line":81,"column":100}}],"line":81},"4":{"loc":{"start":{"line":82,"column":92},"end":{"line":82,"column":108}},"type":"binary-expr","locations":[{"start":{"line":82,"column":92},"end":{"line":82,"column":104}},{"start":{"line":82,"column":106},"end":{"line":82,"column":108}}],"line":82}},"s":{"0":0,"1":0,"2":0,"3":0,"4":0,"5":0,"6":0,"7":0,"8":0,"9":0,"10":0,"11":0,"12":0,"13":0,"14":0,"15":0,"16":0,"17":0,"18":0,"19":0,"20":0,"21":0,"22":0,"23":0},"f":{"0":0,"1":0,"2":0,"3":0,"4":0,"5":0},"b":{"0":[0,0],"1":[0,0],"2":[0,0],"3":[0,0],"4":[0,0]}}
,"C:\\Users\\Petty\\WebstormProjects\\vue2-platform-ui\\src\\components\\analysis\\vp-mini-analysis-line.vue": {"path":"C:\\Users\\Petty\\WebstormProjects\\vue2-platform-ui\\src\\components\\analysis\\vp-mini-analysis-line.vue","statementMap":{"0":{"start":{"line":1,"column":1},"end":{"line":79,"column":4}},"1":{"start":{"line":4,"column":0},"end":{"line":6,"column":3}},"2":{"start":{"line":8,"column":17},"end":{"line":8,"column":53}},"3":{"start":{"line":10,"column":18},"end":{"line":10,"column":52}},"4":{"start":{"line":12,"column":9},"end":{"line":12,"column":28}},"5":{"start":{"line":14,"column":10},"end":{"line":14,"column":36}},"6":{"start":{"line":16,"column":39},"end":{"line":16,"column":93}},"7":{"start":{"line":50,"column":0},"end":{"line":78,"column":2}},"8":{"start":{"line":54,"column":4},"end":{"line":56,"column":6}},"9":{"start":{"line":62,"column":6},"end":{"line":62,"column":76}},"10":{"start":{"line":66,"column":16},"end":{"line":72,"column":6}},"11":{"start":{"line":73,"column":4},"end":{"line":73,"column":22}},"12":{"start":{"line":74,"column":4},"end":{"line":74,"column":32}},"13":{"start":{"line":75,"column":4},"end":{"line":75,"column":73}},"14":{"start":{"line":76,"column":4},"end":{"line":76,"column":19}},"15":{"start":{"line":80,"column":0},"end":{"line":80,"column":70}},"16":{"start":{"line":80,"column":31},"end":{"line":80,"column":70}},"17":{"start":{"line":81,"column":24},"end":{"line":81,"column":100}},"18":{"start":{"line":82,"column":0},"end":{"line":82,"column":1269}},"19":{"start":{"line":82,"column":54},"end":{"line":82,"column":58}},"20":{"start":{"line":82,"column":66},"end":{"line":82,"column":84}},"21":{"start":{"line":82,"column":92},"end":{"line":82,"column":108}},"22":{"start":{"line":82,"column":109},"end":{"line":82,"column":1268}},"23":{"start":{"line":83,"column":0},"end":{"line":83,"column":37}}},"fnMap":{"0":{"name":"(anonymous_0)","decl":{"start":{"line":1,"column":2},"end":{"line":1,"column":3}},"loc":{"start":{"line":1,"column":12},"end":{"line":79,"column":1}},"line":1},"1":{"name":"_interopRequireDefault","decl":{"start":{"line":16,"column":9},"end":{"line":16,"column":31}},"loc":{"start":{"line":16,"column":37},"end":{"line":16,"column":95}},"line":16},"2":{"name":"data","decl":{"start":{"line":53,"column":17},"end":{"line":53,"column":21}},"loc":{"start":{"line":53,"column":24},"end":{"line":57,"column":3}},"line":53},"3":{"name":"id","decl":{"start":{"line":61,"column":17},"end":{"line":61,"column":19}},"loc":{"start":{"line":61,"column":22},"end":{"line":63,"column":5}},"line":61},"4":{"name":"mounted","decl":{"start":{"line":65,"column":20},"end":{"line":65,"column":27}},"loc":{"start":{"line":65,"column":30},"end":{"line":77,"column":3}},"line":65},"5":{"name":"render","decl":{"start":{"line":82,"column":35},"end":{"line":82,"column":41}},"loc":{"start":{"line":82,"column":45},"end":{"line":82,"column":1269}},"line":82}},"branchMap":{"0":{"loc":{"start":{"line":16,"column":46},"end":{"line":16,"column":92}},"type":"cond-expr","locations":[{"start":{"line":16,"column":70},"end":{"line":16,"column":73}},{"start":{"line":16,"column":76},"end":{"line":16,"column":92}}],"line":16},"1":{"loc":{"start":{"line":16,"column":46},"end":{"line":16,"column":67}},"type":"binary-expr","locations":[{"start":{"line":16,"column":46},"end":{"line":16,"column":49}},{"start":{"line":16,"column":53},"end":{"line":16,"column":67}}],"line":16},"2":{"loc":{"start":{"line":80,"column":0},"end":{"line":80,"column":70}},"type":"if","locations":[{"start":{"line":80,"column":0},"end":{"line":80,"column":70}},{"start":{"line":80,"column":0},"end":{"line":80,"column":70}}],"line":80},"3":{"loc":{"start":{"line":81,"column":24},"end":{"line":81,"column":100}},"type":"cond-expr","locations":[{"start":{"line":81,"column":62},"end":{"line":81,"column":84}},{"start":{"line":81,"column":86},"end":{"line":81,"column":100}}],"line":81},"4":{"loc":{"start":{"line":82,"column":92},"end":{"line":82,"column":108}},"type":"binary-expr","locations":[{"start":{"line":82,"column":92},"end":{"line":82,"column":104}},{"start":{"line":82,"column":106},"end":{"line":82,"column":108}}],"line":82}},"s":{"0":0,"1":0,"2":0,"3":0,"4":0,"5":0,"6":0,"7":0,"8":0,"9":0,"10":0,"11":0,"12":0,"13":0,"14":0,"15":0,"16":0,"17":0,"18":0,"19":0,"20":0,"21":0,"22":0,"23":0},"f":{"0":0,"1":0,"2":0,"3":0,"4":0,"5":0},"b":{"0":[0,0],"1":[0,0],"2":[0,0],"3":[0,0],"4":[0,0]}}
,"C:\\Users\\Petty\\WebstormProjects\\vue2-platform-ui\\src\\components\\analysis\\vp-mini-analysis-text.vue": {"path":"C:\\Users\\Petty\\WebstormProjects\\vue2-platform-ui\\src\\components\\analysis\\vp-mini-analysis-text.vue","statementMap":{"0":{"start":{"line":1,"column":1},"end":{"line":53,"column":4}},"1":{"start":{"line":4,"column":0},"end":{"line":6,"column":3}},"2":{"start":{"line":8,"column":17},"end":{"line":8,"column":53}},"3":{"start":{"line":10,"column":18},"end":{"line":10,"column":52}},"4":{"start":{"line":12,"column":39},"end":{"line":12,"column":93}},"5":{"start":{"line":14,"column":0},"end":{"line":17,"column":2}},"6":{"start":{"line":54,"column":0},"end":{"line":54,"column":70}},"7":{"start":{"line":54,"column":31},"end":{"line":54,"column":70}},"8":{"start":{"line":55,"column":24},"end":{"line":55,"column":100}},"9":{"start":{"line":56,"column":0},"end":{"line":56,"column":1657}},"10":{"start":{"line":56,"column":54},"end":{"line":56,"column":58}},"11":{"start":{"line":56,"column":66},"end":{"line":56,"column":84}},"12":{"start":{"line":56,"column":92},"end":{"line":56,"column":108}},"13":{"start":{"line":56,"column":109},"end":{"line":56,"column":1656}},"14":{"start":{"line":57,"column":0},"end":{"line":57,"column":37}}},"fnMap":{"0":{"name":"(anonymous_0)","decl":{"start":{"line":1,"column":2},"end":{"line":1,"column":3}},"loc":{"start":{"line":1,"column":12},"end":{"line":53,"column":1}},"line":1},"1":{"name":"_interopRequireDefault","decl":{"start":{"line":12,"column":9},"end":{"line":12,"column":31}},"loc":{"start":{"line":12,"column":37},"end":{"line":12,"column":95}},"line":12},"2":{"name":"render","decl":{"start":{"line":56,"column":35},"end":{"line":56,"column":41}},"loc":{"start":{"line":56,"column":45},"end":{"line":56,"column":1657}},"line":56}},"branchMap":{"0":{"loc":{"start":{"line":12,"column":46},"end":{"line":12,"column":92}},"type":"cond-expr","locations":[{"start":{"line":12,"column":70},"end":{"line":12,"column":73}},{"start":{"line":12,"column":76},"end":{"line":12,"column":92}}],"line":12},"1":{"loc":{"start":{"line":12,"column":46},"end":{"line":12,"column":67}},"type":"binary-expr","locations":[{"start":{"line":12,"column":46},"end":{"line":12,"column":49}},{"start":{"line":12,"column":53},"end":{"line":12,"column":67}}],"line":12},"2":{"loc":{"start":{"line":54,"column":0},"end":{"line":54,"column":70}},"type":"if","locations":[{"start":{"line":54,"column":0},"end":{"line":54,"column":70}},{"start":{"line":54,"column":0},"end":{"line":54,"column":70}}],"line":54},"3":{"loc":{"start":{"line":55,"column":24},"end":{"line":55,"column":100}},"type":"cond-expr","locations":[{"start":{"line":55,"column":62},"end":{"line":55,"column":84}},{"start":{"line":55,"column":86},"end":{"line":55,"column":100}}],"line":55},"4":{"loc":{"start":{"line":56,"column":92},"end":{"line":56,"column":108}},"type":"binary-expr","locations":[{"start":{"line":56,"column":92},"end":{"line":56,"column":104}},{"start":{"line":56,"column":106},"end":{"line":56,"column":108}}],"line":56}},"s":{"0":0,"1":0,"2":0,"3":0,"4":0,"5":0,"6":0,"7":0,"8":0,"9":0,"10":0,"11":0,"12":0,"13":0,"14":0},"f":{"0":0,"1":0,"2":0},"b":{"0":[0,0],"1":[0,0],"2":[0,0],"3":[0,0],"4":[0,0]}}
,"C:\\Users\\Petty\\WebstormProjects\\vue2-platform-ui\\src\\components\\canvas\\vp-bg-canvas.vue": {"path":"C:\\Users\\Petty\\WebstormProjects\\vue2-platform-ui\\src\\components\\canvas\\vp-bg-canvas.vue","statementMap":{"0":{"start":{"line":1,"column":1},"end":{"line":155,"column":4}},"1":{"start":{"line":4,"column":0},"end":{"line":6,"column":3}},"2":{"start":{"line":13,"column":0},"end":{"line":154,"column":2}},"3":{"start":{"line":16,"column":17},"end":{"line":16,"column":50}},"4":{"start":{"line":17,"column":14},"end":{"line":17,"column":37}},"5":{"start":{"line":18,"column":16},"end":{"line":18,"column":33}},"6":{"start":{"line":19,"column":17},"end":{"line":19,"column":35}},"7":{"start":{"line":20,"column":16},"end":{"line":20,"column":22}},"8":{"start":{"line":21,"column":16},"end":{"line":21,"column":22}},"9":{"start":{"line":22,"column":16},"end":{"line":25,"column":5}},"10":{"start":{"line":26,"column":4},"end":{"line":26,"column":25}},"11":{"start":{"line":27,"column":4},"end":{"line":27,"column":27}},"12":{"start":{"line":29,"column":17},"end":{"line":31,"column":5}},"13":{"start":{"line":30,"column":6},"end":{"line":30,"column":33}},"14":{"start":{"line":32,"column":16},"end":{"line":34,"column":5}},"15":{"start":{"line":33,"column":6},"end":{"line":33,"column":45}},"16":{"start":{"line":35,"column":27},"end":{"line":37,"column":5}},"17":{"start":{"line":36,"column":6},"end":{"line":36,"column":39}},"18":{"start":{"line":39,"column":18},"end":{"line":43,"column":5}},"19":{"start":{"line":40,"column":6},"end":{"line":40,"column":34}},"20":{"start":{"line":41,"column":6},"end":{"line":41,"column":34}},"21":{"start":{"line":42,"column":6},"end":{"line":42,"column":44}},"22":{"start":{"line":45,"column":22},"end":{"line":68,"column":5}},"23":{"start":{"line":46,"column":6},"end":{"line":46,"column":17}},"24":{"start":{"line":47,"column":6},"end":{"line":47,"column":17}},"25":{"start":{"line":49,"column":6},"end":{"line":58,"column":7}},"26":{"start":{"line":50,"column":19},"end":{"line":55,"column":9}},"27":{"start":{"line":56,"column":8},"end":{"line":56,"column":25}},"28":{"start":{"line":57,"column":8},"end":{"line":57,"column":25}},"29":{"start":{"line":60,"column":6},"end":{"line":67,"column":9}},"30":{"start":{"line":61,"column":8},"end":{"line":66,"column":11}},"31":{"start":{"line":62,"column":10},"end":{"line":65,"column":13}},"32":{"start":{"line":69,"column":16},"end":{"line":126,"column":5}},"33":{"start":{"line":70,"column":6},"end":{"line":84,"column":9}},"34":{"start":{"line":71,"column":8},"end":{"line":73,"column":9}},"35":{"start":{"line":72,"column":10},"end":{"line":72,"column":29}},"36":{"start":{"line":74,"column":8},"end":{"line":76,"column":9}},"37":{"start":{"line":75,"column":10},"end":{"line":75,"column":29}},"38":{"start":{"line":78,"column":16},"end":{"line":78,"column":45}},"39":{"start":{"line":79,"column":8},"end":{"line":79,"column":30}},"40":{"start":{"line":80,"column":8},"end":{"line":80,"column":30}},"41":{"start":{"line":82,"column":8},"end":{"line":82,"column":22}},"42":{"start":{"line":83,"column":8},"end":{"line":83,"column":44}},"43":{"start":{"line":85,"column":6},"end":{"line":85,"column":41}},"44":{"start":{"line":87,"column":6},"end":{"line":103,"column":9}},"45":{"start":{"line":88,"column":19},"end":{"line":88,"column":28}},"46":{"start":{"line":89,"column":17},"end":{"line":89,"column":24}},"47":{"start":{"line":91,"column":25},"end":{"line":91,"column":80}},"48":{"start":{"line":92,"column":20},"end":{"line":92,"column":26}},"49":{"start":{"line":93,"column":21},"end":{"line":93,"column":43}},"50":{"start":{"line":94,"column":8},"end":{"line":96,"column":9}},"51":{"start":{"line":95,"column":10},"end":{"line":95,"column":17}},"52":{"start":{"line":97,"column":8},"end":{"line":97,"column":31}},"53":{"start":{"line":98,"column":8},"end":{"line":98,"column":37}},"54":{"start":{"line":99,"column":8},"end":{"line":99,"column":24}},"55":{"start":{"line":100,"column":8},"end":{"line":100,"column":35}},"56":{"start":{"line":101,"column":8},"end":{"line":101,"column":31}},"57":{"start":{"line":102,"column":8},"end":{"line":102,"column":21}},"58":{"start":{"line":105,"column":6},"end":{"line":115,"column":9}},"59":{"start":{"line":106,"column":16},"end":{"line":106,"column":23}},"60":{"start":{"line":107,"column":16},"end":{"line":107,"column":23}},"61":{"start":{"line":108,"column":21},"end":{"line":108,"column":33}},"62":{"start":{"line":109,"column":20},"end":{"line":109,"column":31}},"63":{"start":{"line":111,"column":8},"end":{"line":111,"column":30}},"64":{"start":{"line":112,"column":8},"end":{"line":112,"column":24}},"65":{"start":{"line":113,"column":8},"end":{"line":113,"column":46}},"66":{"start":{"line":114,"column":8},"end":{"line":114,"column":19}},"67":{"start":{"line":117,"column":14},"end":{"line":117,"column":21}},"68":{"start":{"line":118,"column":14},"end":{"line":118,"column":21}},"69":{"start":{"line":119,"column":17},"end":{"line":119,"column":64}},"70":{"start":{"line":120,"column":6},"end":{"line":120,"column":52}},"71":{"start":{"line":121,"column":6},"end":{"line":121,"column":53}},"72":{"start":{"line":122,"column":6},"end":{"line":122,"column":27}},"73":{"start":{"line":123,"column":6},"end":{"line":123,"column":40}},"74":{"start":{"line":125,"column":6},"end":{"line":125,"column":35}},"75":{"start":{"line":128,"column":4},"end":{"line":137,"column":7}},"76":{"start":{"line":129,"column":14},"end":{"line":129,"column":27}},"77":{"start":{"line":130,"column":14},"end":{"line":130,"column":27}},"78":{"start":{"line":131,"column":20},"end":{"line":131,"column":31}},"79":{"start":{"line":132,"column":20},"end":{"line":132,"column":31}},"80":{"start":{"line":133,"column":6},"end":{"line":136,"column":7}},"81":{"start":{"line":134,"column":8},"end":{"line":134,"column":20}},"82":{"start":{"line":135,"column":8},"end":{"line":135,"column":20}},"83":{"start":{"line":139,"column":4},"end":{"line":147,"column":7}},"84":{"start":{"line":140,"column":6},"end":{"line":140,"column":32}},"85":{"start":{"line":141,"column":6},"end":{"line":141,"column":34}},"86":{"start":{"line":142,"column":6},"end":{"line":142,"column":17}},"87":{"start":{"line":143,"column":6},"end":{"line":143,"column":17}},"88":{"start":{"line":144,"column":6},"end":{"line":144,"column":42}},"89":{"start":{"line":145,"column":6},"end":{"line":145,"column":27}},"90":{"start":{"line":146,"column":6},"end":{"line":146,"column":29}},"91":{"start":{"line":149,"column":4},"end":{"line":152,"column":5}},"92":{"start":{"line":150,"column":6},"end":{"line":150,"column":42}},"93":{"start":{"line":151,"column":6},"end":{"line":151,"column":14}},"94":{"start":{"line":156,"column":0},"end":{"line":156,"column":70}},"95":{"start":{"line":156,"column":31},"end":{"line":156,"column":70}},"96":{"start":{"line":157,"column":24},"end":{"line":157,"column":100}},"97":{"start":{"line":158,"column":0},"end":{"line":158,"column":174}},"98":{"start":{"line":158,"column":54},"end":{"line":158,"column":58}},"99":{"start":{"line":158,"column":66},"end":{"line":158,"column":84}},"100":{"start":{"line":158,"column":92},"end":{"line":158,"column":108}},"101":{"start":{"line":158,"column":109},"end":{"line":158,"column":173}},"102":{"start":{"line":159,"column":0},"end":{"line":159,"column":37}}},"fnMap":{"0":{"name":"(anonymous_0)","decl":{"start":{"line":1,"column":2},"end":{"line":1,"column":3}},"loc":{"start":{"line":1,"column":12},"end":{"line":155,"column":1}},"line":1},"1":{"name":"mounted","decl":{"start":{"line":15,"column":20},"end":{"line":15,"column":27}},"loc":{"start":{"line":15,"column":30},"end":{"line":153,"column":3}},"line":15},"2":{"name":"rndNum","decl":{"start":{"line":29,"column":26},"end":{"line":29,"column":32}},"loc":{"start":{"line":29,"column":35},"end":{"line":31,"column":5}},"line":29},"3":{"name":"rndCl","decl":{"start":{"line":32,"column":25},"end":{"line":32,"column":30}},"loc":{"start":{"line":32,"column":33},"end":{"line":34,"column":5}},"line":32},"4":{"name":"velocityFunction","decl":{"start":{"line":35,"column":36},"end":{"line":35,"column":52}},"loc":{"start":{"line":35,"column":56},"end":{"line":37,"column":5}},"line":35},"5":{"name":"iniNode","decl":{"start":{"line":39,"column":27},"end":{"line":39,"column":34}},"loc":{"start":{"line":39,"column":49},"end":{"line":43,"column":5}},"line":39},"6":{"name":"createNodes","decl":{"start":{"line":45,"column":31},"end":{"line":45,"column":42}},"loc":{"start":{"line":45,"column":46},"end":{"line":68,"column":5}},"line":45},"7":{"name":"(anonymous_7)","decl":{"start":{"line":60,"column":20},"end":{"line":60,"column":21}},"loc":{"start":{"line":60,"column":44},"end":{"line":67,"column":7}},"line":60},"8":{"name":"(anonymous_8)","decl":{"start":{"line":61,"column":39},"end":{"line":61,"column":40}},"loc":{"start":{"line":61,"column":56},"end":{"line":66,"column":9}},"line":61},"9":{"name":"frame","decl":{"start":{"line":69,"column":25},"end":{"line":69,"column":30}},"loc":{"start":{"line":69,"column":33},"end":{"line":126,"column":5}},"line":69},"10":{"name":"(anonymous_10)","decl":{"start":{"line":70,"column":20},"end":{"line":70,"column":21}},"loc":{"start":{"line":70,"column":36},"end":{"line":84,"column":7}},"line":70},"11":{"name":"(anonymous_11)","decl":{"start":{"line":87,"column":20},"end":{"line":87,"column":21}},"loc":{"start":{"line":87,"column":36},"end":{"line":103,"column":7}},"line":87},"12":{"name":"(anonymous_12)","decl":{"start":{"line":105,"column":20},"end":{"line":105,"column":21}},"loc":{"start":{"line":105,"column":37},"end":{"line":115,"column":7}},"line":105},"13":{"name":"(anonymous_13)","decl":{"start":{"line":128,"column":41},"end":{"line":128,"column":42}},"loc":{"start":{"line":128,"column":58},"end":{"line":137,"column":5}},"line":128},"14":{"name":"(anonymous_14)","decl":{"start":{"line":139,"column":38},"end":{"line":139,"column":39}},"loc":{"start":{"line":139,"column":50},"end":{"line":147,"column":5}},"line":139},"15":{"name":"render","decl":{"start":{"line":158,"column":35},"end":{"line":158,"column":41}},"loc":{"start":{"line":158,"column":45},"end":{"line":158,"column":174}},"line":158}},"branchMap":{"0":{"loc":{"start":{"line":71,"column":8},"end":{"line":73,"column":9}},"type":"if","locations":[{"start":{"line":71,"column":8},"end":{"line":73,"column":9}},{"start":{"line":71,"column":8},"end":{"line":73,"column":9}}],"line":71},"1":{"loc":{"start":{"line":71,"column":12},"end":{"line":71,"column":40}},"type":"binary-expr","locations":[{"start":{"line":71,"column":12},"end":{"line":71,"column":26}},{"start":{"line":71,"column":30},"end":{"line":71,"column":40}}],"line":71},"2":{"loc":{"start":{"line":74,"column":8},"end":{"line":76,"column":9}},"type":"if","locations":[{"start":{"line":74,"column":8},"end":{"line":76,"column":9}},{"start":{"line":74,"column":8},"end":{"line":76,"column":9}}],"line":74},"3":{"loc":{"start":{"line":74,"column":12},"end":{"line":74,"column":41}},"type":"binary-expr","locations":[{"start":{"line":74,"column":12},"end":{"line":74,"column":27}},{"start":{"line":74,"column":31},"end":{"line":74,"column":41}}],"line":74},"4":{"loc":{"start":{"line":83,"column":8},"end":{"line":83,"column":43}},"type":"binary-expr","locations":[{"start":{"line":83,"column":8},"end":{"line":83,"column":23}},{"start":{"line":83,"column":27},"end":{"line":83,"column":43}}],"line":83},"5":{"loc":{"start":{"line":94,"column":8},"end":{"line":96,"column":9}},"type":"if","locations":[{"start":{"line":94,"column":8},"end":{"line":96,"column":9}},{"start":{"line":94,"column":8},"end":{"line":96,"column":9}}],"line":94},"6":{"loc":{"start":{"line":133,"column":6},"end":{"line":136,"column":7}},"type":"if","locations":[{"start":{"line":133,"column":6},"end":{"line":136,"column":7}},{"start":{"line":133,"column":6},"end":{"line":136,"column":7}}],"line":133},"7":{"loc":{"start":{"line":149,"column":4},"end":{"line":152,"column":5}},"type":"if","locations":[{"start":{"line":149,"column":4},"end":{"line":152,"column":5}},{"start":{"line":149,"column":4},"end":{"line":152,"column":5}}],"line":149},"8":{"loc":{"start":{"line":156,"column":0},"end":{"line":156,"column":70}},"type":"if","locations":[{"start":{"line":156,"column":0},"end":{"line":156,"column":70}},{"start":{"line":156,"column":0},"end":{"line":156,"column":70}}],"line":156},"9":{"loc":{"start":{"line":157,"column":24},"end":{"line":157,"column":100}},"type":"cond-expr","locations":[{"start":{"line":157,"column":62},"end":{"line":157,"column":84}},{"start":{"line":157,"column":86},"end":{"line":157,"column":100}}],"line":157},"10":{"loc":{"start":{"line":158,"column":92},"end":{"line":158,"column":108}},"type":"binary-expr","locations":[{"start":{"line":158,"column":92},"end":{"line":158,"column":104}},{"start":{"line":158,"column":106},"end":{"line":158,"column":108}}],"line":158}},"s":{"0":0,"1":0,"2":0,"3":0,"4":0,"5":0,"6":0,"7":0,"8":0,"9":0,"10":0,"11":0,"12":0,"13":0,"14":0,"15":0,"16":0,"17":0,"18":0,"19":0,"20":0,"21":0,"22":0,"23":0,"24":0,"25":0,"26":0,"27":0,"28":0,"29":0,"30":0,"31":0,"32":0,"33":0,"34":0,"35":0,"36":0,"37":0,"38":0,"39":0,"40":0,"41":0,"42":0,"43":0,"44":0,"45":0,"46":0,"47":0,"48":0,"49":0,"50":0,"51":0,"52":0,"53":0,"54":0,"55":0,"56":0,"57":0,"58":0,"59":0,"60":0,"61":0,"62":0,"63":0,"64":0,"65":0,"66":0,"67":0,"68":0,"69":0,"70":0,"71":0,"72":0,"73":0,"74":0,"75":0,"76":0,"77":0,"78":0,"79":0,"80":0,"81":0,"82":0,"83":0,"84":0,"85":0,"86":0,"87":0,"88":0,"89":0,"90":0,"91":0,"92":0,"93":0,"94":0,"95":0,"96":0,"97":0,"98":0,"99":0,"100":0,"101":0,"102":0},"f":{"0":0,"1":0,"2":0,"3":0,"4":0,"5":0,"6":0,"7":0,"8":0,"9":0,"10":0,"11":0,"12":0,"13":0,"14":0,"15":0},"b":{"0":[0,0],"1":[0,0],"2":[0,0],"3":[0,0],"4":[0,0],"5":[0,0],"6":[0,0],"7":[0,0],"8":[0,0],"9":[0,0],"10":[0,0]}}
,"C:\\Users\\Petty\\WebstormProjects\\vue2-platform-ui\\src\\components\\chart\\chartjs\\vp-chartjs-bar-line.vue": {"path":"C:\\Users\\Petty\\WebstormProjects\\vue2-platform-ui\\src\\components\\chart\\chartjs\\vp-chartjs-bar-line.vue","statementMap":{"0":{"start":{"line":1,"column":1},"end":{"line":71,"column":4}},"1":{"start":{"line":4,"column":0},"end":{"line":6,"column":3}},"2":{"start":{"line":8,"column":13},"end":{"line":8,"column":32}},"3":{"start":{"line":10,"column":14},"end":{"line":10,"column":44}},"4":{"start":{"line":12,"column":39},"end":{"line":12,"column":93}},"5":{"start":{"line":14,"column":0},"end":{"line":57,"column":2}},"6":{"start":{"line":17,"column":4},"end":{"line":44,"column":6}},"7":{"start":{"line":50,"column":6},"end":{"line":50,"column":76}},"8":{"start":{"line":54,"column":14},"end":{"line":54,"column":63}},"9":{"start":{"line":55,"column":15},"end":{"line":55,"column":53}},"10":{"start":{"line":72,"column":0},"end":{"line":72,"column":70}},"11":{"start":{"line":72,"column":31},"end":{"line":72,"column":70}},"12":{"start":{"line":73,"column":24},"end":{"line":73,"column":100}},"13":{"start":{"line":74,"column":0},"end":{"line":74,"column":293}},"14":{"start":{"line":74,"column":54},"end":{"line":74,"column":58}},"15":{"start":{"line":74,"column":66},"end":{"line":74,"column":84}},"16":{"start":{"line":74,"column":92},"end":{"line":74,"column":108}},"17":{"start":{"line":74,"column":109},"end":{"line":74,"column":292}},"18":{"start":{"line":75,"column":0},"end":{"line":75,"column":37}}},"fnMap":{"0":{"name":"(anonymous_0)","decl":{"start":{"line":1,"column":2},"end":{"line":1,"column":3}},"loc":{"start":{"line":1,"column":12},"end":{"line":71,"column":1}},"line":1},"1":{"name":"_interopRequireDefault","decl":{"start":{"line":12,"column":9},"end":{"line":12,"column":31}},"loc":{"start":{"line":12,"column":37},"end":{"line":12,"column":95}},"line":12},"2":{"name":"data","decl":{"start":{"line":16,"column":17},"end":{"line":16,"column":21}},"loc":{"start":{"line":16,"column":24},"end":{"line":45,"column":3}},"line":16},"3":{"name":"id","decl":{"start":{"line":49,"column":17},"end":{"line":49,"column":19}},"loc":{"start":{"line":49,"column":22},"end":{"line":51,"column":5}},"line":49},"4":{"name":"mounted","decl":{"start":{"line":53,"column":20},"end":{"line":53,"column":27}},"loc":{"start":{"line":53,"column":30},"end":{"line":56,"column":3}},"line":53},"5":{"name":"render","decl":{"start":{"line":74,"column":35},"end":{"line":74,"column":41}},"loc":{"start":{"line":74,"column":45},"end":{"line":74,"column":293}},"line":74}},"branchMap":{"0":{"loc":{"start":{"line":12,"column":46},"end":{"line":12,"column":92}},"type":"cond-expr","locations":[{"start":{"line":12,"column":70},"end":{"line":12,"column":73}},{"start":{"line":12,"column":76},"end":{"line":12,"column":92}}],"line":12},"1":{"loc":{"start":{"line":12,"column":46},"end":{"line":12,"column":67}},"type":"binary-expr","locations":[{"start":{"line":12,"column":46},"end":{"line":12,"column":49}},{"start":{"line":12,"column":53},"end":{"line":12,"column":67}}],"line":12},"2":{"loc":{"start":{"line":72,"column":0},"end":{"line":72,"column":70}},"type":"if","locations":[{"start":{"line":72,"column":0},"end":{"line":72,"column":70}},{"start":{"line":72,"column":0},"end":{"line":72,"column":70}}],"line":72},"3":{"loc":{"start":{"line":73,"column":24},"end":{"line":73,"column":100}},"type":"cond-expr","locations":[{"start":{"line":73,"column":62},"end":{"line":73,"column":84}},{"start":{"line":73,"column":86},"end":{"line":73,"column":100}}],"line":73},"4":{"loc":{"start":{"line":74,"column":92},"end":{"line":74,"column":108}},"type":"binary-expr","locations":[{"start":{"line":74,"column":92},"end":{"line":74,"column":104}},{"start":{"line":74,"column":106},"end":{"line":74,"column":108}}],"line":74}},"s":{"0":0,"1":0,"2":0,"3":0,"4":0,"5":0,"6":0,"7":0,"8":0,"9":0,"10":0,"11":0,"12":0,"13":0,"14":0,"15":0,"16":0,"17":0,"18":0},"f":{"0":0,"1":0,"2":0,"3":0,"4":0,"5":0},"b":{"0":[0,0],"1":[0,0],"2":[0,0],"3":[0,0],"4":[0,0]}}
,"C:\\Users\\Petty\\WebstormProjects\\vue2-platform-ui\\src\\components\\chart\\chartjs\\vp-chartjs-pie.vue": {"path":"C:\\Users\\Petty\\WebstormProjects\\vue2-platform-ui\\src\\components\\chart\\chartjs\\vp-chartjs-pie.vue","statementMap":{"0":{"start":{"line":1,"column":1},"end":{"line":56,"column":4}},"1":{"start":{"line":4,"column":0},"end":{"line":6,"column":3}},"2":{"start":{"line":8,"column":13},"end":{"line":8,"column":32}},"3":{"start":{"line":10,"column":14},"end":{"line":10,"column":44}},"4":{"start":{"line":12,"column":39},"end":{"line":12,"column":93}},"5":{"start":{"line":14,"column":0},"end":{"line":42,"column":2}},"6":{"start":{"line":17,"column":4},"end":{"line":29,"column":6}},"7":{"start":{"line":35,"column":6},"end":{"line":35,"column":76}},"8":{"start":{"line":39,"column":14},"end":{"line":39,"column":63}},"9":{"start":{"line":40,"column":15},"end":{"line":40,"column":53}},"10":{"start":{"line":57,"column":0},"end":{"line":57,"column":70}},"11":{"start":{"line":57,"column":31},"end":{"line":57,"column":70}},"12":{"start":{"line":58,"column":24},"end":{"line":58,"column":100}},"13":{"start":{"line":59,"column":0},"end":{"line":59,"column":293}},"14":{"start":{"line":59,"column":54},"end":{"line":59,"column":58}},"15":{"start":{"line":59,"column":66},"end":{"line":59,"column":84}},"16":{"start":{"line":59,"column":92},"end":{"line":59,"column":108}},"17":{"start":{"line":59,"column":109},"end":{"line":59,"column":292}},"18":{"start":{"line":60,"column":0},"end":{"line":60,"column":37}}},"fnMap":{"0":{"name":"(anonymous_0)","decl":{"start":{"line":1,"column":2},"end":{"line":1,"column":3}},"loc":{"start":{"line":1,"column":12},"end":{"line":56,"column":1}},"line":1},"1":{"name":"_interopRequireDefault","decl":{"start":{"line":12,"column":9},"end":{"line":12,"column":31}},"loc":{"start":{"line":12,"column":37},"end":{"line":12,"column":95}},"line":12},"2":{"name":"data","decl":{"start":{"line":16,"column":17},"end":{"line":16,"column":21}},"loc":{"start":{"line":16,"column":24},"end":{"line":30,"column":3}},"line":16},"3":{"name":"id","decl":{"start":{"line":34,"column":17},"end":{"line":34,"column":19}},"loc":{"start":{"line":34,"column":22},"end":{"line":36,"column":5}},"line":34},"4":{"name":"mounted","decl":{"start":{"line":38,"column":20},"end":{"line":38,"column":27}},"loc":{"start":{"line":38,"column":30},"end":{"line":41,"column":3}},"line":38},"5":{"name":"render","decl":{"start":{"line":59,"column":35},"end":{"line":59,"column":41}},"loc":{"start":{"line":59,"column":45},"end":{"line":59,"column":293}},"line":59}},"branchMap":{"0":{"loc":{"start":{"line":12,"column":46},"end":{"line":12,"column":92}},"type":"cond-expr","locations":[{"start":{"line":12,"column":70},"end":{"line":12,"column":73}},{"start":{"line":12,"column":76},"end":{"line":12,"column":92}}],"line":12},"1":{"loc":{"start":{"line":12,"column":46},"end":{"line":12,"column":67}},"type":"binary-expr","locations":[{"start":{"line":12,"column":46},"end":{"line":12,"column":49}},{"start":{"line":12,"column":53},"end":{"line":12,"column":67}}],"line":12},"2":{"loc":{"start":{"line":57,"column":0},"end":{"line":57,"column":70}},"type":"if","locations":[{"start":{"line":57,"column":0},"end":{"line":57,"column":70}},{"start":{"line":57,"column":0},"end":{"line":57,"column":70}}],"line":57},"3":{"loc":{"start":{"line":58,"column":24},"end":{"line":58,"column":100}},"type":"cond-expr","locations":[{"start":{"line":58,"column":62},"end":{"line":58,"column":84}},{"start":{"line":58,"column":86},"end":{"line":58,"column":100}}],"line":58},"4":{"loc":{"start":{"line":59,"column":92},"end":{"line":59,"column":108}},"type":"binary-expr","locations":[{"start":{"line":59,"column":92},"end":{"line":59,"column":104}},{"start":{"line":59,"column":106},"end":{"line":59,"column":108}}],"line":59}},"s":{"0":0,"1":0,"2":0,"3":0,"4":0,"5":0,"6":0,"7":0,"8":0,"9":0,"10":0,"11":0,"12":0,"13":0,"14":0,"15":0,"16":0,"17":0,"18":0},"f":{"0":0,"1":0,"2":0,"3":0,"4":0,"5":0},"b":{"0":[0,0],"1":[0,0],"2":[0,0],"3":[0,0],"4":[0,0]}}
,"C:\\Users\\Petty\\WebstormProjects\\vue2-platform-ui\\src\\components\\chart\\chartjs\\vp-chartjs-polar.vue": {"path":"C:\\Users\\Petty\\WebstormProjects\\vue2-platform-ui\\src\\components\\chart\\chartjs\\vp-chartjs-polar.vue","statementMap":{"0":{"start":{"line":1,"column":1},"end":{"line":55,"column":4}},"1":{"start":{"line":4,"column":0},"end":{"line":6,"column":3}},"2":{"start":{"line":8,"column":13},"end":{"line":8,"column":32}},"3":{"start":{"line":10,"column":14},"end":{"line":10,"column":44}},"4":{"start":{"line":12,"column":39},"end":{"line":12,"column":93}},"5":{"start":{"line":14,"column":0},"end":{"line":41,"column":2}},"6":{"start":{"line":17,"column":4},"end":{"line":28,"column":6}},"7":{"start":{"line":34,"column":6},"end":{"line":34,"column":76}},"8":{"start":{"line":38,"column":14},"end":{"line":38,"column":63}},"9":{"start":{"line":39,"column":15},"end":{"line":39,"column":55}},"10":{"start":{"line":56,"column":0},"end":{"line":56,"column":70}},"11":{"start":{"line":56,"column":31},"end":{"line":56,"column":70}},"12":{"start":{"line":57,"column":24},"end":{"line":57,"column":100}},"13":{"start":{"line":58,"column":0},"end":{"line":58,"column":293}},"14":{"start":{"line":58,"column":54},"end":{"line":58,"column":58}},"15":{"start":{"line":58,"column":66},"end":{"line":58,"column":84}},"16":{"start":{"line":58,"column":92},"end":{"line":58,"column":108}},"17":{"start":{"line":58,"column":109},"end":{"line":58,"column":292}},"18":{"start":{"line":59,"column":0},"end":{"line":59,"column":37}}},"fnMap":{"0":{"name":"(anonymous_0)","decl":{"start":{"line":1,"column":2},"end":{"line":1,"column":3}},"loc":{"start":{"line":1,"column":12},"end":{"line":55,"column":1}},"line":1},"1":{"name":"_interopRequireDefault","decl":{"start":{"line":12,"column":9},"end":{"line":12,"column":31}},"loc":{"start":{"line":12,"column":37},"end":{"line":12,"column":95}},"line":12},"2":{"name":"data","decl":{"start":{"line":16,"column":17},"end":{"line":16,"column":21}},"loc":{"start":{"line":16,"column":24},"end":{"line":29,"column":3}},"line":16},"3":{"name":"id","decl":{"start":{"line":33,"column":17},"end":{"line":33,"column":19}},"loc":{"start":{"line":33,"column":22},"end":{"line":35,"column":5}},"line":33},"4":{"name":"mounted","decl":{"start":{"line":37,"column":20},"end":{"line":37,"column":27}},"loc":{"start":{"line":37,"column":30},"end":{"line":40,"column":3}},"line":37},"5":{"name":"render","decl":{"start":{"line":58,"column":35},"end":{"line":58,"column":41}},"loc":{"start":{"line":58,"column":45},"end":{"line":58,"column":293}},"line":58}},"branchMap":{"0":{"loc":{"start":{"line":12,"column":46},"end":{"line":12,"column":92}},"type":"cond-expr","locations":[{"start":{"line":12,"column":70},"end":{"line":12,"column":73}},{"start":{"line":12,"column":76},"end":{"line":12,"column":92}}],"line":12},"1":{"loc":{"start":{"line":12,"column":46},"end":{"line":12,"column":67}},"type":"binary-expr","locations":[{"start":{"line":12,"column":46},"end":{"line":12,"column":49}},{"start":{"line":12,"column":53},"end":{"line":12,"column":67}}],"line":12},"2":{"loc":{"start":{"line":56,"column":0},"end":{"line":56,"column":70}},"type":"if","locations":[{"start":{"line":56,"column":0},"end":{"line":56,"column":70}},{"start":{"line":56,"column":0},"end":{"line":56,"column":70}}],"line":56},"3":{"loc":{"start":{"line":57,"column":24},"end":{"line":57,"column":100}},"type":"cond-expr","locations":[{"start":{"line":57,"column":62},"end":{"line":57,"column":84}},{"start":{"line":57,"column":86},"end":{"line":57,"column":100}}],"line":57},"4":{"loc":{"start":{"line":58,"column":92},"end":{"line":58,"column":108}},"type":"binary-expr","locations":[{"start":{"line":58,"column":92},"end":{"line":58,"column":104}},{"start":{"line":58,"column":106},"end":{"line":58,"column":108}}],"line":58}},"s":{"0":0,"1":0,"2":0,"3":0,"4":0,"5":0,"6":0,"7":0,"8":0,"9":0,"10":0,"11":0,"12":0,"13":0,"14":0,"15":0,"16":0,"17":0,"18":0},"f":{"0":0,"1":0,"2":0,"3":0,"4":0,"5":0},"b":{"0":[0,0],"1":[0,0],"2":[0,0],"3":[0,0],"4":[0,0]}}
,"C:\\Users\\Petty\\WebstormProjects\\vue2-platform-ui\\src\\components\\chart\\chartjs\\vp-chartjs-radar.vue": {"path":"C:\\Users\\Petty\\WebstormProjects\\vue2-platform-ui\\src\\components\\chart\\chartjs\\vp-chartjs-radar.vue","statementMap":{"0":{"start":{"line":1,"column":1},"end":{"line":67,"column":4}},"1":{"start":{"line":4,"column":0},"end":{"line":6,"column":3}},"2":{"start":{"line":8,"column":13},"end":{"line":8,"column":32}},"3":{"start":{"line":10,"column":14},"end":{"line":10,"column":44}},"4":{"start":{"line":12,"column":39},"end":{"line":12,"column":93}},"5":{"start":{"line":14,"column":0},"end":{"line":53,"column":2}},"6":{"start":{"line":17,"column":4},"end":{"line":40,"column":6}},"7":{"start":{"line":46,"column":6},"end":{"line":46,"column":76}},"8":{"start":{"line":50,"column":14},"end":{"line":50,"column":63}},"9":{"start":{"line":51,"column":15},"end":{"line":51,"column":55}},"10":{"start":{"line":68,"column":0},"end":{"line":68,"column":70}},"11":{"start":{"line":68,"column":31},"end":{"line":68,"column":70}},"12":{"start":{"line":69,"column":24},"end":{"line":69,"column":100}},"13":{"start":{"line":70,"column":0},"end":{"line":70,"column":293}},"14":{"start":{"line":70,"column":54},"end":{"line":70,"column":58}},"15":{"start":{"line":70,"column":66},"end":{"line":70,"column":84}},"16":{"start":{"line":70,"column":92},"end":{"line":70,"column":108}},"17":{"start":{"line":70,"column":109},"end":{"line":70,"column":292}},"18":{"start":{"line":71,"column":0},"end":{"line":71,"column":37}}},"fnMap":{"0":{"name":"(anonymous_0)","decl":{"start":{"line":1,"column":2},"end":{"line":1,"column":3}},"loc":{"start":{"line":1,"column":12},"end":{"line":67,"column":1}},"line":1},"1":{"name":"_interopRequireDefault","decl":{"start":{"line":12,"column":9},"end":{"line":12,"column":31}},"loc":{"start":{"line":12,"column":37},"end":{"line":12,"column":95}},"line":12},"2":{"name":"data","decl":{"start":{"line":16,"column":17},"end":{"line":16,"column":21}},"loc":{"start":{"line":16,"column":24},"end":{"line":41,"column":3}},"line":16},"3":{"name":"id","decl":{"start":{"line":45,"column":17},"end":{"line":45,"column":19}},"loc":{"start":{"line":45,"column":22},"end":{"line":47,"column":5}},"line":45},"4":{"name":"mounted","decl":{"start":{"line":49,"column":20},"end":{"line":49,"column":27}},"loc":{"start":{"line":49,"column":30},"end":{"line":52,"column":3}},"line":49},"5":{"name":"render","decl":{"start":{"line":70,"column":35},"end":{"line":70,"column":41}},"loc":{"start":{"line":70,"column":45},"end":{"line":70,"column":293}},"line":70}},"branchMap":{"0":{"loc":{"start":{"line":12,"column":46},"end":{"line":12,"column":92}},"type":"cond-expr","locations":[{"start":{"line":12,"column":70},"end":{"line":12,"column":73}},{"start":{"line":12,"column":76},"end":{"line":12,"column":92}}],"line":12},"1":{"loc":{"start":{"line":12,"column":46},"end":{"line":12,"column":67}},"type":"binary-expr","locations":[{"start":{"line":12,"column":46},"end":{"line":12,"column":49}},{"start":{"line":12,"column":53},"end":{"line":12,"column":67}}],"line":12},"2":{"loc":{"start":{"line":68,"column":0},"end":{"line":68,"column":70}},"type":"if","locations":[{"start":{"line":68,"column":0},"end":{"line":68,"column":70}},{"start":{"line":68,"column":0},"end":{"line":68,"column":70}}],"line":68},"3":{"loc":{"start":{"line":69,"column":24},"end":{"line":69,"column":100}},"type":"cond-expr","locations":[{"start":{"line":69,"column":62},"end":{"line":69,"column":84}},{"start":{"line":69,"column":86},"end":{"line":69,"column":100}}],"line":69},"4":{"loc":{"start":{"line":70,"column":92},"end":{"line":70,"column":108}},"type":"binary-expr","locations":[{"start":{"line":70,"column":92},"end":{"line":70,"column":104}},{"start":{"line":70,"column":106},"end":{"line":70,"column":108}}],"line":70}},"s":{"0":0,"1":0,"2":0,"3":0,"4":0,"5":0,"6":0,"7":0,"8":0,"9":0,"10":0,"11":0,"12":0,"13":0,"14":0,"15":0,"16":0,"17":0,"18":0},"f":{"0":0,"1":0,"2":0,"3":0,"4":0,"5":0},"b":{"0":[0,0],"1":[0,0],"2":[0,0],"3":[0,0],"4":[0,0]}}
,"C:\\Users\\Petty\\WebstormProjects\\vue2-platform-ui\\src\\components\\chart\\echarts\\vp-echarts-bar-line.vue": {"path":"C:\\Users\\Petty\\WebstormProjects\\vue2-platform-ui\\src\\components\\chart\\echarts\\vp-echarts-bar-line.vue","statementMap":{"0":{"start":{"line":1,"column":1},"end":{"line":156,"column":4}},"1":{"start":{"line":4,"column":0},"end":{"line":6,"column":3}},"2":{"start":{"line":8,"column":18},"end":{"line":8,"column":53}},"3":{"start":{"line":10,"column":19},"end":{"line":10,"column":54}},"4":{"start":{"line":12,"column":39},"end":{"line":12,"column":93}},"5":{"start":{"line":14,"column":14},"end":{"line":14,"column":44}},"6":{"start":{"line":23,"column":0},"end":{"line":23,"column":33}},"7":{"start":{"line":24,"column":0},"end":{"line":24,"column":34}},"8":{"start":{"line":25,"column":0},"end":{"line":25,"column":41}},"9":{"start":{"line":26,"column":0},"end":{"line":26,"column":39}},"10":{"start":{"line":27,"column":0},"end":{"line":27,"column":40}},"11":{"start":{"line":29,"column":0},"end":{"line":155,"column":2}},"12":{"start":{"line":45,"column":8},"end":{"line":45,"column":42}},"13":{"start":{"line":65,"column":4},"end":{"line":77,"column":6}},"14":{"start":{"line":83,"column":6},"end":{"line":83,"column":76}},"15":{"start":{"line":86,"column":23},"end":{"line":86,"column":25}},"16":{"start":{"line":87,"column":6},"end":{"line":89,"column":9}},"17":{"start":{"line":88,"column":8},"end":{"line":88,"column":35}},"18":{"start":{"line":90,"column":6},"end":{"line":90,"column":24}},"19":{"start":{"line":95,"column":6},"end":{"line":97,"column":7}},"20":{"start":{"line":96,"column":8},"end":{"line":96,"column":29}},"21":{"start":{"line":99,"column":6},"end":{"line":99,"column":66}},"22":{"start":{"line":100,"column":6},"end":{"line":134,"column":9}},"23":{"start":{"line":137,"column":6},"end":{"line":137,"column":26}},"24":{"start":{"line":142,"column":6},"end":{"line":142,"column":25}},"25":{"start":{"line":145,"column":6},"end":{"line":145,"column":25}},"26":{"start":{"line":149,"column":15},"end":{"line":149,"column":19}},"27":{"start":{"line":150,"column":4},"end":{"line":150,"column":23}},"28":{"start":{"line":151,"column":4},"end":{"line":153,"column":7}},"29":{"start":{"line":152,"column":6},"end":{"line":152,"column":25}},"30":{"start":{"line":157,"column":0},"end":{"line":157,"column":70}},"31":{"start":{"line":157,"column":31},"end":{"line":157,"column":70}},"32":{"start":{"line":158,"column":24},"end":{"line":158,"column":100}},"33":{"start":{"line":159,"column":0},"end":{"line":159,"column":321}},"34":{"start":{"line":159,"column":54},"end":{"line":159,"column":58}},"35":{"start":{"line":159,"column":66},"end":{"line":159,"column":84}},"36":{"start":{"line":159,"column":92},"end":{"line":159,"column":108}},"37":{"start":{"line":159,"column":109},"end":{"line":159,"column":320}},"38":{"start":{"line":160,"column":0},"end":{"line":160,"column":37}}},"fnMap":{"0":{"name":"(anonymous_0)","decl":{"start":{"line":1,"column":2},"end":{"line":1,"column":3}},"loc":{"start":{"line":1,"column":12},"end":{"line":156,"column":1}},"line":1},"1":{"name":"_interopRequireDefault","decl":{"start":{"line":12,"column":9},"end":{"line":12,"column":31}},"loc":{"start":{"line":12,"column":37},"end":{"line":12,"column":95}},"line":12},"2":{"name":"_default","decl":{"start":{"line":44,"column":24},"end":{"line":44,"column":32}},"loc":{"start":{"line":44,"column":35},"end":{"line":46,"column":7}},"line":44},"3":{"name":"data","decl":{"start":{"line":64,"column":17},"end":{"line":64,"column":21}},"loc":{"start":{"line":64,"column":24},"end":{"line":78,"column":3}},"line":64},"4":{"name":"id","decl":{"start":{"line":82,"column":17},"end":{"line":82,"column":19}},"loc":{"start":{"line":82,"column":22},"end":{"line":84,"column":5}},"line":82},"5":{"name":"legendData","decl":{"start":{"line":85,"column":25},"end":{"line":85,"column":35}},"loc":{"start":{"line":85,"column":38},"end":{"line":91,"column":5}},"line":85},"6":{"name":"(anonymous_6)","decl":{"start":{"line":87,"column":26},"end":{"line":87,"column":27}},"loc":{"start":{"line":87,"column":42},"end":{"line":89,"column":7}},"line":87},"7":{"name":"renderChart","decl":{"start":{"line":94,"column":26},"end":{"line":94,"column":37}},"loc":{"start":{"line":94,"column":40},"end":{"line":135,"column":5}},"line":94},"8":{"name":"resizeChart","decl":{"start":{"line":136,"column":26},"end":{"line":136,"column":37}},"loc":{"start":{"line":136,"column":40},"end":{"line":138,"column":5}},"line":136},"9":{"name":"xAxisData","decl":{"start":{"line":141,"column":24},"end":{"line":141,"column":33}},"loc":{"start":{"line":141,"column":36},"end":{"line":143,"column":5}},"line":141},"10":{"name":"series","decl":{"start":{"line":144,"column":21},"end":{"line":144,"column":27}},"loc":{"start":{"line":144,"column":30},"end":{"line":146,"column":5}},"line":144},"11":{"name":"mounted","decl":{"start":{"line":148,"column":20},"end":{"line":148,"column":27}},"loc":{"start":{"line":148,"column":30},"end":{"line":154,"column":3}},"line":148},"12":{"name":"(anonymous_12)","decl":{"start":{"line":151,"column":38},"end":{"line":151,"column":39}},"loc":{"start":{"line":151,"column":50},"end":{"line":153,"column":5}},"line":151},"13":{"name":"render","decl":{"start":{"line":159,"column":35},"end":{"line":159,"column":41}},"loc":{"start":{"line":159,"column":45},"end":{"line":159,"column":321}},"line":159}},"branchMap":{"0":{"loc":{"start":{"line":12,"column":46},"end":{"line":12,"column":92}},"type":"cond-expr","locations":[{"start":{"line":12,"column":70},"end":{"line":12,"column":73}},{"start":{"line":12,"column":76},"end":{"line":12,"column":92}}],"line":12},"1":{"loc":{"start":{"line":12,"column":46},"end":{"line":12,"column":67}},"type":"binary-expr","locations":[{"start":{"line":12,"column":46},"end":{"line":12,"column":49}},{"start":{"line":12,"column":53},"end":{"line":12,"column":67}}],"line":12},"2":{"loc":{"start":{"line":95,"column":6},"end":{"line":97,"column":7}},"type":"if","locations":[{"start":{"line":95,"column":6},"end":{"line":97,"column":7}},{"start":{"line":95,"column":6},"end":{"line":97,"column":7}}],"line":95},"3":{"loc":{"start":{"line":157,"column":0},"end":{"line":157,"column":70}},"type":"if","locations":[{"start":{"line":157,"column":0},"end":{"line":157,"column":70}},{"start":{"line":157,"column":0},"end":{"line":157,"column":70}}],"line":157},"4":{"loc":{"start":{"line":158,"column":24},"end":{"line":158,"column":100}},"type":"cond-expr","locations":[{"start":{"line":158,"column":62},"end":{"line":158,"column":84}},{"start":{"line":158,"column":86},"end":{"line":158,"column":100}}],"line":158},"5":{"loc":{"start":{"line":159,"column":92},"end":{"line":159,"column":108}},"type":"binary-expr","locations":[{"start":{"line":159,"column":92},"end":{"line":159,"column":104}},{"start":{"line":159,"column":106},"end":{"line":159,"column":108}}],"line":159}},"s":{"0":0,"1":0,"2":0,"3":0,"4":0,"5":0,"6":0,"7":0,"8":0,"9":0,"10":0,"11":0,"12":0,"13":0,"14":0,"15":0,"16":0,"17":0,"18":0,"19":0,"20":0,"21":0,"22":0,"23":0,"24":0,"25":0,"26":0,"27":0,"28":0,"29":0,"30":0,"31":0,"32":0,"33":0,"34":0,"35":0,"36":0,"37":0,"38":0},"f":{"0":0,"1":0,"2":0,"3":0,"4":0,"5":0,"6":0,"7":0,"8":0,"9":0,"10":0,"11":0,"12":0,"13":0},"b":{"0":[0,0],"1":[0,0],"2":[0,0],"3":[0,0],"4":[0,0],"5":[0,0]}}
,"C:\\Users\\Petty\\WebstormProjects\\vue2-platform-ui\\src\\components\\chart\\echarts\\vp-echarts-pie.vue": {"path":"C:\\Users\\Petty\\WebstormProjects\\vue2-platform-ui\\src\\components\\chart\\echarts\\vp-echarts-pie.vue","statementMap":{"0":{"start":{"line":1,"column":1},"end":{"line":119,"column":4}},"1":{"start":{"line":4,"column":0},"end":{"line":6,"column":3}},"2":{"start":{"line":8,"column":18},"end":{"line":8,"column":53}},"3":{"start":{"line":10,"column":19},"end":{"line":10,"column":54}},"4":{"start":{"line":12,"column":39},"end":{"line":12,"column":93}},"5":{"start":{"line":14,"column":14},"end":{"line":14,"column":44}},"6":{"start":{"line":23,"column":0},"end":{"line":23,"column":33}},"7":{"start":{"line":24,"column":0},"end":{"line":24,"column":41}},"8":{"start":{"line":25,"column":0},"end":{"line":25,"column":39}},"9":{"start":{"line":26,"column":0},"end":{"line":26,"column":40}},"10":{"start":{"line":28,"column":0},"end":{"line":118,"column":2}},"11":{"start":{"line":44,"column":8},"end":{"line":44,"column":42}},"12":{"start":{"line":59,"column":4},"end":{"line":65,"column":6}},"13":{"start":{"line":70,"column":6},"end":{"line":70,"column":76}},"14":{"start":{"line":73,"column":23},"end":{"line":73,"column":25}},"15":{"start":{"line":74,"column":6},"end":{"line":76,"column":9}},"16":{"start":{"line":75,"column":8},"end":{"line":75,"column":35}},"17":{"start":{"line":77,"column":6},"end":{"line":77,"column":24}},"18":{"start":{"line":82,"column":6},"end":{"line":84,"column":7}},"19":{"start":{"line":83,"column":8},"end":{"line":83,"column":29}},"20":{"start":{"line":86,"column":6},"end":{"line":86,"column":66}},"21":{"start":{"line":88,"column":6},"end":{"line":100,"column":9}},"22":{"start":{"line":103,"column":6},"end":{"line":103,"column":26}},"23":{"start":{"line":108,"column":6},"end":{"line":108,"column":25}},"24":{"start":{"line":112,"column":15},"end":{"line":112,"column":19}},"25":{"start":{"line":113,"column":4},"end":{"line":113,"column":23}},"26":{"start":{"line":114,"column":4},"end":{"line":116,"column":7}},"27":{"start":{"line":115,"column":6},"end":{"line":115,"column":25}},"28":{"start":{"line":120,"column":0},"end":{"line":120,"column":70}
[...]
:{"line":14,"column":95}},"line":14},"2":{"name":"component","decl":{"start":{"line":28,"column":24},"end":{"line":28,"column":33}},"loc":{"start":{"line":28,"column":43},"end":{"line":28,"column":89}},"line":28},"3":{"name":"component","decl":{"start":{"line":44,"column":24},"end":{"line":44,"column":33}},"loc":{"start":{"line":44,"column":43},"end":{"line":44,"column":92}},"line":44},"4":{"name":"component","decl":{"start":{"line":51,"column":24},"end":{"line":51,"column":33}},"loc":{"start":{"line":51,"column":43},"end":{"line":51,"column":91}},"line":51},"5":{"name":"component","decl":{"start":{"line":65,"column":24},"end":{"line":65,"column":33}},"loc":{"start":{"line":65,"column":43},"end":{"line":65,"column":89}},"line":65},"6":{"name":"component","decl":{"start":{"line":81,"column":24},"end":{"line":81,"column":33}},"loc":{"start":{"line":81,"column":43},"end":{"line":81,"column":94}},"line":81},"7":{"name":"component","decl":{"start":{"line":88,"column":24},"end":{"line":88,"column":33}},"loc":{"start":{"line":88,"column":43},"end":{"line":88,"column":98}},"line":88},"8":{"name":"component","decl":{"start":{"line":102,"column":24},"end":{"line":102,"column":33}},"loc":{"start":{"line":102,"column":43},"end":{"line":102,"column":92}},"line":102},"9":{"name":"component","decl":{"start":{"line":118,"column":24},"end":{"line":118,"column":33}},"loc":{"start":{"line":118,"column":43},"end":{"line":118,"column":90}},"line":118},"10":{"name":"component","decl":{"start":{"line":125,"column":24},"end":{"line":125,"column":33}},"loc":{"start":{"line":125,"column":43},"end":{"line":125,"column":90}},"line":125},"11":{"name":"component","decl":{"start":{"line":140,"column":24},"end":{"line":140,"column":33}},"loc":{"start":{"line":140,"column":43},"end":{"line":140,"column":88}},"line":140},"12":{"name":"component","decl":{"start":{"line":156,"column":24},"end":{"line":156,"column":33}},"loc":{"start":{"line":156,"column":43},"end":{"line":156,"column":93}},"line":156},"13":{"name":"component","decl":{"start":{"line":163,"column":24},"end":{"line":163,"column":33}},"loc":{"start":{"line":163,"column":43},"end":{"line":163,"column":96}},"line":163},"14":{"name":"component","decl":{"start":{"line":178,"column":24},"end":{"line":178,"column":33}},"loc":{"start":{"line":178,"column":43},"end":{"line":178,"column":87}},"line":178},"15":{"name":"component","decl":{"start":{"line":189,"column":22},"end":{"line":189,"column":31}},"loc":{"start":{"line":189,"column":41},"end":{"line":189,"column":86}},"line":189},"16":{"name":"component","decl":{"start":{"line":195,"column":22},"end":{"line":195,"column":31}},"loc":{"start":{"line":195,"column":41},"end":{"line":195,"column":91}},"line":195}},"branchMap":{"0":{"loc":{"start":{"line":1,"column":313},"end":{"line":1,"column":359}},"type":"cond-expr","locations":[{"start":{"line":1,"column":337},"end":{"line":1,"column":340}},{"start":{"line":1,"column":343},"end":{"line":1,"column":359}}],"line":1},"1":{"loc":{"start":{"line":1,"column":313},"end":{"line":1,"column":334}},"type":"binary-expr","locations":[{"start":{"line":1,"column":313},"end":{"line":1,"column":316}},{"start":{"line":1,"column":320},"end":{"line":1,"column":334}}],"line":1}},"s":{"0":0,"1":0,"2":0,"3":0,"4":0,"5":0,"6":0,"7":0,"8":0,"9":0,"10":0,"11":0,"12":0,"13":0,"14":0,"15":0,"16":0,"17":0,"18":0,"19":0,"20":0,"21":0,"22":0,"23":0,"24":0,"25":0},"f":{"0":0,"1":0,"2":0,"3":0,"4":0,"5":0,"6":0,"7":0,"8":0,"9":0,"10":0,"11":0,"12":0,"13":0,"14":0,"15":0,"16":0},"b":{"0":[0,0],"1":[0,0]}}
,"C:\\Users\\Petty\\WebstormProjects\\vue2-platform-ui\\src\\vuex\\actions.js": {"path":"C:\\Users\\Petty\\WebstormProjects\\vue2-platform-ui\\src\\vuex\\actions.js","statementMap":{"0":{"start":{"line":1,"column":13},"end":{"line":1,"column":75}},"1":{"start":{"line":1,"column":89},"end":{"line":4,"column":5}},"2":{"start":{"line":3,"column":4},"end":{"line":3,"column":32}},"3":{"start":{"line":4,"column":6},"end":{"line":6,"column":8}}},"fnMap":{"0":{"name":"increment","decl":{"start":{"line":2,"column":22},"end":{"line":2,"column":31}},"loc":{"start":{"line":2,"column":41},"end":{"line":4,"column":3}},"line":2}},"branchMap":{},"s":{"0":0,"1":0,"2":0,"3":0},"f":{"0":0},"b":{}}
,"C:\\Users\\Petty\\WebstormProjects\\vue2-platform-ui\\src\\vuex\\getters.js": {"path":"C:\\Users\\Petty\\WebstormProjects\\vue2-platform-ui\\src\\vuex\\getters.js","statementMap":{"0":{"start":{"line":1,"column":13},"end":{"line":1,"column":75}},"1":{"start":{"line":1,"column":89},"end":{"line":2,"column":62}},"2":{"start":{"line":2,"column":40},"end":{"line":2,"column":59}},"3":{"start":{"line":2,"column":63},"end":{"line":4,"column":8}}},"fnMap":{"0":{"name":"increment","decl":{"start":{"line":2,"column":22},"end":{"line":2,"column":31}},"loc":{"start":{"line":2,"column":39},"end":{"line":2,"column":60}},"line":2}},"branchMap":{},"s":{"0":0,"1":0,"2":0,"3":0},"f":{"0":0},"b":{}}
,"C:\\Users\\Petty\\WebstormProjects\\vue2-platform-ui\\src\\vuex\\mutations.js": {"path":"C:\\Users\\Petty\\WebstormProjects\\vue2-platform-ui\\src\\vuex\\mutations.js","statementMap":{"0":{"start":{"line":1,"column":13},"end":{"line":1,"column":75}},"1":{"start":{"line":1,"column":91},"end":{"line":4,"column":5}},"2":{"start":{"line":3,"column":4},"end":{"line":3,"column":18}},"3":{"start":{"line":4,"column":6},"end":{"line":6,"column":10}}},"fnMap":{"0":{"name":"increment","decl":{"start":{"line":2,"column":22},"end":{"line":2,"column":31}},"loc":{"start":{"line":2,"column":39},"end":{"line":4,"column":3}},"line":2}},"branchMap":{},"s":{"0":0,"1":0,"2":0,"3":0},"f":{"0":0},"b":{}}
,"C:\\Users\\Petty\\WebstormProjects\\vue2-platform-ui\\src\\vuex\\store.js": {"path":"C:\\Users\\Petty\\WebstormProjects\\vue2-platform-ui\\src\\vuex\\store.js","statementMap":{"0":{"start":{"line":1,"column":13},"end":{"line":1,"column":75}},"1":{"start":{"line":1,"column":86},"end":{"line":1,"column":100}},"2":{"start":{"line":1,"column":113},"end":{"line":1,"column":141}},"3":{"start":{"line":2,"column":12},"end":{"line":2,"column":27}},"4":{"start":{"line":2,"column":41},"end":{"line":2,"column":70}},"5":{"start":{"line":4,"column":15},"end":{"line":4,"column":35}},"6":{"start":{"line":4,"column":52},"end":{"line":4,"column":84}},"7":{"start":{"line":5,"column":17},"end":{"line":5,"column":39}},"8":{"start":{"line":5,"column":58},"end":{"line":5,"column":92}},"9":{"start":{"line":6,"column":15},"end":{"line":6,"column":35}},"10":{"start":{"line":6,"column":52},"end":{"line":6,"column":84}},"11":{"start":{"line":8,"column":12},"end":{"line":8,"column":37}},"12":{"start":{"line":8,"column":51},"end":{"line":8,"column":80}},"13":{"start":{"line":8,"column":119},"end":{"line":8,"column":173}},"14":{"start":{"line":10,"column":0},"end":{"line":10,"column":34}},"15":{"start":{"line":12,"column":12},"end":{"line":13,"column":12}},"16":{"start":{"line":16,"column":12},"end":{"line":23,"column":31}},"17":{"start":{"line":23,"column":32},"end":{"line":26,"column":6}}},"fnMap":{"0":{"name":"_interopRequireDefault","decl":{"start":{"line":8,"column":90},"end":{"line":8,"column":112}},"loc":{"start":{"line":8,"column":118},"end":{"line":8,"column":174}},"line":8}},"branchMap":{"0":{"loc":{"start":{"line":8,"column":126},"end":{"line":8,"column":172}},"type":"cond-expr","locations":[{"start":{"line":8,"column":150},"end":{"line":8,"column":153}},{"start":{"line":8,"column":156},"end":{"line":8,"column":172}}],"line":8},"1":{"loc":{"start":{"line":8,"column":126},"end":{"line":8,"column":147}},"type":"binary-expr","locations":[{"start":{"line":8,"column":126},"end":{"line":8,"column":129}},{"start":{"line":8,"column":133},"end":{"line":8,"column":147}}],"line":8}},"s":{"0":0,"1":0,"2":0,"3":0,"4":0,"5":0,"6":0,"7":0,"8":0,"9":0,"10":0,"11":0,"12":0,"13":0,"14":0,"15":0,"16":0,"17":0},"f":{"0":0},"b":{"0":[0,0],"1":[0,0]}}
,"C:\\Users\\Petty\\WebstormProjects\\vue2-platform-ui\\src\\vuex\\modules\\home.js": {"path":"C:\\Users\\Petty\\WebstormProjects\\vue2-platform-ui\\src\\vuex\\modules\\home.js","statementMap":{"0":{"start":{"line":1,"column":13},"end":{"line":1,"column":75}},"1":{"start":{"line":1,"column":92},"end":{"line":1,"column":139}},"2":{"start":{"line":1,"column":158},"end":{"line":1,"column":192}},"3":{"start":{"line":1,"column":219},"end":{"line":1,"column":269}},"4":{"start":{"line":1,"column":296},"end":{"line":1,"column":339}},"5":{"start":{"line":1,"column":353},"end":{"line":1,"column":378}},"6":{"start":{"line":1,"column":393},"end":{"line":1,"column":423}},"7":{"start":{"line":2,"column":14},"end":{"line":2,"column":40}},"8":{"start":{"line":3,"column":13},"end":{"line":3,"column":36}},"9":{"start":{"line":3,"column":51},"end":{"line":3,"column":81}},"10":{"start":{"line":3,"column":120},"end":{"line":3,"column":174}},"11":{"start":{"line":6,"column":12},"end":{"line":30,"column":1}},"12":{"start":{"line":30,"column":16},"end":{"line":54,"column":1}},"13":{"start":{"line":32,"column":20},"end":{"line":32,"column":57}},"14":{"start":{"line":33,"column":4},"end":{"line":37,"column":5}},"15":{"start":{"line":34,"column":6},"end":{"line":34,"column":33}},"16":{"start":{"line":36,"column":6},"end":{"line":36,"column":34}},"17":{"start":{"line":38,"column":4},"end":{"line":38,"column":31}},"18":{"start":{"line":40,"column":44},"end":{"line":40,"column":66}},"19":{"start":{"line":41,"column":56},"end":{"line":41,"column":84}},"20":{"start":{"line":43,"column":4},"end":{"line":48,"column":5}},"21":{"start":{"line":44,"column":22},"end":{"line":44,"column":59}},"22":{"start":{"line":45,"column":6},"end":{"line":47,"column":7}},"23":{"start":{"line":46,"column":8},"end":{"line":46,"column":67}},"24":{"start":{"line":49,"column":4},"end":{"line":49,"column":30}},"25":{"start":{"line":54,"column":16},"end":{"line":57,"column":5}},"26":{"start":{"line":56,"column":4},"end":{"line":56,"column":33}},"27":{"start":{"line":61,"column":16},"end":{"line":155,"column":5}},"28":{"start":{"line":63,"column":4},"end":{"line":66,"column":5}},"29":{"start":{"line":64,"column":6},"end":{"line":64,"column":57}},"30":{"start":{"line":65,"column":6},"end":{"line":65,"column":40}},"31":{"start":{"line":69,"column":22},"end":{"line":69,"column":42}},"32":{"start":{"line":70,"column":4},"end":{"line":70,"column":55}},"33":{"start":{"line":72,"column":4},"end":{"line":72,"column":32}},"34":{"start":{"line":73,"column":4},"end":{"line":73,"column":38}},"35":{"start":{"line":76,"column":4},"end":{"line":76,"column":40}},"36":{"start":{"line":79,"column":4},"end":{"line":79,"column":64}},"37":{"start":{"line":80,"column":21},"end":{"line":80,"column":37}},"38":{"start":{"line":82,"column":15},"end":{"line":85,"column":17}},"39":{"start":{"line":87,"column":4},"end":{"line":87,"column":36}},"40":{"start":{"line":88,"column":4},"end":{"line":123,"column":7}},"41":{"start":{"line":89,"column":22},"end":{"line":89,"column":31}},"42":{"start":{"line":90,"column":6},"end":{"line":122,"column":7}},"43":{"start":{"line":91,"column":8},"end":{"line":91,"column":43}},"44":{"start":{"line":92,"column":8},"end":{"line":101,"column":9}},"45":{"start":{"line":93,"column":22},"end":{"line":99,"column":11}},"46":{"start":{"line":99,"column":12},"end":{"line":99,"column":70}},"47":{"start":{"line":100,"column":10},"end":{"line":100,"column":43}},"48":{"start":{"line":103,"column":8},"end":{"line":121,"column":11}},"49":{"start":{"line":104,"column":31},"end":{"line":104,"column":40}},"50":{"start":{"line":105,"column":10},"end":{"line":105,"column":39}},"51":{"start":{"line":106,"column":10},"end":{"line":120,"column":11}},"52":{"start":{"line":107,"column":30},"end":{"line":109,"column":31}},"53":{"start":{"line":111,"column":29},"end":{"line":117,"column":13}},"54":{"start":{"line":117,"column":14},"end":{"line":117,"column":77}},"55":{"start":{"line":118,"column":12},"end":{"line":118,"column":51}},"56":{"start":{"line":119,"column":12},"end":{"line":119,"column":50}},"57":{"start":{"line":126,"column":4},"end":{"line":127,"column":28}},"58":{"start":{"line":129,"column":4},"end":{"line":129,"column":33}},"59":{"start":{"line":130,"column":4},"end":{"line":130,"column":77}},"60":{"start":{"line":133,"column":26},"end":{"line":133,"column":27}},"61":{"start":{"line":134,"column":25},"end":{"line":134,"column":39}},"62":{"start":{"line":135,"column":4},"end":{"line":139,"column":7}},"63":{"start":{"line":136,"column":6},"end":{"line":138,"column":7}},"64":{"start":{"line":137,"column":8},"end":{"line":137,"column":32}},"65":{"start":{"line":140,"column":4},"end":{"line":145,"column":5}},"66":{"start":{"line":141,"column":6},"end":{"line":141,"column":35}},"67":{"start":{"line":143,"column":6},"end":{"line":143,"column":53}},"68":{"start":{"line":144,"column":6},"end":{"line":144,"column":56}},"69":{"start":{"line":146,"column":4},"end":{"line":146,"column":77}},"70":{"start":{"line":149,"column":4},"end":{"line":153,"column":7}},"71":{"start":{"line":150,"column":6},"end":{"line":152,"column":7}},"72":{"start":{"line":151,"column":8},"end":{"line":151,"column":44}},"73":{"start":{"line":154,"column":4},"end":{"line":154,"column":77}},"74":{"start":{"line":155,"column":6},"end":{"line":162,"column":25}}},"fnMap":{"0":{"name":"_interopRequireDefault","decl":{"start":{"line":3,"column":91},"end":{"line":3,"column":113}},"loc":{"start":{"line":3,"column":119},"end":{"line":3,"column":175}},"line":3},"1":{"name":"getToggleMenu","decl":{"start":{"line":31,"column":26},"end":{"line":31,"column":39}},"loc":{"start":{"line":31,"column":42},"end":{"line":39,"column":3}},"line":31},"2":{"name":"getMenuList","decl":{"start":{"line":40,"column":24},"end":{"line":40,"column":35}},"loc":{"start":{"line":40,"column":43},"end":{"line":40,"column":67}},"line":40},"3":{"name":"getBreadcrumbList","decl":{"start":{"line":41,"column":30},"end":{"line":41,"column":47}},"loc":{"start":{"line":41,"column":55},"end":{"line":41,"column":85}},"line":41},"4":{"name":"getOpenPageList","decl":{"start":{"line":42,"column":28},"end":{"line":42,"column":43}},"loc":{"start":{"line":42,"column":46},"end":{"line":50,"column":3}},"line":42},"5":{"name":"toggleMenu","decl":{"start":{"line":55,"column":23},"end":{"line":55,"column":33}},"loc":{"start":{"line":55,"column":43},"end":{"line":57,"column":3}},"line":55},"6":{"name":"setToggleMenu","decl":{"start":{"line":62,"column":26},"end":{"line":62,"column":39}},"loc":{"start":{"line":62,"column":60},"end":{"line":67,"column":3}},"line":62},"7":{"name":"toggleMenu","decl":{"start":{"line":68,"column":23},"end":{"line":68,"column":33}},"loc":{"start":{"line":68,"column":41},"end":{"line":74,"column":3}},"line":68},"8":{"name":"updateMenuList","decl":{"start":{"line":75,"column":27},"end":{"line":75,"column":41}},"loc":{"start":{"line":75,"column":49},"end":{"line":77,"column":3}},"line":75},"9":{"name":"updateOpenPageList","decl":{"start":{"line":78,"column":31},"end":{"line":78,"column":49}},"loc":{"start":{"line":78,"column":69},"end":{"line":124,"column":3}},"line":78},"10":{"name":"(anonymous_10)","decl":{"start":{"line":88,"column":23},"end":{"line":88,"column":24}},"loc":{"start":{"line":88,"column":39},"end":{"line":123,"column":5}},"line":88},"11":{"name":"(anonymous_11)","decl":{"start":{"line":103,"column":29},"end":{"line":103,"column":30}},"loc":{"start":{"line":103,"column":46},"end":{"line":121,"column":9}},"line":103},"12":{"name":"closeAllTags","decl":{"start":{"line":125,"column":25},"end":{"line":125,"column":37}},"loc":{"start":{"line":125,"column":45},"end":{"line":131,"column":3}},"line":125},"13":{"name":"closeOtherTags","decl":{"start":{"line":132,"column":27},"end":{"line":132,"column":41}},"loc":{"start":{"line":132,"column":53},"end":{"line":147,"column":3}},"line":132},"14":{"name":"(anonymous_14)","decl":{"start":{"line":135,"column":31},"end":{"line":135,"column":32}},"loc":{"start":{"line":135,"column":54},"end":{"line":139,"column":5}},"line":135},"15":{"name":"closeTag","decl":{"start":{"line":148,"column":21},"end":{"line":148,"column":29}},"loc":{"start":{"line":148,"column":43},"end":{"line":155,"column":3}},"line":148},"16":{"name":"(anonymous_16)","decl":{"start":{"line":149,"column":31},"end":{"line":149,"column":32}},"loc":{"start":{"line":149,"column":54},"end":{"line":153,"column":5}},"line":149}},"branchMap":{"0":{"loc":{"start":{"line":3,"column":127},"end":{"line":3,"column":173}},"type":"cond-expr","locations":[{"start":{"line":3,"column":151},"end":{"line":3,"column":154}},{"start":{"line":3,"column":157},"end":{"line":3,"column":173}}],"line":3},"1":{"loc":{"start":{"line":3,"column":127},"end":{"line":3,"column":148}},"type":"binary-expr","locations":[{"start":{"line":3,"column":127},"end":{"line":3,"column":130}},{"start":{"line":3,"column":134},"end":{"line":3,"column":148}}],"line":3},"2":{"loc":{"start":{"line":33,"column":4},"end":{"line":37,"column":5}},"type":"if","locations":[{"start":{"line":33,"column":4},"end":{"line":37,"column":5}},{"start":{"line":33,"column":4},"end":{"line":37,"column":5}}],"line":33},"3":{"loc":{"start":{"line":43,"column":4},"end":{"line":48,"column":5}},"type":"if","locations":[{"start":{"line":43,"column":4},"end":{"line":48,"column":5}},{"start":{"line":43,"column":4},"end":{"line":48,"column":5}}],"line":43},"4":{"loc":{"start":{"line":45,"column":6},"end":{"line":47,"column":7}},"type":"if","locations":[{"start":{"line":45,"column":6},"end":{"line":47,"column":7}},{"start":{"line":45,"column":6},"end":{"line":47,"column":7}}],"line":45},"5":{"loc":{"start":{"line":63,"column":4},"end":{"line":66,"column":5}},"type":"if","locations":[{"start":{"line":63,"column":4},"end":{"line":66,"column":5}},{"start":{"line":63,"column":4},"end":{"line":66,"column":5}}],"line":63},"6":{"loc":{"start":{"line":90,"column":6},"end":{"line":122,"column":7}},"type":"if","locations":[{"start":{"line":90,"column":6},"end":{"line":122,"column":7}},{"start":{"line":90,"column":6},"end":{"line":122,"column":7}}],"line":90},"7":{"loc":{"start":{"line":92,"column":8},"end":{"line":101,"column":9}},"type":"if","locations":[{"start":{"line":92,"column":8},"end":{"line":101,"column":9}},{"start":{"line":92,"column":8},"end":{"line":101,"column":9}}],"line":92},"8":{"loc":{"start":{"line":106,"column":10},"end":{"line":120,"column":11}},"type":"if","locations":[{"start":{"line":106,"column":10},"end":{"line":120,"column":11}},{"start":{"line":106,"column":10},"end":{"line":120,"column":11}}],"line":106},"9":{"loc":{"start":{"line":136,"column":6},"end":{"line":138,"column":7}},"type":"if","locations":[{"start":{"line":136,"column":6},"end":{"line":138,"column":7}},{"start":{"line":136,"column":6},"end":{"line":138,"column":7}}],"line":136},"10":{"loc":{"start":{"line":140,"column":4},"end":{"line":145,"column":5}},"type":"if","locations":[{"start":{"line":140,"column":4},"end":{"line":145,"column":5}},{"start":{"line":140,"column":4},"end":{"line":145,"column":5}}],"line":140},"11":{"loc":{"start":{"line":150,"column":6},"end":{"line":152,"column":7}},"type":"if","locations":[{"start":{"line":150,"column":6},"end":{"line":152,"column":7}},{"start":{"line":150,"column":6},"end":{"line":152,"column":7}}],"line":150}},"s":{"0":0,"1":0,"2":0,"3":0,"4":0,"5":0,"6":0,"7":0,"8":0,"9":0,"10":0,"11":0,"12":0,"13":0,"14":0,"15":0,"16":0,"17":0,"18":0,"19":0,"20":0,"21":0,"22":0,"23":0,"24":0,"25":0,"26":0,"27":0,"28":0,"29":0,"30":0,"31":0,"32":0,"33":0,"34":0,"35":0,"36":0,"37":0,"38":0,"39":0,"40":0,"41":0,"42":0,"43":0,"44":0,"45":0,"46":0,"47":0,"48":0,"49":0,"50":0,"51":0,"52":0,"53":0,"54":0,"55":0,"56":0,"57":0,"58":0,"59":0,"60":0,"61":0,"62":0,"63":0,"64":0,"65":0,"66":0,"67":0,"68":0,"69":0,"70":0,"71":0,"72":0,"73":0,"74":0},"f":{"0":0,"1":0,"2":0,"3":0,"4":0,"5":0,"6":0,"7":0,"8":0,"9":0,"10":0,"11":0,"12":0,"13":0,"14":0,"15":0,"16":0},"b":{"0":[0,0],"1":[0,0],"2":[0,0],"3":[0,0],"4":[0,0],"5":[0,0],"6":[0,0],"7":[0,0],"8":[0,0],"9":[0,0],"10":[0,0],"11":[0,0]}}
}
