TN:
SF:C:\Users\Petty\WebstormProjects\vue2-platform-ui\src\App.vue
FN:1,(anonymous_0)
FN:20,render
FNF:2
FNH:0
FNDA:0,(anonymous_0)
FNDA:0,render
DA:1,0
DA:4,0
DA:14,0
DA:18,0
DA:19,0
DA:20,0
DA:21,0
LF:7
LH:0
BRDA:18,0,0,0
BRDA:18,0,1,0
BRDA:19,1,0,0
BRDA:19,1,1,0
BRDA:20,2,0,0
BRDA:20,2,1,0
BRF:6
BRH:0
end_of_record
TN:
SF:C:\Users\Petty\WebstormProjects\vue2-platform-ui\src\api\api.js
FN:1,_interopRequireDefault
FN:6,getTableData
FN:10,getBarData0
FN:14,getBarData1
FN:18,getBarData2
FN:22,getGuangdongMap
FN:26,getCityMap
FN:30,getProjectBarData
FN:34,getProcessBarData
FN:38,getInvestTotalBarData
FN:42,getInvestOrProjectBarData
FN:46,getDqTableData
FN:50,getBmTableData
FN:54,getPieData
FNF:14
FNH:0
FNDA:0,_interopRequireDefault
FNDA:0,getTableData
FNDA:0,getBarData0
FNDA:0,getBarData1
FNDA:0,getBarData2
FNDA:0,getGuangdongMap
FNDA:0,getCityMap
FNDA:0,getProjectBarData
FNDA:0,getProcessBarData
FNDA:0,getInvestTotalBarData
FNDA:0,getInvestOrProjectBarData
FNDA:0,getDqTableData
FNDA:0,getBmTableData
FNDA:0,getPieData
DA:1,0
DA:3,0
DA:7,0
DA:8,0
DA:11,0
DA:12,0
DA:15,0
DA:16,0
DA:19,0
DA:20,0
DA:23,0
DA:24,0
DA:27,0
DA:28,0
DA:31,0
DA:32,0
DA:35,0
DA:36,0
DA:39,0
DA:40,0
DA:43,0
DA:44,0
DA:47,0
DA:48,0
DA:51,0
DA:52,0
DA:55,0
DA:56,0
LF:28
LH:0
BRDA:1,0,0,0
BRDA:1,0,1,0
BRDA:1,1,0,0
BRDA:1,1,1,0
BRF:4
BRH:0
end_of_record
TN:
SF:C:\Users\Petty\WebstormProjects\vue2-platform-ui\src\api\http.js
FN:3,_interopRequireDefault
FN:10,(anonymous_1)
FN:13,(anonymous_2)
FN:17,(anonymous_3)
FN:19,(anonymous_4)
FN:23,checkStatus
FN:35,Post
FN:37,(anonymous_7)
FN:42,Get
FN:44,(anonymous_9)
FNF:10
FNH:0
FNDA:0,_interopRequireDefault
FNDA:0,(anonymous_1)
FNDA:0,(anonymous_2)
FNDA:0,(anonymous_3)
FNDA:0,(anonymous_4)
FNDA:0,checkStatus
FNDA:0,Post
FNDA:0,(anonymous_7)
FNDA:0,Get
FNDA:0,(anonymous_9)
DA:1,0
DA:2,0
DA:3,0
DA:5,0
DA:7,0
DA:8,0
DA:10,0
DA:12,0
DA:14,0
DA:17,0
DA:18,0
DA:20,0
DA:24,0
DA:25,0
DA:26,0
DA:27,0
DA:28,0
DA:29,0
DA:31,0
DA:32,0
DA:36,0
DA:38,0
DA:43,0
DA:45,0
LF:24
LH:0
BRDA:3,0,0,0
BRDA:3,0,1,0
BRDA:3,1,0,0
BRDA:3,1,1,0
BRDA:24,2,0,0
BRDA:24,2,1,0
BRDA:24,3,0,0
BRDA:24,3,1,0
BRDA:24,3,2,0
BRDA:24,3,3,0
BRDA:26,4,0,0
BRDA:26,4,1,0
BRDA:26,5,0,0
BRDA:26,5,1,0
BRDA:28,6,0,0
BRDA:28,6,1,0
BRDA:28,7,0,0
BRDA:28,7,1,0
BRF:18
BRH:0
end_of_record
TN:
SF:C:\Users\Petty\WebstormProjects\vue2-platform-ui\src\api\mock.js
FN:6,produceNewsData
FNF:1
FNH:0
FNDA:0,produceNewsData
DA:2,0
DA:4,0
DA:6,0
DA:7,0
DA:18,0
LF:5
LH:0
BRF:0
BRH:0
end_of_record
TN:
SF:C:\Users\Petty\WebstormProjects\vue2-platform-ui\src\components\analysis\vp-analysis-bus.vue
FN:1,(anonymous_0)
FN:16,_interopRequireDefault
FN:95,id
FN:98,height
FN:102,data
FN:107,mounted
FN:132,render
FNF:7
FNH:0
FNDA:0,(anonymous_0)
FNDA:0,_interopRequireDefault
FNDA:0,id
FNDA:0,height
FNDA:0,data
FNDA:0,mounted
FNDA:0,render
DA:1,0
DA:4,0
DA:8,0
DA:10,0
DA:12,0
DA:14,0
DA:16,0
DA:90,0
DA:96,0
DA:99,0
DA:103,0
DA:108,0
DA:114,0
DA:119,0
DA:124,0
DA:125,0
DA:126,0
DA:130,0
DA:131,0
DA:132,0
DA:133,0
LF:21
LH:0
BRDA:16,0,0,0
BRDA:16,0,1,0
BRDA:16,1,0,0
BRDA:16,1,1,0
BRDA:130,2,0,0
BRDA:130,2,1,0
BRDA:131,3,0,0
BRDA:131,3,1,0
BRDA:132,4,0,0
BRDA:132,4,1,0
BRF:10
BRH:0
end_of_record
TN:
SF:C:\Users\Petty\WebstormProjects\vue2-platform-ui\src\components\analysis\vp-analysis-data-map.vue
FN:1,(anonymous_0)
FN:12,_interopRequireDefault
FN:17,data
FN:36,render
FN:36,(anonymous_4)
FNF:5
FNH:0
FNDA:0,(anonymous_0)
FNDA:0,_interopRequireDefault
FNDA:0,data
FNDA:0,render
FNDA:0,(anonymous_4)
DA:1,0
DA:4,0
DA:8,0
DA:10,0
DA:12,0
DA:14,0
DA:18,0
DA:34,0
DA:35,0
DA:36,0
DA:37,0
LF:11
LH:0
BRDA:12,0,0,0
BRDA:12,0,1,0
BRDA:12,1,0,0
BRDA:12,1,1,0
BRDA:34,2,0,0
BRDA:34,2,1,0
BRDA:35,3,0,0
BRDA:35,3,1,0
BRDA:36,4,0,0
BRDA:36,4,1,0
BRF:10
BRH:0
end_of_record
TN:
SF:C:\Users\Petty\WebstormProjects\vue2-platform-ui\src\components\analysis\vp-mini-analysis-area.vue
FN:1,(anonymous_0)
FN:16,_interopRequireDefault
FN:53,data
FN:61,id
FN:65,mounted
FN:82,render
FNF:6
FNH:0
FNDA:0,(anonymous_0)
FNDA:0,_interopRequireDefault
FNDA:0,data
FNDA:0,id
FNDA:0,mounted
FNDA:0,render
DA:1,0
DA:4,0
DA:8,0
DA:10,0
DA:12,0
DA:14,0
DA:16,0
DA:50,0
DA:54,0
DA:62,0
DA:66,0
DA:73,0
DA:74,0
DA:75,0
DA:76,0
DA:80,0
DA:81,0
DA:82,0
DA:83,0
LF:19
LH:0
BRDA:16,0,0,0
BRDA:16,0,1,0
BRDA:16,1,0,0
BRDA:16,1,1,0
BRDA:80,2,0,0
BRDA:80,2,1,0
BRDA:81,3,0,0
BRDA:81,3,1,0
BRDA:82,4,0,0
BRDA:82,4,1,0
BRF:10
BRH:0
end_of_record
TN:
SF:C:\Users\Petty\WebstormProjects\vue2-platform-ui\src\components\analysis\vp-mini-analysis-bar.vue
FN:1,(anonymous_0)
FN:16,_interopRequireDefault
FN:53,data
FN:61,id
FN:65,mounted
FN:82,render
FNF:6
FNH:0
FNDA:0,(anonymous_0)
FNDA:0,_interopRequireDefault
FNDA:0,data
FNDA:0,id
FNDA:0,mounted
FNDA:0,render
DA:1,0
DA:4,0
DA:8,0
DA:10,0
DA:12,0
DA:14,0
DA:16,0
DA:50,0
DA:54,0
DA:62,0
DA:66,0
DA:73,0
DA:74,0
DA:75,0
DA:76,0
DA:80,0
DA:81,0
DA:82,0
DA:83,0
LF:19
LH:0
BRDA:16,0,0,0
BRDA:16,0,1,0
BRDA:16,1,0,0
BRDA:16,1,1,0
BRDA:80,2,0,0
BRDA:80,2,1,0
BRDA:81,3,0,0
BRDA:81,3,1,0
BRDA:82,4,0,0
BRDA:82,4,1,0
BRF:10
BRH:0
end_of_record
TN:
SF:C:\Users\Petty\WebstormProjects\vue2-platform-ui\src\components\analysis\vp-mini-analysis-line.vue
FN:1,(anonymous_0)
FN:16,_interopRequireDefault
FN:53,data
FN:61,id
FN:65,mounted
FN:82,render
FNF:6
FNH:0
FNDA:0,(anonymous_0)
FNDA:0,_interopRequireDefault
FNDA:0,data
FNDA:0,id
FNDA:0,mounted
FNDA:0,render
DA:1,0
DA:4,0
DA:8,0
DA:10,0
DA:12,0
DA:14,0
DA:16,0
DA:50,0
DA:54,0
DA:62,0
DA:66,0
DA:73,0
DA:74,0
DA:75,0
DA:76,0
DA:80,0
DA:81,0
DA:82,0
DA:83,0
LF:19
LH:0
BRDA:16,0,0,0
BRDA:16,0,1,0
BRDA:16,1,0,0
BRDA:16,1,1,0
BRDA:80,2,0,0
BRDA:80,2,1,0
BRDA:81,3,0,0
BRDA:81,3,1,0
BRDA:82,4,0,0
BRDA:82,4,1,0
BRF:10
BRH:0
end_of_record
TN:
SF:C:\Users\Petty\WebstormProjects\vue2-platform-ui\src\components\analysis\vp-mini-analysis-text.vue
FN:1,(anonymous_0)
FN:12,_interopRequireDefault
FN:56,render
FNF:3
FNH:0
FNDA:0,(anonymous_0)
FNDA:0,_interopRequireDefault
FNDA:0,render
DA:1,0
DA:4,0
DA:8,0
DA:10,0
DA:12,0
DA:14,0
DA:54,0
DA:55,0
DA:56,0
DA:57,0
LF:10
LH:0
BRDA:12,0,0,0
BRDA:12,0,1,0
BRDA:12,1,0,0
BRDA:12,1,1,0
BRDA:54,2,0,0
BRDA:54,2,1,0
BRDA:55,3,0,0
BRDA:55,3,1,0
BRDA:56,4,0,0
BRDA:56,4,1,0
BRF:10
BRH:0
end_of_record
TN:
SF:C:\Users\Petty\WebstormProjects\vue2-platform-ui\src\components\canvas\vp-bg-canvas.vue
FN:1,(anonymous_0)
FN:15,mounted
FN:29,rndNum
FN:32,rndCl
FN:35,velocityFunction
FN:39,iniNode
FN:45,createNodes
FN:60,(anonymous_7)
FN:61,(anonymous_8)
FN:69,frame
FN:70,(anonymous_10)
FN:87,(anonymous_11)
FN:105,(anonymous_12)
FN:128,(anonymous_13)
FN:139,(anonymous_14)
FN:158,render
FNF:16
FNH:0
FNDA:0,(anonymous_0)
FNDA:0,mounted
FNDA:0,rndNum
FNDA:0,rndCl
FNDA:0,velocityFunction
FNDA:0,iniNode
FNDA:0,createNodes
FNDA:0,(anonymous_7)
FNDA:0,(anonymous_8)
FNDA:0,frame
FNDA:0,(anonymous_10)
FNDA:0,(anonymous_11)
FNDA:0,(anonymous_12)
FNDA:0,(anonymous_13)
FNDA:0,(anonymous_14)
FNDA:0,render
DA:1,0
DA:4,0
DA:13,0
DA:16,0
DA:17,0
DA:18,0
DA:19,0
DA:20,0
DA:21,0
DA:22,0
DA:26,0
DA:27,0
DA:29,0
DA:30,0
DA:32,0
DA:33,0
DA:35,0
DA:36,0
DA:39,0
DA:40,0
DA:41,0
DA:42,0
DA:45,0
DA:46,0
DA:47,0
DA:49,0
DA:50,0
DA:56,0
DA:57,0
DA:60,0
DA:61,0
DA:62,0
DA:69,0
DA:70,0
DA:71,0
DA:72,0
DA:74,0
DA:75,0
DA:78,0
DA:79,0
DA:80,0
DA:82,0
DA:83,0
DA:85,0
DA:87,0
DA:88,0
DA:89,0
DA:91,0
DA:92,0
DA:93,0
DA:94,0
DA:95,0
DA:97,0
DA:98,0
DA:99,0
DA:100,0
DA:101,0
DA:102,0
DA:105,0
DA:106,0
DA:107,0
DA:108,0
DA:109,0
DA:111,0
DA:112,0
DA:113,0
DA:114,0
DA:117,0
DA:118,0
DA:119,0
DA:120,0
DA:121,0
DA:122,0
DA:123,0
DA:125,0
DA:128,0
DA:129,0
DA:130,0
DA:131,0
DA:132,0
DA:133,0
DA:134,0
DA:135,0
DA:139,0
DA:140,0
DA:141,0
DA:142,0
DA:143,0
DA:144,0
DA:145,0
DA:146,0
DA:149,0
DA:150,0
DA:151,0
DA:156,0
DA:157,0
DA:158,0
DA:159,0
LF:98
LH:0
BRDA:71,0,0,0
BRDA:71,0,1,0
BRDA:71,1,0,0
BRDA:71,1,1,0
BRDA:74,2,0,0
BRDA:74,2,1,0
BRDA:74,3,0,0
BRDA:74,3,1,0
BRDA:83,4,0,0
BRDA:83,4,1,0
BRDA:94,5,0,0
BRDA:94,5,1,0
BRDA:133,6,0,0
BRDA:133,6,1,0
BRDA:149,7,0,0
BRDA:149,7,1,0
BRDA:156,8,0,0
BRDA:156,8,1,0
BRDA:157,9,0,0
BRDA:157,9,1,0
BRDA:158,10,0,0
BRDA:158,10,1,0
BRF:22
BRH:0
end_of_record
TN:
SF:C:\Users\Petty\WebstormProjects\vue2-platform-ui\src\components\chart\chartjs\vp-chartjs-bar-line.vue
FN:1,(anonymous_0)
FN:12,_interopRequireDefault
FN:16,data
FN:49,id
FN:53,mounted
FN:74,render
FNF:6
FNH:0
FNDA:0,(anonymous_0)
FNDA:0,_interopRequireDefault
FNDA:0,data
FNDA:0,id
FNDA:0,mounted
FNDA:0,render
DA:1,0
DA:4,0
DA:8,0
DA:10,0
DA:12,0
DA:14,0
DA:17,0
DA:50,0
DA:54,0
DA:55,0
DA:72,0
DA:73,0
DA:74,0
DA:75,0
LF:14
LH:0
BRDA:12,0,0,0
BRDA:12,0,1,0
BRDA:12,1,0,0
BRDA:12,1,1,0
BRDA:72,2,0,0
BRDA:72,2,1,0
BRDA:73,3,0,0
BRDA:73,3,1,0
BRDA:74,4,0,0
BRDA:74,4,1,0
BRF:10
BRH:0
end_of_record
TN:
SF:C:\Users\Petty\WebstormProjects\vue2-platform-ui\src\components\chart\chartjs\vp-chartjs-pie.vue
FN:1,(anonymous_0)
FN:12,_interopRequireDefault
FN:16,data
FN:34,id
FN:38,mounted
FN:59,render
FNF:6
FNH:0
FNDA:0,(anonymous_0)
FNDA:0,_interopRequireDefault
FNDA:0,data
FNDA:0,id
FNDA:0,mounted
FNDA:0,render
DA:1,0
DA:4,0
DA:8,0
DA:10,0
DA:12,0
DA:14,0
DA:17,0
DA:35,0
DA:39,0
DA:40,0
DA:57,0
DA:58,0
DA:59,0
DA:60,0
LF:14
LH:0
BRDA:12,0,0,0
BRDA:12,0,1,0
BRDA:12,1,0,0
BRDA:12,1,1,0
BRDA:57,2,0,0
BRDA:57,2,1,0
BRDA:58,3,0,0
BRDA:58,3,1,0
BRDA:59,4,0,0
BRDA:59,4,1,0
BRF:10
BRH:0
end_of_record
TN:
SF:C:\Users\Petty\WebstormProjects\vue2-platform-ui\src\components\chart\chartjs\vp-chartjs-polar.vue
FN:1,(anonymous_0)
FN:12,_interopRequireDefault
FN:16,data
FN:33,id
FN:37,mounted
FN:58,render
FNF:6
FNH:0
FNDA:0,(anonymous_0)
FNDA:0,_interopRequireDefault
FNDA:0,data
FNDA:0,id
FNDA:0,mounted
FNDA:0,render
DA:1,0
DA:4,0
DA:8,0
DA:10,0
DA:12,0
DA:14,0
DA:17,0
DA:34,0
DA:38,0
DA:39,0
DA:56,0
DA:57,0
DA:58,0
DA:59,0
LF:14
LH:0
BRDA:12,0,0,0
BRDA:12,0,1,0
BRDA:12,1,0,0
BRDA:12,1,1,0
BRDA:56,2,0,0
BRDA:56,2,1,0
BRDA:57,3,0,0
BRDA:57,3,1,0
BRDA:58,4,0,0
BRDA:58,4,1,0
BRF:10
BRH:0
end_of_record
TN:
SF:C:\Users\Petty\WebstormProjects\vue2-platform-ui\src\components\chart\chartjs\vp-chartjs-radar.vue
FN:1,(anonymous_0)
FN:12,_interopRequireDefault
FN:16,data
FN:45,id
FN:49,mounted
FN:70,render
FNF:6
FNH:0
FNDA:0,(anonymous_0)
FNDA:0,_interopRequireDefault
FNDA:0,data
FNDA:0,id
FNDA:0,mounted
FNDA:0,render
DA:1,0
DA:4,0
DA:8,0
DA:10,0
DA:12,0
DA:14,0
DA:17,0
DA:46,0
DA:50,0
DA:51,0
DA:68,0
DA:69,0
DA:70,0
DA:71,0
LF:14
LH:0
BRDA:12,0,0,0
BRDA:12,0,1,0
BRDA:12,1,0,0
BRDA:12,1,1,0
BRDA:68,2,0,0
BRDA:68,2,1,0
BRDA:69,3,0,0
BRDA:69,3,1,0
BRDA:70,4,0,0
BRDA:70,4,1,0
BRF:10
BRH:0
end_of_record
TN:
SF:C:\Users\Petty\WebstormProjects\vue2-platform-ui\src\components\chart\echarts\vp-echarts-bar-line.vue
FN:1,(anonymous_0)
FN:12,_interopRequireDefault
FN:44,_default
FN:64,data
FN:82,id
FN:85,legendData
FN:87,(anonymous_6)
FN:94,renderChart
FN:136,resizeChart
FN:141,xAxisData
FN:144,series
FN:148,mounted
FN:151,(anonymous_12)
FN:159,render
FNF:14
FNH:0
FNDA:0,(anonymous_0)
FNDA:0,_interopRequireDefault
FNDA:0,_default
FNDA:0,data
FNDA:0,id
FNDA:0,legendData
FNDA:0,(anonymous_6)
FNDA:0,renderChart
FNDA:0,resizeChart
FNDA:0,xAxisData
FNDA:0,series
FNDA:0,mounted
FNDA:0,(anonymous_12)
FNDA:0,render
DA:1,0
DA:4,0
DA:8,0
DA:10,0
DA:12,0
DA:14,0
DA:23,0
DA:24,0
DA:25,0
DA:26,0
DA:27,0
DA:29,0
DA:45,0
DA:65,0
DA:83,0
DA:86,0
DA:87,0
DA:88,0
DA:90,0
DA:95,0
DA:96,0
DA:99,0
DA:100,0
DA:137,0
DA:142,0
DA:145,0
DA:149,0
DA:150,0
DA:151,0
DA:152,0
DA:157,0
DA:158,0
DA:159,0
DA:160,0
LF:34
LH:0
BRDA:12,0,0,0
BRDA:12,0,1,0
BRDA:12,1,0,0
BRDA:12,1,1,0
BRDA:95,2,0,0
BRDA:95,2,1,0
BRDA:157,3,0,0
BRDA:157,3,1,0
BRDA:158,4,0,0
BRDA:158,4,1,0
BRDA:159,5,0,0
BRDA:159,5,1,0
BRF:12
BRH:0
end_of_record
TN:
SF:C:\Users\Petty\WebstormProjects\vue2-platform-ui\src\components\chart\echarts\vp-echarts-pie.vue
FN:1,(anonymous_0)
FN:12,_interopRequireDefault
FN:43,_default
FN:58,data
FN:69,id
FN:72,legendData
FN:74,(anonymous_6)
FN:81,renderChart
FN:102,resizeChart
FN:107,data
FN:111,mounted
FN:114,(anonymous_11)
FN:122,render
FNF:13
FNH:0
FNDA:0,(anonymous_0)
FNDA:0,_interopRequireDefault
FNDA:0,_default
FNDA:0,data
FNDA:0,id
FNDA:0,legendData
FNDA:0,(anonymous_6)
FNDA:0,renderChart
FNDA:0,resizeChart
FNDA:0,data
FNDA:0,mounted
FNDA:0,(anonymous_11)
FNDA:0,render
DA:1,0
DA:4,0
DA:8,0
DA:10,0
DA:12,0
DA:14,0
DA:23,0
DA:24,0
DA:25,0
DA:26,0
DA:28,0
DA:44,0
DA:59,0
DA:70,0
DA:73,0
DA:74,0
DA:75,0
DA:77,0
DA:82,0
DA:83,0
DA:86,0
DA:88,0
DA:103,0
DA:108,0
DA:112,0
DA:113,0
DA:114,0
DA:115,0
DA:120,0
DA:121,0
DA:122,0
DA:123,0
LF:32
LH:0
BRDA:12,0,0,0
BRDA:12,0,1,0
BRDA:12,1,0,0
BRDA:12,1,1,0
BRDA:82,2,0,0
BRDA:82,2,1,0
BRDA:120,3,0,0
BRDA:120,3,1,0
BRDA:121,4,0,0
BRDA:121,4,1,0
BRDA:122,5,0,0
BRDA:122,5,1,0
BRF:12
BRH:0
end_of_record
TN:
SF:C:\Users\Petty\WebstormProjects\vue2-platform-ui\src\components\chart\echarts\vp-echarts-radar.vue
FN:1,(anonymous_0)
FN:12,_interopRequireDefault
FN:42,_default
FN:62,data
FN:73,id
FN:76,legendData
FN:78,(anonymous_6)
FN:83,indicatorData
FN:85,(anonymous_8)
FN:94,renderChart
FN:127,resizeChart
FN:132,data
FN:136,mounted
FN:139,(anonymous_13)
FN:147,render
FNF:15
FNH:0
FNDA:0,(anonymous_0)
FNDA:0,_interopRequireDefault
FNDA:0,_default
FNDA:0,data
FNDA:0,id
FNDA:0,legendData
FNDA:0,(anonymous_6)
FNDA:0,indicatorData
FNDA:0,(anonymous_8)
FNDA:0,renderChart
FNDA:0,resizeChart
FNDA:0,data
FNDA:0,mounted
FNDA:0,(anonymous_13)
FNDA:0,render
DA:1,0
DA:4,0
DA:8,0
DA:10,0
DA:12,0
DA:14,0
DA:23,0
DA:24,0
DA:25,0
DA:27,0
DA:43,0
DA:63,0
DA:74,0
DA:77,0
DA:78,0
DA:79,0
DA:81,0
DA:84,0
DA:85,0
DA:86,0
DA:87,0
DA:88,0
DA:90,0
DA:95,0
DA:96,0
DA:99,0
DA:100,0
DA:128,0
DA:133,0
DA:137,0
DA:138,0
DA:139,0
DA:140,0
DA:145,0
DA:146,0
DA:147,0
DA:148,0
LF:37
LH:0
BRDA:12,0,0,0
BRDA:12,0,1,0
BRDA:12,1,0,0
BRDA:12,1,1,0
BRDA:95,2,0,0
BRDA:95,2,1,0
BRDA:145,3,0,0
BRDA:145,3,1,0
BRDA:146,4,0,0
BRDA:146,4,1,0
BRDA:147,5,0,0
BRDA:147,5,1,0
BRF:12
BRH:0
end_of_record
TN:
SF:C:\Users\Petty\WebstormProjects\vue2-platform-ui\src\components\chart\g2\vp-mini-line.vue
FN:1,(anonymous_0)
FN:20,render
FNF:2
FNH:0
FNDA:0,(anonymous_0)
FNDA:0,render
DA:1,0
DA:4,0
DA:16,0
DA:18,0
DA:19,0
DA:20,0
DA:21,0
LF:7
LH:0
BRDA:18,0,0,0
BRDA:18,0,1,0
BRDA:19,1,0,0
BRDA:19,1,1,0
BRDA:20,2,0,0
BRDA:20,2,1,0
BRF:6
BRH:0
end_of_record
TN:
SF:C:\Users\Petty\WebstormProjects\vue2-platform-ui\src\components\chart\g2\vp-mini-radar.vue
FN:1,(anonymous_0)
FN:14,_interopRequireDefault
FN:27,data
FN:35,id
FN:39,mounted
FN:99,render
FNF:6
FNH:0
FNDA:0,(anonymous_0)
FNDA:0,_interopRequireDefault
FNDA:0,data
FNDA:0,id
FNDA:0,mounted
FNDA:0,render
DA:1,0
DA:4,0
DA:8,0
DA:10,0
DA:12,0
DA:14,0
DA:25,0
DA:28,0
DA:36,0
DA:40,0
DA:41,0
DA:47,0
DA:53,0
DA:59,0
DA:62,0
DA:72,0
DA:82,0
DA:86,0
DA:87,0
DA:92,0
DA:93,0
DA:97,0
DA:98,0
DA:99,0
DA:100,0
LF:25
LH:0
BRDA:14,0,0,0
BRDA:14,0,1,0
BRDA:14,1,0,0
BRDA:14,1,1,0
BRDA:97,2,0,0
BRDA:97,2,1,0
BRDA:98,3,0,0
BRDA:98,3,1,0
BRDA:99,4,0,0
BRDA:99,4,1,0
BRF:10
BRH:0
end_of_record
TN:
SF:C:\Users\Petty\WebstormProjects\vue2-platform-ui\src\components\common\vp-breadcrumb-nav.vue
FN:1,(anonymous_0)
FN:14,_interopRequireDefault
FN:37,render
FN:37,(anonymous_3)
FNF:4
FNH:0
FNDA:0,(anonymous_0)
FNDA:0,_interopRequireDefault
FNDA:0,render
FNDA:0,(anonymous_3)
DA:1,0
DA:4,0
DA:8,0
DA:10,0
DA:12,0
DA:14,0
DA:16,0
DA:35,0
DA:36,0
DA:37,0
DA:38,0
LF:11
LH:0
BRDA:14,0,0,0
BRDA:14,0,1,0
BRDA:14,1,0,0
BRDA:14,1,1,0
BRDA:35,2,0,0
BRDA:35,2,1,0
BRDA:36,3,0,0
BRDA:36,3,1,0
BRDA:37,4,0,0
BRDA:37,4,1,0
BRF:10
BRH:0
end_of_record
TN:
SF:C:\Users\Petty\WebstormProjects\vue2-platform-ui\src\components\common\vp-card.vue
FN:1,(anonymous_0)
FN:76,data
FN:82,deleteOk
FN:90,render
FN:90,(anonymous_4)
FN:90,(anonymous_5)
FN:90,(anonymous_6)
FNF:7
FNH:0
FNDA:0,(anonymous_0)
FNDA:0,data
FNDA:0,deleteOk
FNDA:0,render
FNDA:0,(anonymous_4)
FNDA:0,(anonymous_5)
FNDA:0,(anonymous_6)
DA:1,0
DA:4,0
DA:44,0
DA:77,0
DA:83,0
DA:88,0
DA:89,0
DA:90,0
DA:91,0
LF:9
LH:0
BRDA:88,0,0,0
BRDA:88,0,1,0
BRDA:89,1,0,0
BRDA:89,1,1,0
BRDA:90,2,0,0
BRDA:90,2,1,0
BRDA:90,3,0,0
BRDA:90,3,1,0
BRDA:90,4,0,0
BRDA:90,4,1,0
BRDA:90,5,0,0
BRDA:90,5,1,0
BRF:12
BRH:0
end_of_record
TN:
SF:C:\Users\Petty\WebstormProjects\vue2-platform-ui\src\components\common\vp-common-search.vue
FN:1,(anonymous_0)
FN:36,update
FN:47,activeSearch
FN:50,createFilter
FN:51,(anonymous_4)
FN:55,blurSearch
FN:58,querySearch
FN:64,handleSelect
FN:68,data
FN:80,render
FN:80,(anonymous_10)
FNF:11
FNH:0
FNDA:0,(anonymous_0)
FNDA:0,update
FNDA:0,activeSearch
FNDA:0,createFilter
FNDA:0,(anonymous_4)
FNDA:0,blurSearch
FNDA:0,querySearch
FNDA:0,handleSelect
FNDA:0,data
FNDA:0,render
FNDA:0,(anonymous_10)
DA:1,0
DA:4,0
DA:32,0
DA:37,0
DA:39,0
DA:40,0
DA:48,0
DA:51,0
DA:52,0
DA:56,0
DA:59,0
DA:60,0
DA:62,0
DA:65,0
DA:69,0
DA:78,0
DA:79,0
DA:80,0
DA:81,0
LF:19
LH:0
BRDA:39,0,0,0
BRDA:39,0,1,0
BRDA:60,1,0,0
BRDA:60,1,1,0
BRDA:78,2,0,0
BRDA:78,2,1,0
BRDA:79,3,0,0
BRDA:79,3,1,0
BRDA:80,4,0,0
BRDA:80,4,1,0
BRDA:80,5,0,0
BRDA:80,5,1,0
BRF:12
BRH:0
end_of_record
TN:
SF:C:\Users\Petty\WebstormProjects\vue2-platform-ui\src\components\common\vp-count-up.vue
FN:1,(anonymous_0)
FN:12,_interopRequireDefault
FN:16,data
FN:53,_default
FN:63,mounted
FN:66,(anonymous_5)
FN:67,(anonymous_6)
FN:88,numberTransform
FN:115,render
FNF:9
FNH:0
FNDA:0,(anonymous_0)
FNDA:0,_interopRequireDefault
FNDA:0,data
FNDA:0,_default
FNDA:0,mounted
FNDA:0,(anonymous_5)
FNDA:0,(anonymous_6)
FNDA:0,numberTransform
FNDA:0,render
DA:1,0
DA:4,0
DA:8,0
DA:10,0
DA:12,0
DA:14,0
DA:17,0
DA:54,0
DA:64,0
DA:66,0
DA:67,0
DA:68,0
DA:69,0
DA:70,0
DA:71,0
DA:72,0
DA:73,0
DA:74,0
DA:89,0
DA:90,0
DA:91,0
DA:92,0
DA:93,0
DA:94,0
DA:95,0
DA:96,0
DA:97,0
DA:98,0
DA:99,0
DA:101,0
DA:102,0
DA:105,0
DA:107,0
DA:113,0
DA:114,0
DA:115,0
DA:116,0
LF:37
LH:0
BRDA:12,0,0,0
BRDA:12,0,1,0
BRDA:12,1,0,0
BRDA:12,1,1,0
BRDA:73,2,0,0
BRDA:73,2,1,0
BRDA:91,3,0,0
BRDA:91,3,1,0
BRDA:92,4,0,0
BRDA:92,4,1,0
BRDA:94,5,0,0
BRDA:94,5,1,0
BRDA:94,6,0,0
BRDA:94,6,1,0
BRDA:97,7,0,0
BRDA:97,7,1,0
BRDA:97,8,0,0
BRDA:97,8,1,0
BRDA:113,9,0,0
BRDA:113,9,1,0
BRDA:114,10,0,0
BRDA:114,10,1,0
BRDA:115,11,0,0
BRDA:115,11,1,0
BRF:24
BRH:0
end_of_record
TN:
SF:C:\Users\Petty\WebstormProjects\vue2-platform-ui\src\components\common\vp-lock-screen.vue
FN:1,(anonymous_0)
FN:26,data
FN:35,render
FN:35,(anonymous_3)
FNF:4
FNH:0
FNDA:0,(anonymous_0)
FNDA:0,data
FNDA:0,render
FNDA:0,(anonymous_3)
DA:1,0
DA:4,0
DA:24,0
DA:27,0
DA:33,0
DA:34,0
DA:35,0
DA:36,0
LF:8
LH:0
BRDA:33,0,0,0
BRDA:33,0,1,0
BRDA:34,1,0,0
BRDA:34,1,1,0
BRDA:35,2,0,0
BRDA:35,2,1,0
BRF:6
BRH:0
end_of_record
TN:
SF:C:\Users\Petty\WebstormProjects\vue2-platform-ui\src\components\common\vp-login.vue
FN:1,(anonymous_0)
FN:12,_interopRequireDefault
FN:16,data
FN:17,validateUsername
FN:24,validatePassword
FN:46,loginSubmit
FN:48,(anonymous_6)
FN:52,(anonymous_7)
FN:92,render
FN:92,(anonymous_9)
FN:92,(anonymous_10)
FN:92,(anonymous_11)
FN:92,(anonymous_12)
FNF:13
FNH:0
FNDA:0,(anonymous_0)
FNDA:0,_interopRequireDefault
FNDA:0,data
FNDA:0,validateUsername
FNDA:0,validatePassword
FNDA:0,loginSubmit
FNDA:0,(anonymous_6)
FNDA:0,(anonymous_7)
FNDA:0,render
FNDA:0,(anonymous_9)
FNDA:0,(anonymous_10)
FNDA:0,(anonymous_11)
FNDA:0,(anonymous_12)
DA:1,0
DA:4,0
DA:8,0
DA:10,0
DA:12,0
DA:14,0
DA:17,0
DA:18,0
DA:19,0
DA:21,0
DA:24,0
DA:25,0
DA:26,0
DA:28,0
DA:31,0
DA:47,0
DA:48,0
DA:49,0
DA:50,0
DA:51,0
DA:52,0
DA:53,0
DA:54,0
DA:57,0
DA:90,0
DA:91,0
DA:92,0
DA:93,0
LF:28
LH:0
BRDA:12,0,0,0
BRDA:12,0,1,0
BRDA:12,1,0,0
BRDA:12,1,1,0
BRDA:18,2,0,0
BRDA:18,2,1,0
BRDA:25,3,0,0
BRDA:25,3,1,0
BRDA:49,4,0,0
BRDA:49,4,1,0
BRDA:90,5,0,0
BRDA:90,5,1,0
BRDA:91,6,0,0
BRDA:91,6,1,0
BRDA:92,7,0,0
BRDA:92,7,1,0
BRF:16
BRH:0
end_of_record
TN:
SF:C:\Users\Petty\WebstormProjects\vue2-platform-ui\src\components\common\vp-open-tags.vue
FN:1,(anonymous_0)
FN:14,_interopRequireDefault
FN:18,data
FN:26,closeTag
FN:32,(anonymous_4)
FN:47,handleCommand
FN:55,switchPage
FN:58,mouseHandler
FN:77,$route
FN:121,render
FN:121,(anonymous_10)
FN:121,(anonymous_11)
FN:121,(anonymous_12)
FNF:13
FNH:0
FNDA:0,(anonymous_0)
FNDA:0,_interopRequireDefault
FNDA:0,data
FNDA:0,closeTag
FNDA:0,(anonymous_4)
FNDA:0,handleCommand
FNDA:0,switchPage
FNDA:0,mouseHandler
FNDA:0,$route
FNDA:0,render
FNDA:0,(anonymous_10)
FNDA:0,(anonymous_11)
FNDA:0,(anonymous_12)
DA:1,0
DA:4,0
DA:8,0
DA:10,0
DA:12,0
DA:14,0
DA:16,0
DA:19,0
DA:28,0
DA:29,0
DA:30,0
DA:31,0
DA:32,0
DA:33,0
DA:34,0
DA:37,0
DA:39,0
DA:41,0
DA:45,0
DA:48,0
DA:49,0
DA:51,0
DA:53,0
DA:56,0
DA:59,0
DA:60,0
DA:61,0
DA:63,0
DA:64,0
DA:65,0
DA:67,0
DA:70,0
DA:73,0
DA:78,0
DA:119,0
DA:120,0
DA:121,0
DA:122,0
LF:38
LH:0
BRDA:14,0,0,0
BRDA:14,0,1,0
BRDA:14,1,0,0
BRDA:14,1,1,0
BRDA:28,2,0,0
BRDA:28,2,1,0
BRDA:30,3,0,0
BRDA:30,3,1,0
BRDA:33,4,0,0
BRDA:33,4,1,0
BRDA:48,5,0,0
BRDA:48,5,1,0
BRDA:60,6,0,0
BRDA:60,6,1,0
BRDA:63,7,0,0
BRDA:63,7,1,0
BRDA:64,8,0,0
BRDA:64,8,1,0
BRDA:119,9,0,0
BRDA:119,9,1,0
BRDA:120,10,0,0
BRDA:120,10,1,0
BRDA:121,11,0,0
BRDA:121,11,1,0
BRDA:121,12,0,0
BRDA:121,12,1,0
BRF:26
BRH:0
end_of_record
TN:
SF:C:\Users\Petty\WebstormProjects\vue2-platform-ui\src\components\common\vp-panel.vue
FN:1,(anonymous_0)
FN:45,render
FNF:2
FNH:0
FNDA:0,(anonymous_0)
FNDA:0,render
DA:1,0
DA:4,0
DA:25,0
DA:43,0
DA:44,0
DA:45,0
DA:46,0
LF:7
LH:0
BRDA:43,0,0,0
BRDA:43,0,1,0
BRDA:44,1,0,0
BRDA:44,1,1,0
BRDA:45,2,0,0
BRDA:45,2,1,0
BRDA:45,3,0,0
BRDA:45,3,1,0
BRF:8
BRH:0
end_of_record
TN:
SF:C:\Users\Petty\WebstormProjects\vue2-platform-ui\src\components\editor\vp-quill-editor.vue
FN:1,(anonymous_0)
FN:35,data
FN:45,returnContent
FN:53,render
FN:53,(anonymous_4)
FNF:5
FNH:0
FNDA:0,(anonymous_0)
FNDA:0,data
FNDA:0,returnContent
FNDA:0,render
FNDA:0,(anonymous_4)
DA:1,0
DA:4,0
DA:33,0
DA:36,0
DA:46,0
DA:51,0
DA:52,0
DA:53,0
DA:54,0
LF:9
LH:0
BRDA:51,0,0,0
BRDA:51,0,1,0
BRDA:52,1,0,0
BRDA:52,1,1,0
BRDA:53,2,0,0
BRDA:53,2,1,0
BRF:6
BRH:0
end_of_record
TN:
SF:C:\Users\Petty\WebstormProjects\vue2-platform-ui\src\components\editor\vp-simplemde.vue
FN:1,(anonymous_0)
FN:12,_interopRequireDefault
FN:16,mounted
FN:19,(anonymous_3)
FN:48,render
FNF:5
FNH:0
FNDA:0,(anonymous_0)
FNDA:0,_interopRequireDefault
FNDA:0,mounted
FNDA:0,(anonymous_3)
FNDA:0,render
DA:1,0
DA:4,0
DA:8,0
DA:10,0
DA:12,0
DA:14,0
DA:17,0
DA:19,0
DA:20,0
DA:46,0
DA:47,0
DA:48,0
DA:49,0
LF:13
LH:0
BRDA:12,0,0,0
BRDA:12,0,1,0
BRDA:12,1,0,0
BRDA:12,1,1,0
BRDA:46,2,0,0
BRDA:46,2,1,0
BRDA:47,3,0,0
BRDA:47,3,1,0
BRDA:48,4,0,0
BRDA:48,4,1,0
BRF:10
BRH:0
end_of_record
TN:
SF:C:\Users\Petty\WebstormProjects\vue2-platform-ui\src\components\list\vp-image-list.vue
FN:1,(anonymous_0)
FN:12,_interopRequireDefault
FN:27,_default
FN:38,data
FN:47,updateDataShow
FN:53,pageChange
FN:58,search
FN:62,(anonymous_7)
FN:71,deleteOk
FN:76,data
FN:80,mounted
FN:116,render
FN:116,(anonymous_12)
FN:116,(anonymous_13)
FN:116,(anonymous_14)
FN:116,(anonymous_15)
FNF:16
FNH:0
FNDA:0,(anonymous_0)
FNDA:0,_interopRequireDefault
FNDA:0,_default
FNDA:0,data
FNDA:0,updateDataShow
FNDA:0,pageChange
FNDA:0,search
FNDA:0,(anonymous_7)
FNDA:0,deleteOk
FNDA:0,data
FNDA:0,mounted
FNDA:0,render
FNDA:0,(anonymous_12)
FNDA:0,(anonymous_13)
FNDA:0,(anonymous_14)
FNDA:0,(anonymous_15)
DA:1,0
DA:4,0
DA:8,0
DA:10,0
DA:12,0
DA:14,0
DA:28,0
DA:39,0
DA:48,0
DA:49,0
DA:50,0
DA:51,0
DA:54,0
DA:55,0
DA:56,0
DA:59,0
DA:60,0
DA:61,0
DA:62,0
DA:63,0
DA:64,0
DA:65,0
DA:66,0
DA:72,0
DA:77,0
DA:81,0
DA:114,0
DA:115,0
DA:116,0
DA:117,0
LF:30
LH:0
BRDA:12,0,0,0
BRDA:12,0,1,0
BRDA:12,1,0,0
BRDA:12,1,1,0
BRDA:64,2,0,0
BRDA:64,2,1,0
BRDA:114,3,0,0
BRDA:114,3,1,0
BRDA:115,4,0,0
BRDA:115,4,1,0
BRDA:116,5,0,0
BRDA:116,5,1,0
BRF:12
BRH:0
end_of_record
TN:
SF:C:\Users\Petty\WebstormProjects\vue2-platform-ui\src\components\list\vp-list.vue
FN:1,(anonymous_0)
FN:12,_interopRequireDefault
FN:43,render
FNF:3
FNH:0
FNDA:0,(anonymous_0)
FNDA:0,_interopRequireDefault
FNDA:0,render
DA:1,0
DA:4,0
DA:8,0
DA:10,0
DA:12,0
DA:14,0
DA:41,0
DA:42,0
DA:43,0
DA:44,0
LF:10
LH:0
BRDA:12,0,0,0
BRDA:12,0,1,0
BRDA:12,1,0,0
BRDA:12,1,1,0
BRDA:41,2,0,0
BRDA:41,2,1,0
BRDA:42,3,0,0
BRDA:42,3,1,0
BRDA:43,4,0,0
BRDA:43,4,1,0
BRF:10
BRH:0
end_of_record
TN:
SF:C:\Users\Petty\WebstormProjects\vue2-platform-ui\src\components\list\vp-todo-list.vue
FN:1,(anonymous_0)
FN:12,_interopRequireDefault
FN:58,render
FN:58,(anonymous_3)
FN:58,(anonymous_4)
FN:58,(anonymous_5)
FNF:6
FNH:0
FNDA:0,(anonymous_0)
FNDA:0,_interopRequireDefault
FNDA:0,render
FNDA:0,(anonymous_3)
FNDA:0,(anonymous_4)
FNDA:0,(anonymous_5)
DA:1,0
DA:4,0
DA:8,0
DA:10,0
DA:12,0
DA:14,0
DA:56,0
DA:57,0
DA:58,0
DA:59,0
LF:10
LH:0
BRDA:12,0,0,0
BRDA:12,0,1,0
BRDA:12,1,0,0
BRDA:12,1,1,0
BRDA:56,2,0,0
BRDA:56,2,1,0
BRDA:57,3,0,0
BRDA:57,3,1,0
BRDA:58,4,0,0
BRDA:58,4,1,0
BRF:10
BRH:0
end_of_record
TN:
SF:C:\Users\Petty\WebstormProjects\vue2-platform-ui\src\components\list\item\vp-item.vue
FN:1,(anonymous_0)
FN:39,render
FN:40,render
FNF:3
FNH:0
FNDA:0,(anonymous_0)
FNDA:0,render
FNDA:0,render
DA:1,0
DA:4,0
DA:33,0
DA:37,0
DA:38,0
DA:39,0
DA:40,0
LF:7
LH:0
BRDA:37,0,0,0
BRDA:37,0,1,0
BRDA:38,1,0,0
BRDA:38,1,1,0
BRDA:39,2,0,0
BRDA:39,2,1,0
BRDA:40,3,0,0
BRDA:40,3,1,0
BRF:8
BRH:0
end_of_record
TN:
SF:C:\Users\Petty\WebstormProjects\vue2-platform-ui\src\components\menu\vp-sidebar-menu.vue
FN:1,(anonymous_0)
FN:65,render
FN:65,(anonymous_2)
FN:65,(anonymous_3)
FNF:4
FNH:0
FNDA:0,(anonymous_0)
FNDA:0,render
FNDA:0,(anonymous_2)
FNDA:0,(anonymous_3)
DA:1,0
DA:4,0
DA:49,0
DA:63,0
DA:64,0
DA:65,0
DA:66,0
LF:7
LH:0
BRDA:63,0,0,0
BRDA:63,0,1,0
BRDA:64,1,0,0
BRDA:64,1,1,0
BRDA:65,2,0,0
BRDA:65,2,1,0
BRDA:65,3,0,0
BRDA:65,3,1,0
BRDA:65,4,0,0
BRDA:65,4,1,0
BRDA:65,5,0,0
BRDA:65,5,1,0
BRF:12
BRH:0
end_of_record
TN:
SF:C:\Users\Petty\WebstormProjects\vue2-platform-ui\src\components\message\vp-message-carousel.vue
FN:1,(anonymous_0)
FN:35,_default
FN:49,data
FN:58,render
FN:58,(anonymous_4)
FN:58,(anonymous_5)
FNF:6
FNH:0
FNDA:0,(anonymous_0)
FNDA:0,_default
FNDA:0,data
FNDA:0,render
FNDA:0,(anonymous_4)
FNDA:0,(anonymous_5)
DA:1,0
DA:4,0
DA:30,0
DA:36,0
DA:50,0
DA:56,0
DA:57,0
DA:58,0
DA:59,0
LF:9
LH:0
BRDA:56,0,0,0
BRDA:56,0,1,0
BRDA:57,1,0,0
BRDA:57,1,1,0
BRDA:58,2,0,0
BRDA:58,2,1,0
BRF:6
BRH:0
end_of_record
TN:
SF:C:\Users\Petty\WebstormProjects\vue2-platform-ui\src\components\message\vp-message-push.vue
FN:1,(anonymous_0)
FN:47,render
FN:47,(anonymous_2)
FNF:3
FNH:0
FNDA:0,(anonymous_0)
FNDA:0,render
FNDA:0,(anonymous_2)
DA:1,0
DA:4,0
DA:30,0
DA:45,0
DA:46,0
DA:47,0
DA:48,0
LF:7
LH:0
BRDA:45,0,0,0
BRDA:45,0,1,0
BRDA:46,1,0,0
BRDA:46,1,1,0
BRDA:47,2,0,0
BRDA:47,2,1,0
BRF:6
BRH:0
end_of_record
TN:
SF:C:\Users\Petty\WebstormProjects\vue2-platform-ui\src\components\progress\vp-circle.vue
FN:1,(anonymous_0)
FN:51,percent
FN:59,render
FNF:3
FNH:0
FNDA:0,(anonymous_0)
FNDA:0,percent
FNDA:0,render
DA:1,0
DA:4,0
DA:26,0
DA:52,0
DA:57,0
DA:58,0
DA:59,0
DA:60,0
LF:8
LH:0
BRDA:57,0,0,0
BRDA:57,0,1,0
BRDA:58,1,0,0
BRDA:58,1,1,0
BRDA:59,2,0,0
BRDA:59,2,1,0
BRF:6
BRH:0
end_of_record
TN:
SF:C:\Users\Petty\WebstormProjects\vue2-platform-ui\src\components\progress\vp-loading-bar.js
FN:6,_interopRequireDefault
FN:18,(anonymous_1)
FN:23,render
FN:36,update
FN:49,destroy
FN:56,getVpLoadingBarInstance
FN:65,_update
FN:70,hide
FN:71,(anonymous_8)
FN:75,(anonymous_9)
FN:83,clearTimer
FN:91,start
FN:100,(anonymous_12)
FN:112,update
FN:120,finish
FN:129,error
FN:138,config
FN:149,destroy
FNF:18
FNH:0
FNDA:0,_interopRequireDefault
FNDA:0,(anonymous_1)
FNDA:0,render
FNDA:0,update
FNDA:0,destroy
FNDA:0,getVpLoadingBarInstance
FNDA:0,_update
FNDA:0,hide
FNDA:0,(anonymous_8)
FNDA:0,(anonymous_9)
FNDA:0,clearTimer
FNDA:0,start
FNDA:0,(anonymous_12)
FNDA:0,update
FNDA:0,finish
FNDA:0,error
FNDA:0,config
FNDA:0,destroy
DA:1,0
DA:5,0
DA:6,0
DA:9,0
DA:10,0
DA:11,0
DA:12,0
DA:18,0
DA:19,0
DA:21,0
DA:24,0
DA:31,0
DA:32,0
DA:33,0
DA:35,0
DA:37,0
DA:38,0
DA:40,0
DA:41,0
DA:43,0
DA:44,0
DA:50,0
DA:57,0
DA:62,0
DA:66,0
DA:67,0
DA:71,0
DA:72,0
DA:75,0
DA:76,0
DA:84,0
DA:85,0
DA:86,0
DA:88,0
DA:92,0
DA:93,0
DA:94,0
DA:100,0
DA:101,0
DA:102,0
DA:103,0
DA:105,0
DA:113,0
DA:114,0
DA:121,0
DA:122,0
DA:127,0
DA:130,0
DA:131,0
DA:136,0
DA:139,0
DA:140,0
DA:142,0
DA:143,0
DA:145,0
DA:146,0
DA:150,0
DA:151,0
DA:152,0
DA:153,0
LF:60
LH:0
BRDA:6,0,0,0
BRDA:6,0,1,0
BRDA:6,1,0,0
BRDA:6,1,1,0
BRDA:19,2,0,0
BRDA:19,2,1,0
BRDA:37,3,0,0
BRDA:37,3,1,0
BRDA:40,4,0,0
BRDA:40,4,1,0
BRDA:43,5,0,0
BRDA:43,5,1,0
BRDA:57,6,0,0
BRDA:57,6,1,0
BRDA:84,7,0,0
BRDA:84,7,1,0
BRDA:92,8,0,0
BRDA:92,8,1,0
BRDA:102,9,0,0
BRDA:102,9,1,0
BRDA:139,10,0,0
BRDA:139,10,1,0
BRDA:142,11,0,0
BRDA:142,11,1,0
BRDA:145,12,0,0
BRDA:145,12,1,0
BRF:26
BRH:0
end_of_record
TN:
SF:C:\Users\Petty\WebstormProjects\vue2-platform-ui\src\components\progress\vp-loading-bar.vue
FN:1,(anonymous_0)
FN:36,data
FN:46,outerStyles
FN:53,innerClasses
FN:58,innerStyles
FN:75,render
FNF:6
FNH:0
FNDA:0,(anonymous_0)
FNDA:0,data
FNDA:0,outerStyles
FNDA:0,innerClasses
FNDA:0,innerStyles
FNDA:0,render
DA:1,0
DA:4,0
DA:20,0
DA:37,0
DA:47,0
DA:54,0
DA:59,0
DA:63,0
DA:64,0
DA:66,0
DA:68,0
DA:73,0
DA:74,0
DA:75,0
DA:76,0
LF:15
LH:0
BRDA:63,0,0,0
BRDA:63,0,1,0
BRDA:73,1,0,0
BRDA:73,1,1,0
BRDA:74,2,0,0
BRDA:74,2,1,0
BRDA:75,3,0,0
BRDA:75,3,1,0
BRF:8
BRH:0
end_of_record
TN:
SF:C:\Users\Petty\WebstormProjects\vue2-platform-ui\src\components\progress\vp-progress.vue
FN:1,(anonymous_0)
FN:51,_default
FN:60,data
FN:67,indexPlus
FN:72,sortData
FN:74,(anonymous_5)
FN:78,(anonymous_6)
FN:83,handleSortData
FN:92,checkStatus
FN:96,created
FN:103,render
FN:103,(anonymous_11)
FN:103,(anonymous_12)
FN:103,(anonymous_13)
FNF:14
FNH:0
FNDA:0,(anonymous_0)
FNDA:0,_default
FNDA:0,data
FNDA:0,indexPlus
FNDA:0,sortData
FNDA:0,(anonymous_5)
FNDA:0,(anonymous_6)
FNDA:0,handleSortData
FNDA:0,checkStatus
FNDA:0,created
FNDA:0,render
FNDA:0,(anonymous_11)
FNDA:0,(anonymous_12)
FNDA:0,(anonymous_13)
DA:1,0
DA:4,0
DA:42,0
DA:52,0
DA:61,0
DA:68,0
DA:73,0
DA:74,0
DA:75,0
DA:77,0
DA:78,0
DA:79,0
DA:84,0
DA:85,0
DA:86,0
DA:87,0
DA:88,0
DA:89,0
DA:93,0
DA:97,0
DA:101,0
DA:102,0
DA:103,0
DA:104,0
LF:24
LH:0
BRDA:73,0,0,0
BRDA:73,0,1,0
BRDA:77,1,0,0
BRDA:77,1,1,0
BRDA:84,2,0,0
BRDA:84,2,1,0
BRDA:86,3,0,0
BRDA:86,3,1,0
BRDA:88,4,0,0
BRDA:88,4,1,0
BRDA:101,5,0,0
BRDA:101,5,1,0
BRDA:102,6,0,0
BRDA:102,6,1,0
BRDA:103,7,0,0
BRDA:103,7,1,0
BRDA:103,8,0,0
BRDA:103,8,1,0
BRDA:103,9,0,0
BRDA:103,9,1,0
BRDA:103,10,0,0
BRDA:103,10,1,0
BRF:22
BRH:0
end_of_record
TN:
SF:C:\Users\Petty\WebstormProjects\vue2-platform-ui\src\components\state\vp-state-group.vue
FN:1,(anonymous_0)
FN:27,_default
FN:38,itemWidth
FN:43,mounted
FN:50,render
FN:50,(anonymous_5)
FNF:6
FNH:0
FNDA:0,(anonymous_0)
FNDA:0,_default
FNDA:0,itemWidth
FNDA:0,mounted
FNDA:0,render
FNDA:0,(anonymous_5)
DA:1,0
DA:4,0
DA:22,0
DA:28,0
DA:39,0
DA:40,0
DA:48,0
DA:49,0
DA:50,0
DA:51,0
LF:10
LH:0
BRDA:48,0,0,0
BRDA:48,0,1,0
BRDA:49,1,0,0
BRDA:49,1,1,0
BRDA:50,2,0,0
BRDA:50,2,1,0
BRF:6
BRH:0
end_of_record
TN:
SF:C:\Users\Petty\WebstormProjects\vue2-platform-ui\src\components\state\vp-state-overview.vue
FN:1,(anonymous_0)
FN:12,_interopRequireDefault
FN:56,render
FNF:3
FNH:0
FNDA:0,(anonymous_0)
FNDA:0,_interopRequireDefault
FNDA:0,render
DA:1,0
DA:4,0
DA:8,0
DA:10,0
DA:12,0
DA:14,0
DA:54,0
DA:55,0
DA:56,0
DA:57,0
LF:10
LH:0
BRDA:12,0,0,0
BRDA:12,0,1,0
BRDA:12,1,0,0
BRDA:12,1,1,0
BRDA:54,2,0,0
BRDA:54,2,1,0
BRDA:55,3,0,0
BRDA:55,3,1,0
BRDA:56,4,0,0
BRDA:56,4,1,0
BRF:10
BRH:0
end_of_record
TN:
SF:C:\Users\Petty\WebstormProjects\vue2-platform-ui\src\components\table\vp-table.vue
FN:1,(anonymous_0)
FN:97,data
FN:120,handleCurrentChange
FN:124,handleDelete
FN:130,handleEdit
FN:138,editOk
FN:142,addOk
FN:146,deleteOk
FN:153,(anonymous_8)
FN:160,(anonymous_9)
FN:169,pageChange
FN:173,updateDataShow
FN:179,search
FN:183,(anonymous_13)
FN:192,selectChange
FN:195,remove
FN:198,convertKey
FN:211,data
FN:214,dataDelete
FN:222,mounted
FN:229,render
FN:229,(anonymous_21)
FN:229,(anonymous_22)
FN:229,(anonymous_23)
FN:229,(anonymous_24)
FN:229,(anonymous_25)
FN:229,(anonymous_26)
FN:229,(anonymous_27)
FN:229,(anonymous_28)
FN:229,(anonymous_29)
FN:229,(anonymous_30)
FN:229,(anonymous_31)
FN:229,(anonymous_32)
FN:229,(anonymous_33)
FN:229,(anonymous_34)
FN:229,(anonymous_35)
FN:229,(anonymous_36)
FNF:37
FNH:0
FNDA:0,(anonymous_0)
FNDA:0,data
FNDA:0,handleCurrentChange
FNDA:0,handleDelete
FNDA:0,handleEdit
FNDA:0,editOk
FNDA:0,addOk
FNDA:0,deleteOk
FNDA:0,(anonymous_8)
FNDA:0,(anonymous_9)
FNDA:0,pageChange
FNDA:0,updateDataShow
FNDA:0,search
FNDA:0,(anonymous_13)
FNDA:0,selectChange
FNDA:0,remove
FNDA:0,convertKey
FNDA:0,data
FNDA:0,dataDelete
FNDA:0,mounted
FNDA:0,render
FNDA:0,(anonymous_21)
FNDA:0,(anonymous_22)
FNDA:0,(anonymous_23)
FNDA:0,(anonymous_24)
FNDA:0,(anonymous_25)
FNDA:0,(anonymous_26)
FNDA:0,(anonymous_27)
FNDA:0,(anonymous_28)
FNDA:0,(anonymous_29)
FNDA:0,(anonymous_30)
FNDA:0,(anonymous_31)
FNDA:0,(anonymous_32)
FNDA:0,(anonymous_33)
FNDA:0,(anonymous_34)
FNDA:0,(anonymous_35)
FNDA:0,(anonymous_36)
DA:1,0
DA:4,0
DA:86,0
DA:98,0
DA:121,0
DA:127,0
DA:128,0
DA:131,0
DA:132,0
DA:133,0
DA:136,0
DA:139,0
DA:140,0
DA:143,0
DA:144,0
DA:147,0
DA:149,0
DA:154,0
DA:155,0
DA:156,0
DA:161,0
DA:162,0
DA:163,0
DA:170,0
DA:171,0
DA:174,0
DA:175,0
DA:176,0
DA:177,0
DA:180,0
DA:181,0
DA:182,0
DA:183,0
DA:184,0
DA:185,0
DA:186,0
DA:187,0
DA:193,0
DA:196,0
DA:199,0
DA:207,0
DA:212,0
DA:215,0
DA:216,0
DA:218,0
DA:223,0
DA:227,0
DA:228,0
DA:229,0
DA:230,0
LF:50
LH:0
BRDA:132,0,0,0
BRDA:132,0,1,0
BRDA:132,1,0,0
BRDA:132,1,1,0
BRDA:185,2,0,0
BRDA:185,2,1,0
BRDA:215,3,0,0
BRDA:215,3,1,0
BRDA:227,4,0,0
BRDA:227,4,1,0
BRDA:228,5,0,0
BRDA:228,5,1,0
BRDA:229,6,0,0
BRDA:229,6,1,0
BRDA:229,7,0,0
BRDA:229,7,1,0
BRDA:229,8,0,0
BRDA:229,8,1,0
BRF:18
BRH:0
end_of_record
TN:
SF:C:\Users\Petty\WebstormProjects\vue2-platform-ui\src\components\tabs\vp-tabs-item.vue
FN:1,(anonymous_0)
FN:17,data
FN:23,updateShow
FN:31,updated
FN:34,mounted
FN:41,render
FNF:6
FNH:0
FNDA:0,(anonymous_0)
FNDA:0,data
FNDA:0,updateShow
FNDA:0,updated
FNDA:0,mounted
FNDA:0,render
DA:1,0
DA:4,0
DA:14,0
DA:18,0
DA:24,0
DA:25,0
DA:27,0
DA:32,0
DA:35,0
DA:39,0
DA:40,0
DA:41,0
DA:42,0
LF:13
LH:0
BRDA:24,0,0,0
BRDA:24,0,1,0
BRDA:39,1,0,0
BRDA:39,1,1,0
BRDA:40,2,0,0
BRDA:40,2,1,0
BRDA:41,3,0,0
BRDA:41,3,1,0
BRF:8
BRH:0
end_of_record
TN:
SF:C:\Users\Petty\WebstormProjects\vue2-platform-ui\src\components\tabs\vp-tabs.vue
FN:1,(anonymous_0)
FN:33,data
FN:40,getActiveName
FN:43,updateNavList
FN:47,(anonymous_4)
FN:57,activeName
FN:61,mounted
FN:69,render
FN:69,(anonymous_8)
FN:69,(anonymous_9)
FNF:10
FNH:0
FNDA:0,(anonymous_0)
FNDA:0,data
FNDA:0,getActiveName
FNDA:0,updateNavList
FNDA:0,(anonymous_4)
FNDA:0,activeName
FNDA:0,mounted
FNDA:0,render
FNDA:0,(anonymous_8)
FNDA:0,(anonymous_9)
DA:1,0
DA:4,0
DA:30,0
DA:34,0
DA:41,0
DA:44,0
DA:45,0
DA:46,0
DA:47,0
DA:48,0
DA:49,0
DA:50,0
DA:51,0
DA:52,0
DA:58,0
DA:62,0
DA:63,0
DA:67,0
DA:68,0
DA:69,0
DA:70,0
LF:21
LH:0
BRDA:51,0,0,0
BRDA:51,0,1,0
BRDA:67,1,0,0
BRDA:67,1,1,0
BRDA:68,2,0,0
BRDA:68,2,1,0
BRDA:69,3,0,0
BRDA:69,3,1,0
BRF:8
BRH:0
end_of_record
TN:
SF:C:\Users\Petty\WebstormProjects\vue2-platform-ui\src\components\timeline\vp-timeline.vue
FN:1,(anonymous_0)
FN:64,_default
FN:77,render
FN:77,(anonymous_3)
FNF:4
FNH:0
FNDA:0,(anonymous_0)
FNDA:0,_default
FNDA:0,render
FNDA:0,(anonymous_3)
DA:1,0
DA:4,0
DA:55,0
DA:65,0
DA:75,0
DA:76,0
DA:77,0
DA:78,0
LF:8
LH:0
BRDA:75,0,0,0
BRDA:75,0,1,0
BRDA:76,1,0,0
BRDA:76,1,1,0
BRDA:77,2,0,0
BRDA:77,2,1,0
BRDA:77,3,0,0
BRDA:77,3,1,0
BRF:8
BRH:0
end_of_record
TN:
SF:C:\Users\Petty\WebstormProjects\vue2-platform-ui\src\components\user\vp-user-dynamic.vue
FN:1,(anonymous_0)
FN:16,_interopRequireDefault
FN:38,render
FNF:3
FNH:0
FNDA:0,(anonymous_0)
FNDA:0,_interopRequireDefault
FNDA:0,render
DA:1,0
DA:4,0
DA:8,0
DA:10,0
DA:12,0
DA:14,0
DA:16,0
DA:29,0
DA:36,0
DA:37,0
DA:38,0
DA:39,0
LF:12
LH:0
BRDA:16,0,0,0
BRDA:16,0,1,0
BRDA:16,1,0,0
BRDA:16,1,1,0
BRDA:36,2,0,0
BRDA:36,2,1,0
BRDA:37,3,0,0
BRDA:37,3,1,0
BRDA:38,4,0,0
BRDA:38,4,1,0
BRF:10
BRH:0
end_of_record
TN:
SF:C:\Users\Petty\WebstormProjects\vue2-platform-ui\src\components\user\vp-user-index-num.vue
FN:1,(anonymous_0)
FN:16,_interopRequireDefault
FN:65,render
FNF:3
FNH:0
FNDA:0,(anonymous_0)
FNDA:0,_interopRequireDefault
FNDA:0,render
DA:1,0
DA:4,0
DA:8,0
DA:10,0
DA:12,0
DA:14,0
DA:16,0
DA:55,0
DA:63,0
DA:64,0
DA:65,0
DA:66,0
LF:12
LH:0
BRDA:16,0,0,0
BRDA:16,0,1,0
BRDA:16,1,0,0
BRDA:16,1,1,0
BRDA:63,2,0,0
BRDA:63,2,1,0
BRDA:64,3,0,0
BRDA:64,3,1,0
BRDA:65,4,0,0
BRDA:65,4,1,0
BRF:10
BRH:0
end_of_record
TN:
SF:C:\Users\Petty\WebstormProjects\vue2-platform-ui\src\components\user\vp-user-panel.vue
FN:1,(anonymous_0)
FN:12,_interopRequireDefault
FN:19,_default
FN:28,handleCommand
FN:62,render
FNF:5
FNH:0
FNDA:0,(anonymous_0)
FNDA:0,_interopRequireDefault
FNDA:0,_default
FNDA:0,handleCommand
FNDA:0,render
DA:1,0
DA:4,0
DA:8,0
DA:10,0
DA:12,0
DA:14,0
DA:20,0
DA:29,0
DA:30,0
DA:31,0
DA:60,0
DA:61,0
DA:62,0
DA:63,0
LF:14
LH:0
BRDA:12,0,0,0
BRDA:12,0,1,0
BRDA:12,1,0,0
BRDA:12,1,1,0
BRDA:29,2,0,0
BRDA:29,2,1,0
BRDA:60,3,0,0
BRDA:60,3,1,0
BRDA:61,4,0,0
BRDA:61,4,1,0
BRDA:62,5,0,0
BRDA:62,5,1,0
BRF:12
BRH:0
end_of_record
TN:
SF:C:\Users\Petty\WebstormProjects\vue2-platform-ui\src\components\user\vp-user-preview.vue
FN:1,(anonymous_0)
FN:39,_default
FN:49,_default
FN:62,render
FN:62,(anonymous_4)
FNF:5
FNH:0
FNDA:0,(anonymous_0)
FNDA:0,_default
FNDA:0,_default
FNDA:0,render
FNDA:0,(anonymous_4)
DA:1,0
DA:4,0
DA:34,0
DA:40,0
DA:50,0
DA:60,0
DA:61,0
DA:62,0
DA:63,0
LF:9
LH:0
BRDA:60,0,0,0
BRDA:60,0,1,0
BRDA:61,1,0,0
BRDA:61,1,1,0
BRDA:62,2,0,0
BRDA:62,2,1,0
BRF:6
BRH:0
end_of_record
TN:
SF:C:\Users\Petty\WebstormProjects\vue2-platform-ui\src\components\user\vp-user-to-do-list.vue
FN:1,(anonymous_0)
FN:20,_interopRequireDefault
FN:28,data
FN:39,pageChange
FN:72,render
FNF:5
FNH:0
FNDA:0,(anonymous_0)
FNDA:0,_interopRequireDefault
FNDA:0,data
FNDA:0,pageChange
FNDA:0,render
DA:1,0
DA:4,0
DA:8,0
DA:10,0
DA:12,0
DA:14,0
DA:16,0
DA:18,0
DA:20,0
DA:22,0
DA:29,0
DA:40,0
DA:41,0
DA:70,0
DA:71,0
DA:72,0
DA:73,0
LF:17
LH:0
BRDA:20,0,0,0
BRDA:20,0,1,0
BRDA:20,1,0,0
BRDA:20,1,1,0
BRDA:70,2,0,0
BRDA:70,2,1,0
BRDA:71,3,0,0
BRDA:71,3,1,0
BRDA:72,4,0,0
BRDA:72,4,1,0
BRF:10
BRH:0
end_of_record
TN:
SF:C:\Users\Petty\WebstormProjects\vue2-platform-ui\src\components\user\vp-user-welcome.vue
FN:1,(anonymous_0)
FN:12,_interopRequireDefault
FN:68,render
FNF:3
FNH:0
FNDA:0,(anonymous_0)
FNDA:0,_interopRequireDefault
FNDA:0,render
DA:1,0
DA:4,0
DA:8,0
DA:10,0
DA:12,0
DA:14,0
DA:66,0
DA:67,0
DA:68,0
DA:69,0
LF:10
LH:0
BRDA:12,0,0,0
BRDA:12,0,1,0
BRDA:12,1,0,0
BRDA:12,1,1,0
BRDA:66,2,0,0
BRDA:66,2,1,0
BRDA:67,3,0,0
BRDA:67,3,1,0
BRDA:68,4,0,0
BRDA:68,4,1,0
BRF:10
BRH:0
end_of_record
TN:
SF:C:\Users\Petty\WebstormProjects\vue2-platform-ui\src\components\weather\vp-weather.vue
FN:1,(anonymous_0)
FN:45,render
FNF:2
FNH:0
FNDA:0,(anonymous_0)
FNDA:0,render
DA:1,0
DA:4,0
DA:38,0
DA:43,0
DA:44,0
DA:45,0
DA:46,0
LF:7
LH:0
BRDA:43,0,0,0
BRDA:43,0,1,0
BRDA:44,1,0,0
BRDA:44,1,1,0
BRDA:45,2,0,0
BRDA:45,2,1,0
BRF:6
BRH:0
end_of_record
TN:
SF:C:\Users\Petty\WebstormProjects\vue2-platform-ui\src\libs\utils.js
FN:1,_interopRequireDefault
FN:3,(anonymous_1)
FN:6,(anonymous_2)
FNF:3
FNH:0
FNDA:0,_interopRequireDefault
FNDA:0,(anonymous_1)
FNDA:0,(anonymous_2)
DA:1,0
DA:3,0
DA:5,0
DA:6,0
DA:7,0
DA:8,0
DA:11,0
DA:12,0
DA:14,0
DA:16,0
LF:10
LH:0
BRDA:1,0,0,0
BRDA:1,0,1,0
BRDA:1,1,0,0
BRDA:1,1,1,0
BRDA:7,2,0,0
BRDA:7,2,1,0
BRDA:11,3,0,0
BRDA:11,3,1,0
BRF:8
BRH:0
end_of_record
TN:
SF:C:\Users\Petty\WebstormProjects\vue2-platform-ui\src\my-theme\chartTheme.js
FNF:0
FNH:0
DA:1,0
DA:2,0
LF:2
LH:0
BRF:0
BRH:0
end_of_record
TN:
SF:C:\Users\Petty\WebstormProjects\vue2-platform-ui\src\pages\BasicForm.vue
FN:1,(anonymous_0)
FN:22,render
FNF:2
FNH:0
FNDA:0,(anonymous_0)
FNDA:0,render
DA:1,0
DA:4,0
DA:16,0
DA:20,0
DA:21,0
DA:22,0
DA:23,0
LF:7
LH:0
BRDA:20,0,0,0
BRDA:20,0,1,0
BRDA:21,1,0,0
BRDA:21,1,1,0
BRDA:22,2,0,0
BRDA:22,2,1,0
BRF:6
BRH:0
end_of_record
TN:
SF:C:\Users\Petty\WebstormProjects\vue2-platform-ui\src\pages\BasicTable.vue
FN:1,(anonymous_0)
FN:12,_interopRequireDefault
FN:19,data
FN:114,render
FNF:4
FNH:0
FNDA:0,(anonymous_0)
FNDA:0,_interopRequireDefault
FNDA:0,data
FNDA:0,render
DA:1,0
DA:4,0
DA:8,0
DA:10,0
DA:12,0
DA:14,0
DA:20,0
DA:112,0
DA:113,0
DA:114,0
DA:115,0
LF:11
LH:0
BRDA:12,0,0,0
BRDA:12,0,1,0
BRDA:12,1,0,0
BRDA:12,1,1,0
BRDA:112,2,0,0
BRDA:112,2,1,0
BRDA:113,3,0,0
BRDA:113,3,1,0
BRDA:114,4,0,0
BRDA:114,4,1,0
BRF:10
BRH:0
end_of_record
TN:
SF:C:\Users\Petty\WebstormProjects\vue2-platform-ui\src\pages\ChartJS.vue
FN:1,(anonymous_0)
FN:24,_interopRequireDefault
FN:64,render
FNF:3
FNH:0
FNDA:0,(anonymous_0)
FNDA:0,_interopRequireDefault
FNDA:0,render
DA:1,0
DA:4,0
DA:8,0
DA:10,0
DA:12,0
DA:14,0
DA:16,0
DA:18,0
DA:20,0
DA:22,0
DA:24,0
DA:52,0
DA:62,0
DA:63,0
DA:64,0
DA:65,0
LF:16
LH:0
BRDA:24,0,0,0
BRDA:24,0,1,0
BRDA:24,1,0,0
BRDA:24,1,1,0
BRDA:62,2,0,0
BRDA:62,2,1,0
BRDA:63,3,0,0
BRDA:63,3,1,0
BRDA:64,4,0,0
BRDA:64,4,1,0
BRF:10
BRH:0
end_of_record
TN:
SF:C:\Users\Petty\WebstormProjects\vue2-platform-ui\src\pages\DataAnalysis.vue
FN:1,(anonymous_0)
FN:32,_interopRequireDefault
FN:77,data
FN:84,render
FNF:4
FNH:0
FNDA:0,(anonymous_0)
FNDA:0,_interopRequireDefault
FNDA:0,data
FNDA:0,render
DA:1,0
DA:4,0
DA:8,0
DA:10,0
DA:12,0
DA:14,0
DA:16,0
DA:18,0
DA:20,0
DA:22,0
DA:24,0
DA:26,0
DA:28,0
DA:30,0
DA:32,0
DA:67,0
DA:78,0
DA:82,0
DA:83,0
DA:84,0
DA:85,0
LF:21
LH:0
BRDA:32,0,0,0
BRDA:32,0,1,0
BRDA:32,1,0,0
BRDA:32,1,1,0
BRDA:82,2,0,0
BRDA:82,2,1,0
BRDA:83,3,0,0
BRDA:83,3,1,0
BRDA:84,4,0,0
BRDA:84,4,1,0
BRF:10
BRH:0
end_of_record
TN:
SF:C:\Users\Petty\WebstormProjects\vue2-platform-ui\src\pages\Echarts.vue
FN:1,(anonymous_0)
FN:20,_interopRequireDefault
FN:29,data
FN:115,render
FNF:4
FNH:0
FNDA:0,(anonymous_0)
FNDA:0,_interopRequireDefault
FNDA:0,data
FNDA:0,render
DA:1,0
DA:4,0
DA:8,0
DA:10,0
DA:12,0
DA:14,0
DA:16,0
DA:18,0
DA:20,0
DA:22,0
DA:30,0
DA:113,0
DA:114,0
DA:115,0
DA:116,0
LF:15
LH:0
BRDA:20,0,0,0
BRDA:20,0,1,0
BRDA:20,1,0,0
BRDA:20,1,1,0
BRDA:113,2,0,0
BRDA:113,2,1,0
BRDA:114,3,0,0
BRDA:114,3,1,0
BRDA:115,4,0,0
BRDA:115,4,1,0
BRF:10
BRH:0
end_of_record
TN:
SF:C:\Users\Petty\WebstormProjects\vue2-platform-ui\src\pages\EditableTable.vue
FN:1,(anonymous_0)
FN:12,_interopRequireDefault
FN:20,add
FN:23,edit
FN:24,(anonymous_4)
FN:32,deletefn
FN:42,data
FN:144,render
FNF:8
FNH:0
FNDA:0,(anonymous_0)
FNDA:0,_interopRequireDefault
FNDA:0,add
FNDA:0,edit
FNDA:0,(anonymous_4)
FNDA:0,deletefn
FNDA:0,data
FNDA:0,render
DA:1,0
DA:4,0
DA:8,0
DA:10,0
DA:12,0
DA:14,0
DA:21,0
DA:24,0
DA:25,0
DA:26,0
DA:27,0
DA:33,0
DA:34,0
DA:35,0
DA:36,0
DA:43,0
DA:142,0
DA:143,0
DA:144,0
DA:145,0
LF:20
LH:0
BRDA:12,0,0,0
BRDA:12,0,1,0
BRDA:12,1,0,0
BRDA:12,1,1,0
BRDA:25,2,0,0
BRDA:25,2,1,0
BRDA:35,3,0,0
BRDA:35,3,1,0
BRDA:142,4,0,0
BRDA:142,4,1,0
BRDA:143,5,0,0
BRDA:143,5,1,0
BRDA:144,6,0,0
BRDA:144,6,1,0
BRF:14
BRH:0
end_of_record
TN:
SF:C:\Users\Petty\WebstormProjects\vue2-platform-ui\src\pages\Home.vue
FN:1,(anonymous_0)
FN:44,_interopRequireDefault
FN:59,data
FN:188,render
FNF:4
FNH:0
FNDA:0,(anonymous_0)
FNDA:0,_interopRequireDefault
FNDA:0,data
FNDA:0,render
DA:1,0
DA:4,0
DA:8,0
DA:10,0
DA:12,0
DA:14,0
DA:16,0
DA:18,0
DA:20,0
DA:22,0
DA:24,0
DA:26,0
DA:28,0
DA:30,0
DA:32,0
DA:34,0
DA:36,0
DA:38,0
DA:40,0
DA:42,0
DA:44,0
DA:46,0
DA:60,0
DA:186,0
DA:187,0
DA:188,0
DA:189,0
LF:27
LH:0
BRDA:44,0,0,0
BRDA:44,0,1,0
BRDA:44,1,0,0
BRDA:44,1,1,0
BRDA:186,2,0,0
BRDA:186,2,1,0
BRDA:187,3,0,0
BRDA:187,3,1,0
BRDA:188,4,0,0
BRDA:188,4,1,0
BRF:10
BRH:0
end_of_record
TN:
SF:C:\Users\Petty\WebstormProjects\vue2-platform-ui\src\pages\Icons.vue
FN:1,(anonymous_0)
FN:12,_interopRequireDefault
FN:1206,render
FNF:3
FNH:0
FNDA:0,(anonymous_0)
FNDA:0,_interopRequireDefault
FNDA:0,render
DA:1,0
DA:4,0
DA:8,0
DA:10,0
DA:12,0
DA:14,0
DA:1204,0
DA:1205,0
DA:1206,0
DA:1207,0
LF:10
LH:0
BRDA:12,0,0,0
BRDA:12,0,1,0
BRDA:12,1,0,0
BRDA:12,1,1,0
BRDA:1204,2,0,0
BRDA:1204,2,1,0
BRDA:1205,3,0,0
BRDA:1205,3,1,0
BRDA:1206,4,0,0
BRDA:1206,4,1,0
BRF:10
BRH:0
end_of_record
TN:
SF:C:\Users\Petty\WebstormProjects\vue2-platform-ui\src\pages\ImageList.vue
FN:1,(anonymous_0)
FN:12,_interopRequireDefault
FN:20,deletefn
FN:28,data
FN:126,render
FNF:5
FNH:0
FNDA:0,(anonymous_0)
FNDA:0,_interopRequireDefault
FNDA:0,deletefn
FNDA:0,data
FNDA:0,render
DA:1,0
DA:4,0
DA:8,0
DA:10,0
DA:12,0
DA:14,0
DA:21,0
DA:22,0
DA:23,0
DA:29,0
DA:124,0
DA:125,0
DA:126,0
DA:127,0
LF:14
LH:0
BRDA:12,0,0,0
BRDA:12,0,1,0
BRDA:12,1,0,0
BRDA:12,1,1,0
BRDA:22,2,0,0
BRDA:22,2,1,0
BRDA:124,3,0,0
BRDA:124,3,1,0
BRDA:125,4,0,0
BRDA:125,4,1,0
BRDA:126,5,0,0
BRDA:126,5,1,0
BRF:12
BRH:0
end_of_record
TN:
SF:C:\Users\Petty\WebstormProjects\vue2-platform-ui\src\pages\LockScreen.vue
FN:1,(anonymous_0)
FN:12,_interopRequireDefault
FN:28,render
FNF:3
FNH:0
FNDA:0,(anonymous_0)
FNDA:0,_interopRequireDefault
FNDA:0,render
DA:1,0
DA:4,0
DA:8,0
DA:10,0
DA:12,0
DA:14,0
DA:26,0
DA:27,0
DA:28,0
DA:29,0
LF:10
LH:0
BRDA:12,0,0,0
BRDA:12,0,1,0
BRDA:12,1,0,0
BRDA:12,1,1,0
BRDA:26,2,0,0
BRDA:26,2,1,0
BRDA:27,3,0,0
BRDA:27,3,1,0
BRDA:28,4,0,0
BRDA:28,4,1,0
BRF:10
BRH:0
end_of_record
TN:
SF:C:\Users\Petty\WebstormProjects\vue2-platform-ui\src\pages\Login.vue
FN:1,(anonymous_0)
FN:16,_interopRequireDefault
FN:45,render
FN:46,render
FNF:4
FNH:0
FNDA:0,(anonymous_0)
FNDA:0,_interopRequireDefault
FNDA:0,render
FNDA:0,render
DA:1,0
DA:4,0
DA:8,0
DA:10,0
DA:12,0
DA:14,0
DA:16,0
DA:35,0
DA:43,0
DA:44,0
DA:45,0
DA:46,0
LF:12
LH:0
BRDA:16,0,0,0
BRDA:16,0,1,0
BRDA:16,1,0,0
BRDA:16,1,1,0
BRDA:43,2,0,0
BRDA:43,2,1,0
BRDA:44,3,0,0
BRDA:44,3,1,0
BRDA:45,4,0,0
BRDA:45,4,1,0
BRDA:46,5,0,0
BRDA:46,5,1,0
BRF:12
BRH:0
end_of_record
TN:
SF:C:\Users\Petty\WebstormProjects\vue2-platform-ui\src\pages\Main.vue
FN:1,(anonymous_0)
FN:42,_interopRequireDefault
FN:59,handleFullScreen
FN:84,created
FN:90,$route
FN:94,data
FN:129,classes
FN:132,toggleButton
FN:136,mounted
FN:143,(anonymous_9)
FN:146,(anonymous_10)
FN:149,(anonymous_11)
FN:152,(anonymous_12)
FN:162,(anonymous_13)
FN:213,render
FNF:15
FNH:0
FNDA:0,(anonymous_0)
FNDA:0,_interopRequireDefault
FNDA:0,handleFullScreen
FNDA:0,created
FNDA:0,$route
FNDA:0,data
FNDA:0,classes
FNDA:0,toggleButton
FNDA:0,mounted
FNDA:0,(anonymous_9)
FNDA:0,(anonymous_10)
FNDA:0,(anonymous_11)
FNDA:0,(anonymous_12)
FNDA:0,(anonymous_13)
FNDA:0,render
DA:1,0
DA:4,0
DA:8,0
DA:10,0
DA:12,0
DA:14,0
DA:16,0
DA:18,0
DA:20,0
DA:22,0
DA:24,0
DA:26,0
DA:28,0
DA:30,0
DA:32,0
DA:34,0
DA:36,0
DA:38,0
DA:40,0
DA:42,0
DA:45,0
DA:60,0
DA:61,0
DA:62,0
DA:63,0
DA:64,0
DA:65,0
DA:66,0
DA:67,0
DA:68,0
DA:69,0
DA:72,0
DA:73,0
DA:74,0
DA:75,0
DA:76,0
DA:77,0
DA:78,0
DA:79,0
DA:85,0
DA:91,0
DA:95,0
DA:130,0
DA:133,0
DA:137,0
DA:139,0
DA:141,0
DA:143,0
DA:144,0
DA:146,0
DA:147,0
DA:149,0
DA:150,0
DA:152,0
DA:153,0
DA:155,0
DA:161,0
DA:162,0
DA:163,0
DA:164,0
DA:165,0
DA:166,0
DA:211,0
DA:212,0
DA:213,0
DA:214,0
LF:66
LH:0
BRDA:42,0,0,0
BRDA:42,0,1,0
BRDA:42,1,0,0
BRDA:42,1,1,0
BRDA:61,2,0,0
BRDA:61,2,1,0
BRDA:62,3,0,0
BRDA:62,3,1,0
BRDA:64,4,0,0
BRDA:64,4,1,0
BRDA:66,5,0,0
BRDA:66,5,1,0
BRDA:68,6,0,0
BRDA:68,6,1,0
BRDA:72,7,0,0
BRDA:72,7,1,0
BRDA:74,8,0,0
BRDA:74,8,1,0
BRDA:76,9,0,0
BRDA:76,9,1,0
BRDA:78,10,0,0
BRDA:78,10,1,0
BRDA:133,11,0,0
BRDA:133,11,1,0
BRDA:163,12,0,0
BRDA:163,12,1,0
BRDA:165,13,0,0
BRDA:165,13,1,0
BRDA:211,14,0,0
BRDA:211,14,1,0
BRDA:212,15,0,0
BRDA:212,15,1,0
BRDA:213,16,0,0
BRDA:213,16,1,0
BRDA:213,17,0,0
BRDA:213,17,1,0
BRF:36
BRH:0
end_of_record
TN:
SF:C:\Users\Petty\WebstormProjects\vue2-platform-ui\src\pages\Panels.vue
FN:1,(anonymous_0)
FN:12,_interopRequireDefault
FN:91,render
FNF:3
FNH:0
FNDA:0,(anonymous_0)
FNDA:0,_interopRequireDefault
FNDA:0,render
DA:1,0
DA:4,0
DA:8,0
DA:10,0
DA:12,0
DA:14,0
DA:89,0
DA:90,0
DA:91,0
DA:92,0
LF:10
LH:0
BRDA:12,0,0,0
BRDA:12,0,1,0
BRDA:12,1,0,0
BRDA:12,1,1,0
BRDA:89,2,0,0
BRDA:89,2,1,0
BRDA:90,3,0,0
BRDA:90,3,1,0
BRDA:91,4,0,0
BRDA:91,4,1,0
BRF:10
BRH:0
end_of_record
TN:
SF:C:\Users\Petty\WebstormProjects\vue2-platform-ui\src\pages\QuillEditor.vue
FN:1,(anonymous_0)
FN:16,_interopRequireDefault
FN:42,data
FN:49,showContent
FN:57,render
FNF:5
FNH:0
FNDA:0,(anonymous_0)
FNDA:0,_interopRequireDefault
FNDA:0,data
FNDA:0,showContent
FNDA:0,render
DA:1,0
DA:4,0
DA:8,0
DA:10,0
DA:12,0
DA:14,0
DA:16,0
DA:39,0
DA:43,0
DA:50,0
DA:55,0
DA:56,0
DA:57,0
DA:58,0
LF:14
LH:0
BRDA:16,0,0,0
BRDA:16,0,1,0
BRDA:16,1,0,0
BRDA:16,1,1,0
BRDA:55,2,0,0
BRDA:55,2,1,0
BRDA:56,3,0,0
BRDA:56,3,1,0
BRDA:57,4,0,0
BRDA:57,4,1,0
BRF:10
BRH:0
end_of_record
TN:
SF:C:\Users\Petty\WebstormProjects\vue2-platform-ui\src\pages\SimplemdeEditor.vue
FN:1,(anonymous_0)
FN:12,_interopRequireDefault
FN:34,render
FNF:3
FNH:0
FNDA:0,(anonymous_0)
FNDA:0,_interopRequireDefault
FNDA:0,render
DA:1,0
DA:4,0
DA:8,0
DA:10,0
DA:12,0
DA:14,0
DA:32,0
DA:33,0
DA:34,0
DA:35,0
LF:10
LH:0
BRDA:12,0,0,0
BRDA:12,0,1,0
BRDA:12,1,0,0
BRDA:12,1,1,0
BRDA:32,2,0,0
BRDA:32,2,1,0
BRDA:33,3,0,0
BRDA:33,3,1,0
BRDA:34,4,0,0
BRDA:34,4,1,0
BRF:10
BRH:0
end_of_record
TN:
SF:C:\Users\Petty\WebstormProjects\vue2-platform-ui\src\pages\StepForm.vue
FN:1,(anonymous_0)
FN:22,render
FNF:2
FNH:0
FNDA:0,(anonymous_0)
FNDA:0,render
DA:1,0
DA:4,0
DA:16,0
DA:20,0
DA:21,0
DA:22,0
DA:23,0
LF:7
LH:0
BRDA:20,0,0,0
BRDA:20,0,1,0
BRDA:21,1,0,0
BRDA:21,1,1,0
BRDA:22,2,0,0
BRDA:22,2,1,0
BRF:6
BRH:0
end_of_record
TN:
SF:C:\Users\Petty\WebstormProjects\vue2-platform-ui\src\pages\Widget.vue
FN:1,(anonymous_0)
FN:24,_interopRequireDefault
FN:74,data
FN:157,render
FN:157,(anonymous_4)
FN:157,(anonymous_5)
FNF:6
FNH:0
FNDA:0,(anonymous_0)
FNDA:0,_interopRequireDefault
FNDA:0,data
FNDA:0,render
FNDA:0,(anonymous_4)
FNDA:0,(anonymous_5)
DA:1,0
DA:4,0
DA:8,0
DA:10,0
DA:12,0
DA:14,0
DA:16,0
DA:18,0
DA:20,0
DA:22,0
DA:24,0
DA:66,0
DA:75,0
DA:155,0
DA:156,0
DA:157,0
DA:158,0
LF:17
LH:0
BRDA:24,0,0,0
BRDA:24,0,1,0
BRDA:24,1,0,0
BRDA:24,1,1,0
BRDA:155,2,0,0
BRDA:155,2,1,0
BRDA:156,3,0,0
BRDA:156,3,1,0
BRDA:157,4,0,0
BRDA:157,4,1,0
BRF:10
BRH:0
end_of_record
TN:
SF:C:\Users\Petty\WebstormProjects\vue2-platform-ui\src\router\router.js
FN:1,_interopRequireDefault
FN:14,component
FN:28,component
FN:44,component
FN:51,component
FN:65,component
FN:81,component
FN:88,component
FN:102,component
FN:118,component
FN:125,component
FN:140,component
FN:156,component
FN:163,component
FN:178,component
FN:189,component
FN:195,component
FNF:17
FNH:0
FNDA:0,_interopRequireDefault
FNDA:0,component
FNDA:0,component
FNDA:0,component
FNDA:0,component
FNDA:0,component
FNDA:0,component
FNDA:0,component
FNDA:0,component
FNDA:0,component
FNDA:0,component
FNDA:0,component
FNDA:0,component
FNDA:0,component
FNDA:0,component
FNDA:0,component
FNDA:0,component
DA:1,0
DA:3,0
DA:14,0
DA:28,0
DA:44,0
DA:51,0
DA:65,0
DA:81,0
DA:88,0
DA:102,0
DA:118,0
DA:125,0
DA:140,0
DA:156,0
DA:163,0
DA:169,0
DA:178,0
DA:183,0
DA:189,0
DA:192,0
DA:195,0
DA:198,0
LF:22
LH:0
BRDA:1,0,0,0
BRDA:1,0,1,0
BRDA:1,1,0,0
BRDA:1,1,1,0
BRF:4
BRH:0
end_of_record
TN:
SF:C:\Users\Petty\WebstormProjects\vue2-platform-ui\src\vuex\actions.js
FN:2,increment
FNF:1
FNH:0
FNDA:0,increment
DA:1,0
DA:3,0
DA:4,0
LF:3
LH:0
BRF:0
BRH:0
end_of_record
TN:
SF:C:\Users\Petty\WebstormProjects\vue2-platform-ui\src\vuex\getters.js
FN:2,increment
FNF:1
FNH:0
FNDA:0,increment
DA:1,0
DA:2,0
LF:2
LH:0
BRF:0
BRH:0
end_of_record
TN:
SF:C:\Users\Petty\WebstormProjects\vue2-platform-ui\src\vuex\mutations.js
FN:2,increment
FNF:1
FNH:0
FNDA:0,increment
DA:1,0
DA:3,0
DA:4,0
LF:3
LH:0
BRF:0
BRH:0
end_of_record
TN:
SF:C:\Users\Petty\WebstormProjects\vue2-platform-ui\src\vuex\store.js
FN:8,_interopRequireDefault
FNF:1
FNH:0
FNDA:0,_interopRequireDefault
DA:1,0
DA:2,0
DA:4,0
DA:5,0
DA:6,0
DA:8,0
DA:10,0
DA:12,0
DA:16,0
DA:23,0
LF:10
LH:0
BRDA:8,0,0,0
BRDA:8,0,1,0
BRDA:8,1,0,0
BRDA:8,1,1,0
BRF:4
BRH:0
end_of_record
TN:
SF:C:\Users\Petty\WebstormProjects\vue2-platform-ui\src\vuex\modules\home.js
FN:3,_interopRequireDefault
FN:31,getToggleMenu
FN:40,getMenuList
FN:41,getBreadcrumbList
FN:42,getOpenPageList
FN:55,toggleMenu
FN:62,setToggleMenu
FN:68,toggleMenu
FN:75,updateMenuList
FN:78,updateOpenPageList
FN:88,(anonymous_10)
FN:103,(anonymous_11)
FN:125,closeAllTags
FN:132,closeOtherTags
FN:135,(anonymous_14)
FN:148,closeTag
FN:149,(anonymous_16)
FNF:17
FNH:0
FNDA:0,_interopRequireDefault
FNDA:0,getToggleMenu
FNDA:0,getMenuList
FNDA:0,getBreadcrumbList
FNDA:0,getOpenPageList
FNDA:0,toggleMenu
FNDA:0,setToggleMenu
FNDA:0,toggleMenu
FNDA:0,updateMenuList
FNDA:0,updateOpenPageList
FNDA:0,(anonymous_10)
FNDA:0,(anonymous_11)
FNDA:0,closeAllTags
FNDA:0,closeOtherTags
FNDA:0,(anonymous_14)
FNDA:0,closeTag
FNDA:0,(anonymous_16)
DA:1,0
DA:2,0
DA:3,0
DA:6,0
DA:30,0
DA:32,0
DA:33,0
DA:34,0
DA:36,0
DA:38,0
DA:40,0
DA:41,0
DA:43,0
DA:44,0
DA:45,0
DA:46,0
DA:49,0
DA:54,0
DA:56,0
DA:61,0
DA:63,0
DA:64,0
DA:65,0
DA:69,0
DA:70,0
DA:72,0
DA:73,0
DA:76,0
DA:79,0
DA:80,0
DA:82,0
DA:87,0
DA:88,0
DA:89,0
DA:90,0
DA:91,0
DA:92,0
DA:93,0
DA:99,0
DA:100,0
DA:103,0
DA:104,0
DA:105,0
DA:106,0
DA:107,0
DA:111,0
DA:117,0
DA:118,0
DA:119,0
DA:126,0
DA:129,0
DA:130,0
DA:133,0
DA:134,0
DA:135,0
DA:136,0
DA:137,0
DA:140,0
DA:141,0
DA:143,0
DA:144,0
DA:146,0
DA:149,0
DA:150,0
DA:151,0
DA:154,0
DA:155,0
LF:67
LH:0
BRDA:3,0,0,0
BRDA:3,0,1,0
BRDA:3,1,0,0
BRDA:3,1,1,0
BRDA:33,2,0,0
BRDA:33,2,1,0
BRDA:43,3,0,0
BRDA:43,3,1,0
BRDA:45,4,0,0
BRDA:45,4,1,0
BRDA:63,5,0,0
BRDA:63,5,1,0
BRDA:90,6,0,0
BRDA:90,6,1,0
BRDA:92,7,0,0
BRDA:92,7,1,0
BRDA:106,8,0,0
BRDA:106,8,1,0
BRDA:136,9,0,0
BRDA:136,9,1,0
BRDA:140,10,0,0
BRDA:140,10,1,0
BRDA:150,11,0,0
BRDA:150,11,1,0
BRF:24
BRH:0
end_of_record
